
WISCalculator v1.0
Author Derek Hower (drh5@cs.wisc.edu)
Type "help" for more information

Loading program...
Executing...
lbi r0, -128
INUM:        0 PC: 0x0000 REG: 0 VALUE: 0xff80
slbi r0, 19
INUM:        1 PC: 0x0002 REG: 0 VALUE: 0x8013
lbi r1, -84
INUM:        2 PC: 0x0004 REG: 1 VALUE: 0xffac
slbi r1, 118
INUM:        3 PC: 0x0006 REG: 1 VALUE: 0xac76
lbi r2, 107
INUM:        4 PC: 0x0008 REG: 2 VALUE: 0x006b
slbi r2, 61
INUM:        5 PC: 0x000a REG: 2 VALUE: 0x6b3d
lbi r3, -93
INUM:        6 PC: 0x000c REG: 3 VALUE: 0xffa3
slbi r3, 20
INUM:        7 PC: 0x000e REG: 3 VALUE: 0xa314
lbi r4, 69
INUM:        8 PC: 0x0010 REG: 4 VALUE: 0x0045
slbi r4, -104
INUM:        9 PC: 0x0012 REG: 4 VALUE: 0x4598
lbi r5, 20
INUM:       10 PC: 0x0014 REG: 5 VALUE: 0x0014
slbi r5, -4
INUM:       11 PC: 0x0016 REG: 5 VALUE: 0x14fc
lbi r6, -29
INUM:       12 PC: 0x0018 REG: 6 VALUE: 0xffe3
slbi r6, -114
INUM:       13 PC: 0x001a REG: 6 VALUE: 0xe38e
lbi r7, -54
INUM:       14 PC: 0x001c REG: 7 VALUE: 0xffca
slbi r7, -101
INUM:       15 PC: 0x001e REG: 7 VALUE: 0xca9b
nop
INUM:       16 PC: 0x0020
btr r4, r5
INUM:       17 PC: 0x0022 REG: 4 VALUE: 0x3f28
nop
INUM:       18 PC: 0x0024
btr r2, r5
INUM:       19 PC: 0x0026 REG: 2 VALUE: 0x3f28
nop
INUM:       20 PC: 0x0028
btr r5, r1
INUM:       21 PC: 0x002a REG: 5 VALUE: 0x6e35
nop
INUM:       22 PC: 0x002c
btr r2, r0
INUM:       23 PC: 0x002e REG: 2 VALUE: 0xc801
nop
INUM:       24 PC: 0x0030
btr r2, r0
INUM:       25 PC: 0x0032 REG: 2 VALUE: 0xc801
nop
INUM:       26 PC: 0x0034
btr r1, r3
INUM:       27 PC: 0x0036 REG: 1 VALUE: 0x28c5
nop
INUM:       28 PC: 0x0038
btr r7, r6
INUM:       29 PC: 0x003a REG: 7 VALUE: 0x71c7
nop
INUM:       30 PC: 0x003c
btr r2, r2
INUM:       31 PC: 0x003e REG: 2 VALUE: 0x8013
nop
INUM:       32 PC: 0x0040
btr r2, r2
INUM:       33 PC: 0x0042 REG: 2 VALUE: 0xc801
nop
INUM:       34 PC: 0x0044
btr r3, r3
INUM:       35 PC: 0x0046 REG: 3 VALUE: 0x28c5
nop
INUM:       36 PC: 0x0048
btr r2, r1
INUM:       37 PC: 0x004a REG: 2 VALUE: 0xa314
nop
INUM:       38 PC: 0x004c
btr r0, r2
INUM:       39 PC: 0x004e REG: 0 VALUE: 0x28c5
nop
INUM:       40 PC: 0x0050
btr r7, r0
INUM:       41 PC: 0x0052 REG: 7 VALUE: 0xa314
nop
INUM:       42 PC: 0x0054
btr r2, r2
INUM:       43 PC: 0x0056 REG: 2 VALUE: 0x28c5
nop
INUM:       44 PC: 0x0058
btr r5, r4
INUM:       45 PC: 0x005a REG: 5 VALUE: 0x14fc
nop
INUM:       46 PC: 0x005c
btr r1, r2
INUM:       47 PC: 0x005e REG: 1 VALUE: 0xa314
halt
program halted
INUM:       48 PC: 0x0060
Program Finished
