INUM:        0 PC: 0x0000 REG: 0 VALUE: 0xff80
INUM:        1 PC: 0x0002 REG: 0 VALUE: 0x8013
INUM:        2 PC: 0x0004 REG: 1 VALUE: 0xffac
INUM:        3 PC: 0x0006 REG: 1 VALUE: 0xac76
INUM:        4 PC: 0x0008 REG: 2 VALUE: 0x006b
INUM:        5 PC: 0x000a REG: 2 VALUE: 0x6b3d
INUM:        6 PC: 0x000c REG: 3 VALUE: 0xffa3
INUM:        7 PC: 0x000e REG: 3 VALUE: 0xa314
INUM:        8 PC: 0x0010 REG: 4 VALUE: 0x0045
INUM:        9 PC: 0x0012 REG: 4 VALUE: 0x4598
INUM:       10 PC: 0x0014 REG: 5 VALUE: 0x0014
INUM:       11 PC: 0x0016 REG: 5 VALUE: 0x14fc
INUM:       12 PC: 0x0018 REG: 6 VALUE: 0xffe3
INUM:       13 PC: 0x001a REG: 6 VALUE: 0xe38e
INUM:       14 PC: 0x001c REG: 7 VALUE: 0xffca
INUM:       15 PC: 0x001e REG: 7 VALUE: 0xca9b
INUM:       16 PC: 0x0020
INUM:       17 PC: 0x0022 REG: 4 VALUE: 0x3f28
INUM:       18 PC: 0x0024
INUM:       19 PC: 0x0026 REG: 2 VALUE: 0x3f28
INUM:       20 PC: 0x0028
INUM:       21 PC: 0x002a REG: 5 VALUE: 0x6e35
INUM:       22 PC: 0x002c
INUM:       23 PC: 0x002e REG: 2 VALUE: 0xc801
INUM:       24 PC: 0x0030
INUM:       25 PC: 0x0032 REG: 2 VALUE: 0xc801
INUM:       26 PC: 0x0034
INUM:       27 PC: 0x0036 REG: 1 VALUE: 0x28c5
INUM:       28 PC: 0x0038
INUM:       29 PC: 0x003a REG: 7 VALUE: 0x71c7
INUM:       30 PC: 0x003c
INUM:       31 PC: 0x003e REG: 2 VALUE: 0x8013
INUM:       32 PC: 0x0040
INUM:       33 PC: 0x0042 REG: 2 VALUE: 0xc801
INUM:       34 PC: 0x0044
INUM:       35 PC: 0x0046 REG: 3 VALUE: 0x28c5
INUM:       36 PC: 0x0048
INUM:       37 PC: 0x004a REG: 2 VALUE: 0xa314
INUM:       38 PC: 0x004c
INUM:       39 PC: 0x004e REG: 0 VALUE: 0x28c5
INUM:       40 PC: 0x0050
INUM:       41 PC: 0x0052 REG: 7 VALUE: 0xa314
INUM:       42 PC: 0x0054
INUM:       43 PC: 0x0056 REG: 2 VALUE: 0x28c5
INUM:       44 PC: 0x0058
INUM:       45 PC: 0x005a REG: 5 VALUE: 0x14fc
INUM:       46 PC: 0x005c
INUM:       47 PC: 0x005e REG: 1 VALUE: 0xa314
INUM:       48 PC: 0x0060
