/u/k/a/karu//courses/cs552/spring2013/handouts/testprograms/public/inst_tests/add_0.asm SUCCESS CPI:1.9 CYCLES:15 ICOUNT:8 IHITRATE: 0 DHITRATE: 0
/u/k/a/karu//courses/cs552/spring2013/handouts/testprograms/public/inst_tests/add_1.asm SUCCESS CPI:3.3 CYCLES:10 ICOUNT:3 IHITRATE: 0 DHITRATE: 0
/u/k/a/karu//courses/cs552/spring2013/handouts/testprograms/public/inst_tests/add_2.asm SUCCESS CPI:3.3 CYCLES:10 ICOUNT:3 IHITRATE: 0 DHITRATE: 0
/u/k/a/karu//courses/cs552/spring2013/handouts/testprograms/public/inst_tests/addi_0.asm SUCCESS CPI:4.5 CYCLES:9 ICOUNT:2 IHITRATE: 0 DHITRATE: 0
/u/k/a/karu//courses/cs552/spring2013/handouts/testprograms/public/inst_tests/addi_1.asm SUCCESS CPI:4.5 CYCLES:9 ICOUNT:2 IHITRATE: 0 DHITRATE: 0
/u/k/a/karu//courses/cs552/spring2013/handouts/testprograms/public/inst_tests/addi_2.asm SUCCESS CPI:4.5 CYCLES:9 ICOUNT:2 IHITRATE: 0 DHITRATE: 0
/u/k/a/karu//courses/cs552/spring2013/handouts/testprograms/public/inst_tests/addi_3.asm SUCCESS CPI:3.3 CYCLES:10 ICOUNT:3 IHITRATE: 0 DHITRATE: 0
/u/k/a/karu//courses/cs552/spring2013/handouts/testprograms/public/inst_tests/andn_0.asm SUCCESS CPI:2.4 CYCLES:12 ICOUNT:5 IHITRATE: 0 DHITRATE: 0
/u/k/a/karu//courses/cs552/spring2013/handouts/testprograms/public/inst_tests/andn_1.asm SUCCESS CPI:2.4 CYCLES:12 ICOUNT:5 IHITRATE: 0 DHITRATE: 0
/u/k/a/karu//courses/cs552/spring2013/handouts/testprograms/public/inst_tests/andn_2.asm SUCCESS CPI:4.5 CYCLES:9 ICOUNT:2 IHITRATE: 0 DHITRATE: 0
/u/k/a/karu//courses/cs552/spring2013/handouts/testprograms/public/inst_tests/andni_0.asm SUCCESS CPI:4.5 CYCLES:9 ICOUNT:2 IHITRATE: 0 DHITRATE: 0
/u/k/a/karu//courses/cs552/spring2013/handouts/testprograms/public/inst_tests/andni_1.asm SUCCESS CPI:4.5 CYCLES:9 ICOUNT:2 IHITRATE: 0 DHITRATE: 0
/u/k/a/karu//courses/cs552/spring2013/handouts/testprograms/public/inst_tests/andni_2.asm SUCCESS CPI:4.5 CYCLES:9 ICOUNT:2 IHITRATE: 0 DHITRATE: 0
/u/k/a/karu//courses/cs552/spring2013/handouts/testprograms/public/inst_tests/andni_3.asm SUCCESS CPI:4.5 CYCLES:9 ICOUNT:2 IHITRATE: 0 DHITRATE: 0
/u/k/a/karu//courses/cs552/spring2013/handouts/testprograms/public/inst_tests/andni_4.asm SUCCESS CPI:4.5 CYCLES:9 ICOUNT:2 IHITRATE: 0 DHITRATE: 0
/u/k/a/karu//courses/cs552/spring2013/handouts/testprograms/public/inst_tests/beqz_0.asm SUCCESS CPI:2.2 CYCLES:20 ICOUNT:9 IHITRATE: 0 DHITRATE: 0
/u/k/a/karu//courses/cs552/spring2013/handouts/testprograms/public/inst_tests/bltz_0.asm SUCCESS CPI:6.0 CYCLES:12 ICOUNT:2 IHITRATE: 0 DHITRATE: 0
/u/k/a/karu//courses/cs552/spring2013/handouts/testprograms/public/inst_tests/bltz_1.asm SUCCESS CPI:3.7 CYCLES:11 ICOUNT:3 IHITRATE: 0 DHITRATE: 0
/u/k/a/karu//courses/cs552/spring2013/handouts/testprograms/public/inst_tests/bltz_2.asm SUCCESS CPI:3.7 CYCLES:11 ICOUNT:3 IHITRATE: 0 DHITRATE: 0
/u/k/a/karu//courses/cs552/spring2013/handouts/testprograms/public/inst_tests/bltz_3.asm SUCCESS CPI:7.5 CYCLES:15 ICOUNT:2 IHITRATE: 0 DHITRATE: 0
/u/k/a/karu//courses/cs552/spring2013/handouts/testprograms/public/inst_tests/bnez_0.asm SUCCESS CPI:4.5 CYCLES:9 ICOUNT:2 IHITRATE: 0 DHITRATE: 0
/u/k/a/karu//courses/cs552/spring2013/handouts/testprograms/public/inst_tests/bnez_2.asm SUCCESS CPI:5.5 CYCLES:11 ICOUNT:2 IHITRATE: 0 DHITRATE: 0
/u/k/a/karu//courses/cs552/spring2013/handouts/testprograms/public/inst_tests/bnez_3.asm SUCCESS CPI:5.5 CYCLES:11 ICOUNT:2 IHITRATE: 0 DHITRATE: 0
/u/k/a/karu//courses/cs552/spring2013/handouts/testprograms/public/inst_tests/bnez_4.asm SUCCESS CPI:5.5 CYCLES:11 ICOUNT:2 IHITRATE: 0 DHITRATE: 0
/u/k/a/karu//courses/cs552/spring2013/handouts/testprograms/public/inst_tests/bnez_5.asm SUCCESS CPI:4.3 CYCLES:13 ICOUNT:3 IHITRATE: 0 DHITRATE: 0
/u/k/a/karu//courses/cs552/spring2013/handouts/testprograms/public/inst_tests/bnez_6.asm SUCCESS CPI:6.0 CYCLES:12 ICOUNT:2 IHITRATE: 0 DHITRATE: 0
/u/k/a/karu//courses/cs552/spring2013/handouts/testprograms/public/inst_tests/btr_0.asm SUCCESS CPI:3.3 CYCLES:10 ICOUNT:3 IHITRATE: 0 DHITRATE: 0
/u/k/a/karu//courses/cs552/spring2013/handouts/testprograms/public/inst_tests/btr_1.asm SUCCESS CPI:3.3 CYCLES:10 ICOUNT:3 IHITRATE: 0 DHITRATE: 0
/u/k/a/karu//courses/cs552/spring2013/handouts/testprograms/public/inst_tests/btr_2.asm SUCCESS CPI:3.3 CYCLES:10 ICOUNT:3 IHITRATE: 0 DHITRATE: 0
/u/k/a/karu//courses/cs552/spring2013/handouts/testprograms/public/inst_tests/btr_3.asm SUCCESS CPI:3.3 CYCLES:10 ICOUNT:3 IHITRATE: 0 DHITRATE: 0
/u/k/a/karu//courses/cs552/spring2013/handouts/testprograms/public/inst_tests/btr_4.asm SUCCESS CPI:3.3 CYCLES:10 ICOUNT:3 IHITRATE: 0 DHITRATE: 0
/u/k/a/karu//courses/cs552/spring2013/handouts/testprograms/public/inst_tests/btr_5.asm SUCCESS CPI:3.3 CYCLES:10 ICOUNT:3 IHITRATE: 0 DHITRATE: 0
/u/k/a/karu//courses/cs552/spring2013/handouts/testprograms/public/inst_tests/btr_6.asm SUCCESS CPI:3.3 CYCLES:10 ICOUNT:3 IHITRATE: 0 DHITRATE: 0
/u/k/a/karu//courses/cs552/spring2013/handouts/testprograms/public/inst_tests/btr_7.asm SUCCESS CPI:3.3 CYCLES:10 ICOUNT:3 IHITRATE: 0 DHITRATE: 0
/u/k/a/karu//courses/cs552/spring2013/handouts/testprograms/public/inst_tests/btr_8.asm SUCCESS CPI:3.3 CYCLES:10 ICOUNT:3 IHITRATE: 0 DHITRATE: 0
/u/k/a/karu//courses/cs552/spring2013/handouts/testprograms/public/inst_tests/j_0.asm SUCCESS CPI:5.3 CYCLES:16 ICOUNT:3 IHITRATE: 0 DHITRATE: 0
/u/k/a/karu//courses/cs552/spring2013/handouts/testprograms/public/inst_tests/j_1.asm SUCCESS CPI:5.3 CYCLES:16 ICOUNT:3 IHITRATE: 0 DHITRATE: 0
/u/k/a/karu//courses/cs552/spring2013/handouts/testprograms/public/inst_tests/j_2.asm SUCCESS CPI:10.9 CYCLES:11 ICOUNT:1 IHITRATE: 0 DHITRATE: 0
/u/k/a/karu//courses/cs552/spring2013/handouts/testprograms/public/inst_tests/j_3.asm SUCCESS CPI:9.9 CYCLES:10 ICOUNT:1 IHITRATE: 0 DHITRATE: 0
/u/k/a/karu//courses/cs552/spring2013/handouts/testprograms/public/inst_tests/j_4.asm SUCCESS CPI:4.4 CYCLES:22 ICOUNT:5 IHITRATE: 0 DHITRATE: 0
/u/k/a/karu//courses/cs552/spring2013/handouts/testprograms/public/inst_tests/jal_0.asm SUCCESS CPI:5.5 CYCLES:11 ICOUNT:2 IHITRATE: 0 DHITRATE: 0
/u/k/a/karu//courses/cs552/spring2013/handouts/testprograms/public/inst_tests/jal_1.asm SUCCESS CPI:5.3 CYCLES:16 ICOUNT:3 IHITRATE: 0 DHITRATE: 0
/u/k/a/karu//courses/cs552/spring2013/handouts/testprograms/public/inst_tests/jal_10.asm SUCCESS CPI:5.0 CYCLES:10 ICOUNT:2 IHITRATE: 0 DHITRATE: 0
/u/k/a/karu//courses/cs552/spring2013/handouts/testprograms/public/inst_tests/jal_11.asm SUCCESS CPI:2.7 CYCLES:16 ICOUNT:6 IHITRATE: 0 DHITRATE: 0
/u/k/a/karu//courses/cs552/spring2013/handouts/testprograms/public/inst_tests/jal_12.asm SUCCESS CPI:4.0 CYCLES:16 ICOUNT:4 IHITRATE: 0 DHITRATE: 0
/u/k/a/karu//courses/cs552/spring2013/handouts/testprograms/public/inst_tests/jal_15.asm SUCCESS CPI:5.0 CYCLES:10 ICOUNT:2 IHITRATE: 0 DHITRATE: 0
/u/k/a/karu//courses/cs552/spring2013/handouts/testprograms/public/inst_tests/jal_16.asm SUCCESS CPI:5.0 CYCLES:10 ICOUNT:2 IHITRATE: 0 DHITRATE: 0
/u/k/a/karu//courses/cs552/spring2013/handouts/testprograms/public/inst_tests/jal_17.asm SUCCESS CPI:4.3 CYCLES:13 ICOUNT:3 IHITRATE: 0 DHITRATE: 0
/u/k/a/karu//courses/cs552/spring2013/handouts/testprograms/public/inst_tests/jal_19.asm SUCCESS CPI:2.8 CYCLES:14 ICOUNT:5 IHITRATE: 0 DHITRATE: 0
/u/k/a/karu//courses/cs552/spring2013/handouts/testprograms/public/inst_tests/jal_2.asm SUCCESS CPI:5.5 CYCLES:11 ICOUNT:2 IHITRATE: 0 DHITRATE: 0
/u/k/a/karu//courses/cs552/spring2013/handouts/testprograms/public/inst_tests/jal_22.asm SUCCESS CPI:5.0 CYCLES:10 ICOUNT:2 IHITRATE: 0 DHITRATE: 0
/u/k/a/karu//courses/cs552/spring2013/handouts/testprograms/public/inst_tests/jal_24.asm SUCCESS CPI:5.0 CYCLES:10 ICOUNT:2 IHITRATE: 0 DHITRATE: 0
/u/k/a/karu//courses/cs552/spring2013/handouts/testprograms/public/inst_tests/jal_25.asm SUCCESS CPI:5.0 CYCLES:10 ICOUNT:2 IHITRATE: 0 DHITRATE: 0
/u/k/a/karu//courses/cs552/spring2013/handouts/testprograms/public/inst_tests/jal_26.asm SUCCESS CPI:3.5 CYCLES:21 ICOUNT:6 IHITRATE: 0 DHITRATE: 0
/u/k/a/karu//courses/cs552/spring2013/handouts/testprograms/public/inst_tests/jal_27.asm SUCCESS CPI:3.7 CYCLES:15 ICOUNT:4 IHITRATE: 0 DHITRATE: 0
/u/k/a/karu//courses/cs552/spring2013/handouts/testprograms/public/inst_tests/jal_28.asm SUCCESS CPI:5.0 CYCLES:10 ICOUNT:2 IHITRATE: 0 DHITRATE: 0
/u/k/a/karu//courses/cs552/spring2013/handouts/testprograms/public/inst_tests/jal_29.asm SUCCESS CPI:5.0 CYCLES:10 ICOUNT:2 IHITRATE: 0 DHITRATE: 0
/u/k/a/karu//courses/cs552/spring2013/handouts/testprograms/public/inst_tests/jal_3.asm SUCCESS CPI:5.5 CYCLES:11 ICOUNT:2 IHITRATE: 0 DHITRATE: 0
/u/k/a/karu//courses/cs552/spring2013/handouts/testprograms/public/inst_tests/jal_30.asm SUCCESS CPI:3.1 CYCLES:22 ICOUNT:7 IHITRATE: 0 DHITRATE: 0
/u/k/a/karu//courses/cs552/spring2013/handouts/testprograms/public/inst_tests/jal_31.asm SUCCESS CPI:4.0 CYCLES:16 ICOUNT:4 IHITRATE: 0 DHITRATE: 0
/u/k/a/karu//courses/cs552/spring2013/handouts/testprograms/public/inst_tests/jal_32.asm SUCCESS CPI:5.0 CYCLES:10 ICOUNT:2 IHITRATE: 0 DHITRATE: 0
/u/k/a/karu//courses/cs552/spring2013/handouts/testprograms/public/inst_tests/jal_33.asm SUCCESS CPI:5.0 CYCLES:10 ICOUNT:2 IHITRATE: 0 DHITRATE: 0
/u/k/a/karu//courses/cs552/spring2013/handouts/testprograms/public/inst_tests/jal_35.asm SUCCESS CPI:3.2 CYCLES:13 ICOUNT:4 IHITRATE: 0 DHITRATE: 0
/u/k/a/karu//courses/cs552/spring2013/handouts/testprograms/public/inst_tests/jal_36.asm SUCCESS CPI:2.5 CYCLES:20 ICOUNT:8 IHITRATE: 0 DHITRATE: 0
/u/k/a/karu//courses/cs552/spring2013/handouts/testprograms/public/inst_tests/jal_4.asm SUCCESS CPI:4.0 CYCLES:12 ICOUNT:3 IHITRATE: 0 DHITRATE: 0
/u/k/a/karu//courses/cs552/spring2013/handouts/testprograms/public/inst_tests/jal_5.asm SUCCESS CPI:4.7 CYCLES:19 ICOUNT:4 IHITRATE: 0 DHITRATE: 0
/u/k/a/karu//courses/cs552/spring2013/handouts/testprograms/public/inst_tests/jal_6.asm SUCCESS CPI:3.4 CYCLES:17 ICOUNT:5 IHITRATE: 0 DHITRATE: 0
/u/k/a/karu//courses/cs552/spring2013/handouts/testprograms/public/inst_tests/jal_8.asm SUCCESS CPI:5.5 CYCLES:11 ICOUNT:2 IHITRATE: 0 DHITRATE: 0
/u/k/a/karu//courses/cs552/spring2013/handouts/testprograms/public/inst_tests/jalr_0.asm SUCCESS CPI:5.0 CYCLES:15 ICOUNT:3 IHITRATE: 0 DHITRATE: 0
/u/k/a/karu//courses/cs552/spring2013/handouts/testprograms/public/inst_tests/jalr_1.asm SUCCESS CPI:4.3 CYCLES:13 ICOUNT:3 IHITRATE: 0 DHITRATE: 0
/u/k/a/karu//courses/cs552/spring2013/handouts/testprograms/public/inst_tests/jalr_11.asm FAILED
/u/k/a/karu//courses/cs552/spring2013/handouts/testprograms/public/inst_tests/jalr_12.asm SUCCESS CPI:3.5 CYCLES:14 ICOUNT:4 IHITRATE: 0 DHITRATE: 0
/u/k/a/karu//courses/cs552/spring2013/handouts/testprograms/public/inst_tests/jalr_13.asm SUCCESS CPI:3.5 CYCLES:14 ICOUNT:4 IHITRATE: 0 DHITRATE: 0
/u/k/a/karu//courses/cs552/spring2013/handouts/testprograms/public/inst_tests/jalr_14.asm SUCCESS CPI:3.5 CYCLES:14 ICOUNT:4 IHITRATE: 0 DHITRATE: 0
/u/k/a/karu//courses/cs552/spring2013/handouts/testprograms/public/inst_tests/jalr_15.asm SUCCESS CPI:3.5 CYCLES:14 ICOUNT:4 IHITRATE: 0 DHITRATE: 0
/u/k/a/karu//courses/cs552/spring2013/handouts/testprograms/public/inst_tests/jalr_16.asm SUCCESS CPI:3.5 CYCLES:14 ICOUNT:4 IHITRATE: 0 DHITRATE: 0
/u/k/a/karu//courses/cs552/spring2013/handouts/testprograms/public/inst_tests/jalr_17.asm SUCCESS CPI:2.3 CYCLES:16 ICOUNT:7 IHITRATE: 0 DHITRATE: 0
/u/k/a/karu//courses/cs552/spring2013/handouts/testprograms/public/inst_tests/jalr_18.asm SUCCESS CPI:3.2 CYCLES:13 ICOUNT:4 IHITRATE: 0 DHITRATE: 0
/u/k/a/karu//courses/cs552/spring2013/handouts/testprograms/public/inst_tests/jalr_19.asm SUCCESS CPI:2.6 CYCLES:18 ICOUNT:7 IHITRATE: 0 DHITRATE: 0
/u/k/a/karu//courses/cs552/spring2013/handouts/testprograms/public/inst_tests/jalr_2.asm SUCCESS CPI:4.7 CYCLES:14 ICOUNT:3 IHITRATE: 0 DHITRATE: 0
/u/k/a/karu//courses/cs552/spring2013/handouts/testprograms/public/inst_tests/jalr_27.asm FAILED
/u/k/a/karu//courses/cs552/spring2013/handouts/testprograms/public/inst_tests/jalr_28.asm FAILED
/u/k/a/karu//courses/cs552/spring2013/handouts/testprograms/public/inst_tests/jalr_29.asm SUCCESS CPI:3.7 CYCLES:11 ICOUNT:3 IHITRATE: 0 DHITRATE: 0
/u/k/a/karu//courses/cs552/spring2013/handouts/testprograms/public/inst_tests/jalr_3.asm SUCCESS CPI:4.5 CYCLES:18 ICOUNT:4 IHITRATE: 0 DHITRATE: 0
/u/k/a/karu//courses/cs552/spring2013/handouts/testprograms/public/inst_tests/jalr_30.asm SUCCESS CPI:3.7 CYCLES:11 ICOUNT:3 IHITRATE: 0 DHITRATE: 0
/u/k/a/karu//courses/cs552/spring2013/handouts/testprograms/public/inst_tests/jalr_31.asm FAILED
/u/k/a/karu//courses/cs552/spring2013/handouts/testprograms/public/inst_tests/jalr_32.asm SUCCESS CPI:3.0 CYCLES:18 ICOUNT:6 IHITRATE: 0 DHITRATE: 0
/u/k/a/karu//courses/cs552/spring2013/handouts/testprograms/public/inst_tests/jalr_33.asm SUCCESS CPI:3.7 CYCLES:11 ICOUNT:3 IHITRATE: 0 DHITRATE: 0
/u/k/a/karu//courses/cs552/spring2013/handouts/testprograms/public/inst_tests/jalr_34.asm SUCCESS CPI:3.7 CYCLES:11 ICOUNT:3 IHITRATE: 0 DHITRATE: 0
/u/k/a/karu//courses/cs552/spring2013/handouts/testprograms/public/inst_tests/jalr_36.asm SUCCESS CPI:3.7 CYCLES:11 ICOUNT:3 IHITRATE: 0 DHITRATE: 0
/u/k/a/karu//courses/cs552/spring2013/handouts/testprograms/public/inst_tests/jalr_4.asm SUCCESS CPI:3.0 CYCLES:21 ICOUNT:7 IHITRATE: 0 DHITRATE: 0
/u/k/a/karu//courses/cs552/spring2013/handouts/testprograms/public/inst_tests/jalr_5.asm FAILED
/u/k/a/karu//courses/cs552/spring2013/handouts/testprograms/public/inst_tests/jalr_6.asm FAILED
/u/k/a/karu//courses/cs552/spring2013/handouts/testprograms/public/inst_tests/jalr_7.asm FAILED
/u/k/a/karu//courses/cs552/spring2013/handouts/testprograms/public/inst_tests/jr_0.asm SUCCESS CPI:4.0 CYCLES:12 ICOUNT:3 IHITRATE: 0 DHITRATE: 0
/u/k/a/karu//courses/cs552/spring2013/handouts/testprograms/public/inst_tests/lbi_0.asm SUCCESS CPI:2.4 CYCLES:12 ICOUNT:5 IHITRATE: 0 DHITRATE: 0
/u/k/a/karu//courses/cs552/spring2013/handouts/testprograms/public/inst_tests/lbi_1.asm SUCCESS CPI:1.9 CYCLES:15 ICOUNT:8 IHITRATE: 0 DHITRATE: 0
/u/k/a/karu//courses/cs552/spring2013/handouts/testprograms/public/inst_tests/ld_0.asm FAILED
/u/k/a/karu//courses/cs552/spring2013/handouts/testprograms/public/inst_tests/ld_1.asm FAILED
/u/k/a/karu//courses/cs552/spring2013/handouts/testprograms/public/inst_tests/ld_2.asm FAILED
/u/k/a/karu//courses/cs552/spring2013/handouts/testprograms/public/inst_tests/ld_3.asm SUCCESS CPI:1.9 CYCLES:17 ICOUNT:9 IHITRATE: 0 DHITRATE: 0
/u/k/a/karu//courses/cs552/spring2013/handouts/testprograms/public/inst_tests/rol_0.asm SUCCESS CPI:1.7 CYCLES:17 ICOUNT:10 IHITRATE: 0 DHITRATE: 0
/u/k/a/karu//courses/cs552/spring2013/handouts/testprograms/public/inst_tests/rol_1.asm SUCCESS CPI:1.2 CYCLES:41 ICOUNT:34 IHITRATE: 0 DHITRATE: 0
/u/k/a/karu//courses/cs552/spring2013/handouts/testprograms/public/inst_tests/roli_0.asm SUCCESS CPI:4.5 CYCLES:9 ICOUNT:2 IHITRATE: 0 DHITRATE: 0
/u/k/a/karu//courses/cs552/spring2013/handouts/testprograms/public/inst_tests/roli_1.asm SUCCESS CPI:4.5 CYCLES:9 ICOUNT:2 IHITRATE: 0 DHITRATE: 0
/u/k/a/karu//courses/cs552/spring2013/handouts/testprograms/public/inst_tests/roli_2.asm SUCCESS CPI:4.5 CYCLES:9 ICOUNT:2 IHITRATE: 0 DHITRATE: 0
/u/k/a/karu//courses/cs552/spring2013/handouts/testprograms/public/inst_tests/roli_3.asm SUCCESS CPI:4.5 CYCLES:9 ICOUNT:2 IHITRATE: 0 DHITRATE: 0
/u/k/a/karu//courses/cs552/spring2013/handouts/testprograms/public/inst_tests/roli_4.asm SUCCESS CPI:4.5 CYCLES:9 ICOUNT:2 IHITRATE: 0 DHITRATE: 0
/u/k/a/karu//courses/cs552/spring2013/handouts/testprograms/public/inst_tests/ror_0.asm SUCCESS CPI:3.3 CYCLES:10 ICOUNT:3 IHITRATE: 0 DHITRATE: 0
/u/k/a/karu//courses/cs552/spring2013/handouts/testprograms/public/inst_tests/ror_1.asm SUCCESS CPI:3.3 CYCLES:10 ICOUNT:3 IHITRATE: 0 DHITRATE: 0
/u/k/a/karu//courses/cs552/spring2013/handouts/testprograms/public/inst_tests/ror_2.asm SUCCESS CPI:3.3 CYCLES:10 ICOUNT:3 IHITRATE: 0 DHITRATE: 0
/u/k/a/karu//courses/cs552/spring2013/handouts/testprograms/public/inst_tests/ror_3.asm SUCCESS CPI:3.3 CYCLES:10 ICOUNT:3 IHITRATE: 0 DHITRATE: 0
/u/k/a/karu//courses/cs552/spring2013/handouts/testprograms/public/inst_tests/ror_4.asm SUCCESS CPI:3.3 CYCLES:10 ICOUNT:3 IHITRATE: 0 DHITRATE: 0
/u/k/a/karu//courses/cs552/spring2013/handouts/testprograms/public/inst_tests/ror_6.asm SUCCESS CPI:3.3 CYCLES:10 ICOUNT:3 IHITRATE: 0 DHITRATE: 0
/u/k/a/karu//courses/cs552/spring2013/handouts/testprograms/public/inst_tests/rori_0.asm SUCCESS CPI:1.2 CYCLES:41 ICOUNT:34 IHITRATE: 0 DHITRATE: 0
/u/k/a/karu//courses/cs552/spring2013/handouts/testprograms/public/inst_tests/sco_0.asm SUCCESS CPI:3.3 CYCLES:10 ICOUNT:3 IHITRATE: 0 DHITRATE: 0
/u/k/a/karu//courses/cs552/spring2013/handouts/testprograms/public/inst_tests/sco_1.asm SUCCESS CPI:3.3 CYCLES:10 ICOUNT:3 IHITRATE: 0 DHITRATE: 0
/u/k/a/karu//courses/cs552/spring2013/handouts/testprograms/public/inst_tests/sco_2.asm SUCCESS CPI:2.4 CYCLES:12 ICOUNT:5 IHITRATE: 0 DHITRATE: 0
/u/k/a/karu//courses/cs552/spring2013/handouts/testprograms/public/inst_tests/seq_0.asm FAILED
