SIMLOG:: Cycle           4 PC:     zzzz I:     zzzz R: 0   0     0000 M: 0 0     0000     0000
SIMLOG:: Cycle           5 PC:     zzzz I:     zzzz R: 0   0     0000 M: 0 0     0000     0000
SIMLOG:: Cycle           6 PC:     zzzz I:     zzzz R: 0   0     0000 M: 0 0     xxxx     0000
SIMLOG:: Cycle           7 PC:     zzzz I:     zzzz R: 0   x     xxxx M: 0 0     xxxx     0000
SIMLOG:: Cycle           8 PC:     zzzz I:     zzzz R: 1   0     ffa7 M: 0 0     a791     0000
SIMLOG:: Cycle           9 PC:     zzzz I:     zzzz R: 1   0     a791 M: 0 0     xxxx     0000
SIMLOG:: Cycle          10 PC:     zzzz I:     zzzz R: 1   1     000c M: 0 0     0cbb     0000
SIMLOG:: Cycle          11 PC:     zzzz I:     zzzz R: 1   1     0cbb M: 0 0     xxxx     0000
SIMLOG:: Cycle          12 PC:     zzzz I:     zzzz R: 1   2     ff87 M: 0 0     87a6     0000
SIMLOG:: Cycle          13 PC:     zzzz I:     zzzz R: 1   2     87a6 M: 0 0     xxxx     0000
SIMLOG:: Cycle          14 PC:     zzzz I:     zzzz R: 1   3     ffac M: 0 0     acda     0000
SIMLOG:: Cycle          15 PC:     zzzz I:     zzzz R: 1   3     acda M: 0 0     xxxx     0000
SIMLOG:: Cycle          16 PC:     zzzz I:     zzzz R: 1   4     0061 M: 0 0     613a     0cbb
SIMLOG:: Cycle          17 PC:     zzzz I:     zzzz R: 1   4     613a M: 0 0     xxxx     a791
SIMLOG:: Cycle          18 PC:     zzzz I:     zzzz R: 1   5     0011 M: 0 0     113b     0cbb
SIMLOG:: Cycle          19 PC:     zzzz I:     zzzz R: 1   5     113b M: 0 0     xxxx     87a6
SIMLOG:: Cycle          20 PC:     zzzz I:     zzzz R: 1   6     0055 M: 0 0     5579     acda
SIMLOG:: Cycle          21 PC:     zzzz I:     zzzz R: 1   6     5579 M: 0 0     xxxx     613a
SIMLOG:: Cycle          22 PC:     zzzz I:     zzzz R: 1   7     ff9e M: 0 0     9e48     87a6
SIMLOG:: Cycle          23 PC:     zzzz I:     zzzz R: 1   7     9e48 M: 0 0     xxxx     a791
SIMLOG:: Cycle          24 PC:     zzzz I:     zzzz R: 0   x     xxxx M: 0 0     4f23     a791
SIMLOG:: Cycle          25 PC:     zzzz I:     zzzz R: 0   0     0000 M: 0 0     xxxx     a791
SIMLOG:: Cycle          26 PC:     zzzz I:     zzzz R: 0   x     xxxx M: 0 0     8681     613a
SIMLOG:: Cycle          27 PC:     zzzz I:     zzzz R: 1   3     8681 M: 0 0     24c9     9e48
SIMLOG:: Cycle          28 PC:     zzzz I:     zzzz R: 1   7     24c9 M: 0 0     xxxx     a791
SIMLOG:: Cycle          29 PC:     zzzz I:     zzzz R: 1   0     0000 M: 0 0     xxxx     a791
SIMLOG:: Cycle          30 PC:     zzzz I:     zzzz R: 1   4     0000 M: 0 0     8681     a791
SIMLOG:: Cycle          31 PC:     zzzz I:     zzzz R: 0   x     xxxx M: 0 0     8681     0000
SIMLOG:: Cycle          32 PC:     zzzz I:     zzzz R: 1   0     0000 M: 0 0     9d23     24c9
SIMLOG:: Cycle          33 PC:     zzzz I:     zzzz R: 1   7     9d23 M: 0 0     555e     24c9
SIMLOG:: Cycle          34 PC:     zzzz I:     zzzz R: 1   7     555e M: 0 0     87a6     0000
SIMLOG:: Cycle          35 PC:     zzzz I:     zzzz R: 1   7     87a6 M: 0 0     87a6     87a6
SIMLOG:: Cycle          36 PC:     zzzz I:     zzzz R: 1   0     87a6 M: 0 0     bbc2     5579
SIMLOG:: Cycle          37 PC:     zzzz I:     zzzz R: 1   1     0001 M: 0 0     87a7     87a6
SIMLOG:: Cycle          38 PC:     zzzz I:     zzzz R: 1   7     87a7 M: 0 0     766b     87a6
SIMLOG:: Cycle          39 PC:     zzzz I:     zzzz R: 1   3     766b M: 0 0     8184     766b
SIMLOG:: Cycle          40 PC:     zzzz I:     zzzz R: 1   1     8184 M: 0 0     766b     0000
SIMLOG:: Cycle          41 PC:     zzzz I:     zzzz R: 1   3     766b M: 0 0     d300     87a6
SIMLOG:: Cycle          42 PC:     zzzz I:     zzzz R: 1   2     d300 M: 0 0     xxxx     87a6
SIMLOG:: Cycle          43 PC:     zzzz I:     zzzz R: 1   3     0008 M: 0 0     0008     8184
SIMLOG:: Cycle          44 PC:     zzzz I:     zzzz R: 1   6     0008 M: 0 0     7861     87a7
SIMLOG:: Cycle          45 PC:     zzzz I:     zzzz R: 1   3     0000 M: 0 0     8184     0000
SIMLOG:: Cycle          46 PC:     zzzz I:     zzzz R: 1   1     0001 M: 0 0     eec9     0008
SIMLOG:: Cycle          47 PC:     zzzz I:     zzzz R: 1   6     eec9 M: 0 0     d300     0000
SIMLOG:: Cycle          48 PC:     zzzz I:     zzzz R: 1   4     d300 M: 0 0     6980     87a6
SIMLOG:: Cycle          49 PC:     zzzz I:     zzzz R: 1   0     6980 M: 0 0     6980     d300
SIMLOG:: Cycle          50 PC:     zzzz I:     zzzz R: 1   7     6980 M: 0 0     1100     eec9
SIMLOG:: Cycle          51 PC:     zzzz I:     zzzz R: 1   7     1100 M: 0 0     0000     0001
SIMLOG:: Cycle          52 PC:     zzzz I:     zzzz R: 1   2     0000 M: 0 0     xxxx     6980
SIMLOG:: Cycle          53 PC:     zzzz I:     zzzz R: 1   3     0000 M: 0 0     xxxx     6980
SIMLOG:: Cycle          54 PC:     zzzz I:     zzzz R: 1   2     0000 M: 0 0     113b     0001
SIMLOG:: Cycle          55 PC:     zzzz I:     zzzz R: 0   x     xxxx M: 0 0     9800     113b
SIMLOG:: Cycle          56 PC:     zzzz I:     zzzz R: 1   5     9800 M: 0 0     0004     0000
SIMLOG:: Cycle          57 PC:     zzzz I:     zzzz R: 1   3     0004 M: 0 0     2200     0001
SIMLOG:: Cycle          58 PC:     zzzz I:     zzzz R: 1   2     2200 M: 0 0     xxxx     6980
SIMLOG:: Cycle          59 PC:     zzzz I:     zzzz R: 0   x     xxxx M: 0 0     eec8     eec9
SIMLOG:: Cycle          60 PC:     zzzz I:     zzzz R: 1   6     eec8 M: 0 1     eed2     2200
SIMLOG:: Cycle          61 PC:     zzzz I:     zzzz R: 0   X     xxxx M: 0 0     xxxx     6980
SIMLOG:: Cycle          62 PC:     zzzz I:     zzzz R: 1   1     000c M: 0 0     9680     d300
SIMLOG:: Cycle          63 PC:     zzzz I:     zzzz R: 1   0     0000 M: 0 0     0000     000c
SIMLOG:: Cycle          64 PC:     zzzz I:     zzzz R: 1   2     0000 M: 0 0     0000     000c
SIMLOG:: Cycle          65 PC:     zzzz I:     zzzz R: 1   1     0000 M: 0 0     0004     0004
SIMLOG:: Cycle          66 PC:     zzzz I:     zzzz R: 1   7     0000 M: 0 0     xxxx     0000
SIMLOG:: Cycle          67 PC:     zzzz I:     zzzz R: 0   x     xxxx M: 0 0     0000     1100
SIMLOG:: Cycle          68 PC:     zzzz I:     zzzz R: 1   7     0000 M: 0 1     000c     0000
SIMLOG:: Cycle          69 PC:     zzzz I:     zzzz R: 1   7     000c M: 0 0     fffc     0004
SIMLOG:: Cycle          70 PC:     zzzz I:     zzzz R: 1   3     0001 M: 0 0     ffff     0001
SIMLOG:: Cycle          71 PC:     zzzz I:     zzzz R: 1   1     0001 M: 0 0     0000     0000
SIMLOG:: Cycle          72 PC:     zzzz I:     zzzz R: 1   4     0000 M: 0 0     0000     0000
SIMLOG:: Cycle          73 PC:     zzzz I:     zzzz R: 1   2     0000 M: 0 0     0000     0001
SIMLOG:: Cycle          74 PC:     zzzz I:     zzzz R: 1   3     0000 M: 0 0     0007     0000
SIMLOG:: Cycle          75 PC:     zzzz I:     zzzz R: 1   0     0007 M: 0 0     0000     9800
SIMLOG:: Cycle          76 PC:     zzzz I:     zzzz R: 1   6     0000 M: 0 0     0002     0000
SIMLOG:: Cycle          77 PC:     zzzz I:     zzzz R: 1   2     0002 M: 0 0     0006     0000
SIMLOG:: Cycle          78 PC:     zzzz I:     zzzz R: 1   2     0006 M: 0 0     0000     0000
SIMLOG:: Cycle          79 PC:     zzzz I:     zzzz R: 1   4     0001 M: 0 0     0007     0007
SIMLOG:: Cycle          80 PC:     zzzz I:     zzzz R: 1   6     0000 M: 0 0     0001     0000
SIMLOG:: Cycle          81 PC:     zzzz I:     zzzz R: 1   1     0001 M: 0 0     0000     000c
SIMLOG:: Cycle          82 PC:     zzzz I:     zzzz R: 1   7     0000 M: 0 0     0004     0007
SIMLOG:: Cycle          83 PC:     zzzz I:     zzzz R: 1   7     0004 M: 0 0     0000     0007
SIMLOG:: Cycle          84 PC:     zzzz I:     zzzz R: 1   3     0000 M: 0 0     xxxx     0007
SIMLOG:: Cycle          85 PC:     zzzz I:     zzzz R: 0   x     xxxx M: 0 0     0000     0000
SIMLOG:: Cycle          86 PC:     zzzz I:     zzzz R: 1   3     0000 M: 0 1     0004     0004
SIMLOG:: Cycle          87 PC:     zzzz I:     zzzz R: 1   3     0004 M: 0 0     8000     0001
SIMLOG:: Cycle          88 PC:     zzzz I:     zzzz R: 1   4     8000 M: 0 0     0004     0007
SIMLOG:: Cycle          89 PC:     zzzz I:     zzzz R: 1   0     0004 M: 0 0     fffc     0004
SIMLOG:: Cycle          90 PC:     zzzz I:     zzzz R: 1   2     0000 M: 0 0     0000     9800
SIMLOG:: Cycle          91 PC:     zzzz I:     zzzz R: 1   4     0000 M: 0 0     0003     0001
SIMLOG:: Cycle          92 PC:     zzzz I:     zzzz R: 1   3     0000 M: 0 0     xxxx     0004
SIMLOG:: Cycle          93 PC:     zzzz I:     zzzz R: 0   x     xxxx M: 0 0     0004     0004
SIMLOG:: Cycle          94 PC:     zzzz I:     zzzz R: 1   7     0004 M: 1 0     000a     0001
SIMLOG:: Cycle          95 PC:     zzzz I:     zzzz R: 1   1     92a6 M: 0 0     0004     0004
SIMLOG:: Cycle          96 PC:     zzzz I:     zzzz R: 1   7     0004 M: 0 1     0010     0000
SIMLOG:: Cycle          97 PC:     zzzz I:     zzzz R: 1   7     0010 M: 0 0     xxxx     0004
SIMLOG:: Cycle          98 PC:     zzzz I:     zzzz R: 0   x     xxxx M: 0 0     0040     0004
SIMLOG:: Cycle          99 PC:     zzzz I:     zzzz R: 0   0     0000 M: 0 0     xxxx     0004
SIMLOG:: Cycle         100 PC:     zzzz I:     zzzz R: 0   x     xxxx M: 0 0     xxxx     0004
SIMLOG:: Cycle         101 PC:     zzzz I:     zzzz R: 0   x     xxxx M: 0 0     0040     0004
SIMLOG:: Cycle         102 PC:     zzzz I:     zzzz R: 0   0     0000 M: 0 0     xxxx     0004
SIMLOG:: Cycle         103 PC:     zzzz I:     zzzz R: 0   x     xxxx M: 0 0     xxxx     0004
SIMLOG:: Cycle         104 PC:     zzzz I:     zzzz R: 1   7     0001 M: 0 0     xxxx     92a6
SIMLOG:: Cycle         105 PC:     zzzz I:     zzzz R: 0   x     xxxx M: 0 0     0040     0004
SIMLOG:: Cycle         106 PC:     zzzz I:     zzzz R: 0   0     0000 M: 0 0     xxxx     0004
SIMLOG:: Cycle         107 PC:     zzzz I:     zzzz R: 0   x     xxxx M: 0 0     9800     9800
SIMLOG:: Cycle         108 PC:     zzzz I:     zzzz R: 1   5     9800 M: 0 1     9802     0004
SIMLOG:: Cycle         109 PC:     zzzz I:     zzzz R: 0   x     xxxx M: 0 0     0000     0000
SIMLOG:: Cycle         110 PC:     zzzz I:     zzzz R: 1   3     0000 M: 1 0     000c     0000
SIMLOG:: Cycle         111 PC:     zzzz I:     zzzz R: 1   6     0000 M: 0 0     xxxx     0004
SIMLOG:: Cycle         112 PC:     zzzz I:     zzzz R: 1   1     0000 M: 0 0     xxxx     0004
SIMLOG:: Cycle         113 PC:     zzzz I:     zzzz R: 1   1     0000 M: 0 0     xxxx     0004
SIMLOG:: Cycle         114 PC:     zzzz I:     zzzz R: 0   x     xxxx M: 0 0     0000     0004
SIMLOG:: Cycle         115 PC:     zzzz I:     zzzz R: 0   x     xxxx M: 0 0     0000     0000
SIMLOG:: Cycle         116 PC:     zzzz I:     zzzz R: 0   0     0000 M: 0 0     xxxx     0004
SIMLOG:: Cycle         117 PC:     zzzz I:     zzzz R: 0   x     xxxx M: 0 0     0000     0000
SIMLOG:: Cycle         118 PC:     zzzz I:     zzzz R: 1   0     0000 M: 0 0     0000     0000
SIMLOG:: Cycle         119 PC:     zzzz I:     zzzz R: 1   2     0000 M: 0 0     0000     0000
SIMLOG:: Cycle         120 PC:     zzzz I:     zzzz R: 1   7     0000 M: 0 0     0000     0000
SIMLOG:: Cycle         121 PC:     zzzz I:     zzzz R: 1   0     0001 M: 0 0     0000     0000
SIMLOG:: Cycle         122 PC:     zzzz I:     zzzz R: 1   5     0000 M: 0 0     xxxx     0000
SIMLOG:: Cycle         123 PC:     zzzz I:     zzzz R: 0   x     xxxx M: 0 0     0000     0000
SIMLOG:: Cycle         124 PC:     zzzz I:     zzzz R: 1   6     0000 M: 0 1     000c     0000
SIMLOG:: Cycle         125 PC:     zzzz I:     zzzz R: 0   X     xxxx M: 0 0     0000     0000
SIMLOG:: Cycle         126 PC:     zzzz I:     zzzz R: 1   2     0000 M: 0 0     xxxx     0001
SIMLOG:: Cycle         127 PC:     zzzz I:     zzzz R: 0   x     xxxx M: 0 0     0000     0000
SIMLOG:: Cycle         128 PC:     zzzz I:     zzzz R: 1   2     0000 M: 0 1     0006     0000
SIMLOG:: Cycle         129 PC:     zzzz I:     zzzz R: 1   2     0006 M: 0 0     0000     0000
SIMLOG:: Cycle         130 PC:     zzzz I:     zzzz R: 1   5     0000 M: 0 0     xxxx     0001
SIMLOG:: Cycle         131 PC:     zzzz I:     zzzz R: 0   x     xxxx M: 0 0     0000     0000
SIMLOG:: Cycle         132 PC:     zzzz I:     zzzz R: 1   3     0000 M: 0 1     000c     0000
SIMLOG:: Cycle         133 PC:     zzzz I:     zzzz R: 0   X     xxxx M: 0 0     0000     0000
SIMLOG:: Cycle         134 PC:     zzzz I:     zzzz R: 1   5     0000 M: 0 0     0000     0000
SIMLOG:: Cycle         135 PC:     zzzz I:     zzzz R: 1   4     0000 M: 0 0     0000     0001
SIMLOG:: Cycle         136 PC:     zzzz I:     zzzz R: 1   2     0000 M: 0 0     0008     0006
SIMLOG:: Cycle         137 PC:     zzzz I:     zzzz R: 1   2     0008 M: 0 0     0000     0000
SIMLOG:: Cycle         138 PC:     zzzz I:     zzzz R: 1   7     0000 M: 0 0     0000     0000
SIMLOG:: Cycle         139 PC:     zzzz I:     zzzz R: 1   0     0001 M: 0 0     xxxx     0001
SIMLOG:: Cycle         140 PC:     zzzz I:     zzzz R: 0   x     xxxx M: 0 0     0002     0001
SIMLOG:: Cycle         141 PC:     zzzz I:     zzzz R: 0   0     0000 M: 0 0     xxxx     0001
SIMLOG:: Cycle         142 PC:     zzzz I:     zzzz R: 0   x     xxxx M: 0 0     0008     0000
SIMLOG:: Cycle         143 PC:     zzzz I:     zzzz R: 1   1     0008 M: 0 0     000f     0000
SIMLOG:: Cycle         144 PC:     zzzz I:     zzzz R: 1   3     000f M: 0 0     xxxx     0001
SIMLOG:: Cycle         145 PC:     zzzz I:     zzzz R: 1   3     0000 M: 0 0     xxxx     0001
SIMLOG:: Cycle         146 PC:     zzzz I:     zzzz R: 1   5     0000 M: 0 0     0000     0001
SIMLOG:: Cycle         147 PC:     zzzz I:     zzzz R: 0   x     xxxx M: 0 0     000f     0001
SIMLOG:: Cycle         148 PC:     zzzz I:     zzzz R: 1   0     000f M: 0 0     xxxx     0001
SIMLOG:: Cycle         149 PC:     zzzz I:     zzzz R: 0   x     xxxx M: 0 0     0000     0000
SIMLOG:: Cycle         150 PC:     zzzz I:     zzzz R: 1   6     0000 M: 1 0     0006     0000
SIMLOG:: Cycle         151 PC:     zzzz I:     zzzz R: 1   7     0000 M: 0 0     000d     0000
SIMLOG:: Cycle         152 PC:     zzzz I:     zzzz R: 1   6     000d M: 0 0     0000     0000
SIMLOG:: Cycle         153 PC:     zzzz I:     zzzz R: 1   6     0000 M: 0 0     080a     000f
SIMLOG:: Cycle         154 PC:     zzzz I:     zzzz R: 1   1     080a M: 0 0     xxxx     000f
SIMLOG:: Cycle         155 PC:     zzzz I:     zzzz R: 0   x     xxxx M: 0 0     080a     0008
SIMLOG:: Cycle         156 PC:     zzzz I:     zzzz R: 1   1     080a M: 1 0     0810     0000
SIMLOG:: Cycle         157 PC:     zzzz I:     zzzz R: 1   6     0000 M: 0 0     000d     0000
SIMLOG:: Cycle         158 PC:     zzzz I:     zzzz R: 1   3     000d M: 0 0     xxxx     000f
SIMLOG:: Cycle         159 PC:     zzzz I:     zzzz R: 0   x     xxxx M: 0 0     0000     0000
SIMLOG:: Cycle         160 PC:     zzzz I:     zzzz R: 1   5     0000 M: 1 0     000c     000f
SIMLOG:: Cycle         161 PC:     zzzz I:     zzzz R: 1   0     0000 M: 0 0     xxxx     000f
SIMLOG:: Cycle         162 PC:     zzzz I:     zzzz R: 1   4     0000 M: 0 0     xxxx     000f
SIMLOG:: Cycle         163 PC:     zzzz I:     zzzz R: 1   0     0000 M: 0 0     xxxx     0000
SIMLOG:: Cycle         164 PC:     zzzz I:     zzzz R: 0   x     xxxx M: 0 0     080a     0000
SIMLOG:: Cycle         165 PC:     zzzz I:     zzzz R: 0   x     xxxx M: 0 0     xxxx     0000
SIMLOG:: Cycle         166 PC:     zzzz I:     zzzz R: 1   2     0000 M: 0 0     xxxx     0000
SIMLOG:: Cycle         167 PC:     zzzz I:     zzzz R: 1   5     0000 M: 0 0     xxxx     0000
SIMLOG:: Cycle         168 PC:     zzzz I:     zzzz R: 0   x     xxxx M: 0 0     0000     0000
SIMLOG:: Cycle         169 PC:     zzzz I:     zzzz R: 0   x     xxxx M: 0 0     0000     0000
SIMLOG:: Cycle         170 PC:     zzzz I:     zzzz R: 0   0     0000 M: 0 0     xxxx     0000
SIMLOG:: Cycle         171 PC:     zzzz I:     zzzz R: 0   x     xxxx M: 0 0     0000     0000
SIMLOG:: Cycle         172 PC:     zzzz I:     zzzz R: 1   6     0000 M: 0 0     xxxx     0000
SIMLOG:: Cycle         173 PC:     zzzz I:     zzzz R: 0   x     xxxx M: 0 0     0000     0000
SIMLOG:: Cycle         174 PC:     zzzz I:     zzzz R: 1   7     0000 M: 0 1     0004     0000
SIMLOG:: Cycle         175 PC:     zzzz I:     zzzz R: 1   7     0004 M: 0 0     0000     0000
SIMLOG:: Cycle         176 PC:     zzzz I:     zzzz R: 1   5     0000 M: 1 0     0000     0000
SIMLOG:: Cycle         177 PC:     zzzz I:     zzzz R: 1   7     c0a7 M: 0 0     0000     0000
SIMLOG:: Cycle         178 PC:     zzzz I:     zzzz R: 1   2     0000 M: 0 0     0000     0000
SIMLOG:: Cycle         179 PC:     zzzz I:     zzzz R: 1   4     0000 M: 0 0     0000     0000
SIMLOG:: Cycle         180 PC:     zzzz I:     zzzz R: 1   0     0000 M: 0 0     c0b4     000d
SIMLOG:: Cycle         181 PC:     zzzz I:     zzzz R: 1   5     c0b4 M: 0 0     c0b4     0000
SIMLOG:: Cycle         182 PC:     zzzz I:     zzzz R: 1   6     c0b4 M: 0 0     0000     0000
SIMLOG:: Cycle         183 PC:     zzzz I:     zzzz R: 1   4     0000 M: 0 0     c0b4     c0b4
SIMLOG:: Cycle         184 PC:     zzzz I:     zzzz R: 1   5     c0b4 M: 1 0     c0be     080a
SIMLOG:: Cycle         185 PC:     zzzz I:     zzzz R: 1   1     0000 M: 0 0     0c0b     c0b4
SIMLOG:: Cycle         186 PC:     zzzz I:     zzzz R: 1   7     0c0b M: 0 0     c0b4     0000
SIMLOG:: Cycle         187 PC:     zzzz I:     zzzz R: 1   3     c0b4 M: 0 0     0000     c0b4
SIMLOG:: Cycle         188 PC:     zzzz I:     zzzz R: 1   5     0000 M: 0 0     0000     0000
SIMLOG:: Cycle         189 PC:     zzzz I:     zzzz R: 1   5     0000 M: 0 0     0000     c0b4
SIMLOG:: Cycle         190 PC:     zzzz I:     zzzz R: 1   0     0000 M: 0 0     xxxx     0000
SIMLOG:: Cycle         191 PC:     zzzz I:     zzzz R: 1   0     0000 M: 0 0     xxxx     0000
SIMLOG:: Cycle         192 PC:     zzzz I:     zzzz R: 1   2     0000 M: 0 0     c0b4     0000
SIMLOG:: Cycle         193 PC:     zzzz I:     zzzz R: 0   x     xxxx M: 0 0     3f4c     c0b4
SIMLOG:: Cycle         194 PC:     zzzz I:     zzzz R: 1   1     0000 M: 0 0     605a     0000
SIMLOG:: Cycle         195 PC:     zzzz I:     zzzz R: 1   0     605a M: 0 0     605a     0000
SIMLOG:: Cycle         196 PC:     zzzz I:     zzzz R: 1   2     605a M: 0 0     0030     c0b4
SIMLOG:: Cycle         197 PC:     zzzz I:     zzzz R: 1   3     0030 M: 0 0     0c0a     0c0b
SIMLOG:: Cycle         198 PC:     zzzz I:     zzzz R: 1   7     0c0a M: 0 1     0c0a     0030
SIMLOG:: Cycle         199 PC:     zzzz I:     zzzz R: 0   x     xxxx M: 0 0     c0e4     0030
SIMLOG:: Cycle         200 PC:     zzzz I:     zzzz R: 1   3     c0e4 M: 0 0     9fa6     0000
SIMLOG:: Cycle         201 PC:     zzzz I:     zzzz R: 1   6     9fa6 M: 0 0     0c0a     605a
SIMLOG:: Cycle         202 PC:     zzzz I:     zzzz R: 1   2     0c0a M: 0 0     6c64     9fa6
SIMLOG:: Cycle         203 PC:     zzzz I:     zzzz R: 1   4     0000 M: 0 0     0c0a     605a
SIMLOG:: Cycle         204 PC:     zzzz I:     zzzz R: 1   2     0c0a M: 0 1     0c10     605a
SIMLOG:: Cycle         205 PC:     zzzz I:     zzzz R: 1   2     0c10 M: 0 0     xxxx     605a
SIMLOG:: Cycle         206 PC:     zzzz I:     zzzz R: 1   5     0000 M: 0 0     0000     0000
SIMLOG:: Cycle         207 PC:     zzzz I:     zzzz R: 1   4     0000 M: 0 0     c0e4     c0e4
SIMLOG:: Cycle         208 PC:     zzzz I:     zzzz R: 1   3     c0e4 M: 0 1     c0f0     0000
SIMLOG:: Cycle         209 PC:     zzzz I:     zzzz R: 1   3     c0f0 M: 0 0     0006     0c0a
SIMLOG:: Cycle         210 PC:     zzzz I:     zzzz R: 1   4     0000 M: 0 0     214a     605a
SIMLOG:: Cycle         211 PC:     zzzz I:     zzzz R: 1   0     214a M: 0 0     214a     0000
SIMLOG:: Cycle         212 PC:     zzzz I:     zzzz R: 1   1     214a M: 0 0     0018     0c10
SIMLOG:: Cycle         213 PC:     zzzz I:     zzzz R: 1   2     0018 M: 0 0     214a     9fa6
SIMLOG:: Cycle         214 PC:     zzzz I:     zzzz R: 1   4     0000 M: 0 0     ffe8     0018
SIMLOG:: Cycle         215 PC:     zzzz I:     zzzz R: 1   5     0001 M: 0 0     0006     0c0a
SIMLOG:: Cycle         216 PC:     zzzz I:     zzzz R: 1   7     0006 M: 0 0     4000     0000
SIMLOG:: Cycle         217 PC:     zzzz I:     zzzz R: 1   5     4000 M: 0 0     xxxx     214a
SIMLOG:: Cycle         218 PC:     zzzz I:     zzzz R: 1   5     0008 M: 0 0     2132     0018
SIMLOG:: Cycle         219 PC:     zzzz I:     zzzz R: 1   0     0000 M: 0 0     f00f     214a
SIMLOG:: Cycle         220 PC:     zzzz I:     zzzz R: 1   3     f00f M: 0 0     0000     c0f0
SIMLOG:: Cycle         221 PC:     zzzz I:     zzzz R: 1   3     0000 M: 0 0     xxxx     0000
SIMLOG:: Cycle         222 PC:     zzzz I:     zzzz R: 1   2     0000 M: 0 0     xxxx     0000
SIMLOG:: Cycle         223 PC:     zzzz I:     zzzz R: 1   7     0000 M: 0 0     xxxx     0000
SIMLOG:: Cycle         224 PC:     zzzz I:     zzzz R: 0   x     xxxx M: 0 0     0008     0000
SIMLOG:: Cycle         225 PC:     zzzz I:     zzzz R: 0   x     xxxx M: 0 0     0000     0000
SIMLOG:: Cycle         226 PC:     zzzz I:     zzzz R: 0   0     0000 M: 0 0     xxxx     0000
SIMLOG:: Cycle         227 PC:     zzzz I:     zzzz R: 0   x     xxxx M: 0 0     0000     0000
SIMLOG:: Cycle         228 PC:     zzzz I:     zzzz R: 1   0     0001 M: 0 0     0003     0000
SIMLOG:: Cycle         229 PC:     zzzz I:     zzzz R: 1   2     0003 M: 0 0     0002     0000
SIMLOG:: Cycle         230 PC:     zzzz I:     zzzz R: 1   3     0002 M: 0 0     c0f0     9fa6
SIMLOG:: Cycle         231 PC:     zzzz I:     zzzz R: 1   6     0000 M: 0 0     xxxx     0001
SIMLOG:: Cycle         232 PC:     zzzz I:     zzzz R: 0   x     xxxx M: 0 0     0002     0001
SIMLOG:: Cycle         233 PC:     zzzz I:     zzzz R: 0   0     0000 M: 0 0     xxxx     0001
SIMLOG:: Cycle         234 PC:     zzzz I:     zzzz R: 0   x     xxxx M: 0 0     0000     0000
SIMLOG:: Cycle         235 PC:     zzzz I:     zzzz R: 1   7     0000 M: 0 0     0001     0001
SIMLOG:: Cycle         236 PC:     zzzz I:     zzzz R: 1   2     0000 M: 0 0     xxxx     0001
SIMLOG:: Cycle         237 PC:     zzzz I:     zzzz R: 1   7     0000 M: 0 0     xxxx     0001
SIMLOG:: Cycle         238 PC:     zzzz I:     zzzz R: 1   5     0000 M: 0 0     0002     0001
SIMLOG:: Cycle         239 PC:     zzzz I:     zzzz R: 0   x     xxxx M: 0 0     0000     0001
SIMLOG:: Cycle         240 PC:     zzzz I:     zzzz R: 0   0     0000 M: 0 0     xxxx     0001
SIMLOG:: Cycle         241 PC:     zzzz I:     zzzz R: 0   x     xxxx M: 0 0     0010     0002
SIMLOG:: Cycle         242 PC:     zzzz I:     zzzz R: 1   3     0010 M: 0 0     0000     0000
SIMLOG:: Cycle         243 PC:     zzzz I:     zzzz R: 1   3     0000 M: 0 0     0001     0000
SIMLOG:: Cycle         244 PC:     zzzz I:     zzzz R: 1   7     0001 M: 0 0     0000     0001
SIMLOG:: Cycle         245 PC:     zzzz I:     zzzz R: 1   7     0000 M: 0 0     214f     214a
SIMLOG:: Cycle         246 PC:     zzzz I:     zzzz R: 1   1     214f M: 0 0     0009     0001
SIMLOG:: Cycle         247 PC:     zzzz I:     zzzz R: 1   7     0009 M: 0 0     0001     0000
SIMLOG:: Cycle         248 PC:     zzzz I:     zzzz R: 1   6     0001 M: 0 0     0000     0000
SIMLOG:: Cycle         249 PC:     zzzz I:     zzzz R: 1   3     0000 M: 0 0     xxxx     0001
SIMLOG:: Cycle         250 PC:     zzzz I:     zzzz R: 1   7     0000 M: 0 0     xxxx     0001
SIMLOG:: Cycle         251 PC:     zzzz I:     zzzz R: 1   0     0000 M: 0 0     xxxx     0001
SIMLOG:: Cycle         252 PC:     zzzz I:     zzzz R: 0   x     xxxx M: 0 0     0001     0001
SIMLOG:: Cycle         253 PC:     zzzz I:     zzzz R: 0   x     xxxx M: 0 0     0000     0000
SIMLOG:: Cycle         254 PC:     zzzz I:     zzzz R: 1   4     0000 M: 0 0     0000     0000
SIMLOG:: Cycle         255 PC:     zzzz I:     zzzz R: 1   4     0000 M: 0 0     0008     0000
SIMLOG:: Cycle         256 PC:     zzzz I:     zzzz R: 1   3     0008 M: 0 0     c853     0000
SIMLOG:: Cycle         257 PC:     zzzz I:     zzzz R: 1   4     c853 M: 0 0     214f     0000
SIMLOG:: Cycle         258 PC:     zzzz I:     zzzz R: 1   7     214f M: 0 0     90a7     214f
SIMLOG:: Cycle         259 PC:     zzzz I:     zzzz R: 1   1     90a7 M: 0 0     xxxx     0000
SIMLOG:: Cycle         260 PC:     zzzz I:     zzzz R: 1   2     0000 M: 0 0     58fa     90a7
SIMLOG:: Cycle         261 PC:     zzzz I:     zzzz R: 1   5     58fa M: 0 0     14f2     0001
SIMLOG:: Cycle         262 PC:     zzzz I:     zzzz R: 1   6     14f2 M: 0 0     f204     0000
SIMLOG:: Cycle         263 PC:     zzzz I:     zzzz R: 1   6     f204 M: 0 0     214e     214f
SIMLOG:: Cycle         264 PC:     zzzz I:     zzzz R: 1   7     214e M: 1 0     2150     0000
SIMLOG:: Cycle         265 PC:     zzzz I:     zzzz R: 1   0     0000 M: 0 0     90ab     c853
SIMLOG:: Cycle         266 PC:     zzzz I:     zzzz R: 1   4     90ab M: 0 0     0100     90ab
SIMLOG:: Cycle         267 PC:     zzzz I:     zzzz R: 1   7     0100 M: 0 0     0000     f204
SIMLOG:: Cycle         268 PC:     zzzz I:     zzzz R: 1   6     0000 M: 0 0     c853     90a7
SIMLOG:: Cycle         269 PC:     zzzz I:     zzzz R: 1   3     0000 M: 0 0     xxxx     0000
SIMLOG:: Cycle         270 PC:     zzzz I:     zzzz R: 1   0     0006 M: 0 0     0200     0100
SIMLOG:: Cycle         271 PC:     zzzz I:     zzzz R: 1   6     0200 M: 0 0     90ab     0200
SIMLOG:: Cycle         272 PC:     zzzz I:     zzzz R: 1   2     90ab M: 0 0     xxxx     0006
SIMLOG:: Cycle         273 PC:     zzzz I:     zzzz R: 1   6     0008 M: 0 0     0100     0100
SIMLOG:: Cycle         274 PC:     zzzz I:     zzzz R: 1   7     0100 M: 0 1     010c     0008
SIMLOG:: Cycle         275 PC:     zzzz I:     zzzz R: 1   7     010c M: 0 0     91a7     90ab
SIMLOG:: Cycle         276 PC:     zzzz I:     zzzz R: 1   6     91a7 M: 0 0     90b1     90ab
SIMLOG:: Cycle         277 PC:     zzzz I:     zzzz R: 1   3     90b1 M: 0 0     c642     0006
SIMLOG:: Cycle         278 PC:     zzzz I:     zzzz R: 1   4     c642 M: 0 0     3591     c642
SIMLOG:: Cycle         279 PC:     zzzz I:     zzzz R: 1   2     3591 M: 0 0     90a6     91a7
SIMLOG:: Cycle         280 PC:     zzzz I:     zzzz R: 1   6     90a6 M: 0 0     xxxx     0006
SIMLOG:: Cycle         281 PC:     zzzz I:     zzzz R: 1   5     0000 M: 0 0     xxxx     0006
SIMLOG:: Cycle         282 PC:     zzzz I:     zzzz R: 1   4     0000 M: 0 0     0000     0006
SIMLOG:: Cycle         283 PC:     zzzz I:     zzzz R: 0   x     xxxx M: 0 0     000c     90b1
SIMLOG:: Cycle         284 PC:     zzzz I:     zzzz R: 0   0     0000 M: 0 0     xxxx     0006
SIMLOG:: Cycle         285 PC:     zzzz I:     zzzz R: 0   x     xxxx M: 0 0     90b0     90b1
SIMLOG:: Cycle         286 PC:     zzzz I:     zzzz R: 1   3     90b0 M: 0 1     90ba     90b0
SIMLOG:: Cycle         287 PC:     zzzz I:     zzzz R: 0   X     xxxx M: 0 0     91b2     90a6
SIMLOG:: Cycle         288 PC:     zzzz I:     zzzz R: 1   7     91b2 M: 0 0     xxxx     0006
SIMLOG:: Cycle         289 PC:     zzzz I:     zzzz R: 0   x     xxxx M: 0 0     90a6     90a6
SIMLOG:: Cycle         290 PC:     zzzz I:     zzzz R: 1   6     90a6 M: 1 0     90ae     0006
SIMLOG:: Cycle         291 PC:     zzzz I:     zzzz R: 1   0     0000 M: 0 0     b00e     0006
SIMLOG:: Cycle         292 PC:     zzzz I:     zzzz R: 1   3     b00e M: 0 0     3591     3591
SIMLOG:: Cycle         293 PC:     zzzz I:     zzzz R: 1   2     0000 M: 0 0     000b     90a6
SIMLOG:: Cycle         294 PC:     zzzz I:     zzzz R: 1   6     000b M: 0 0     91b2     0000
SIMLOG:: Cycle         295 PC:     zzzz I:     zzzz R: 1   6     91b2 M: 0 0     0e06     0000
SIMLOG:: Cycle         296 PC:     zzzz I:     zzzz R: 1   3     0e06 M: 0 0     90a7     0000
SIMLOG:: Cycle         297 PC:     zzzz I:     zzzz R: 1   0     0001 M: 0 0     6e51     0000
SIMLOG:: Cycle         298 PC:     zzzz I:     zzzz R: 1   0     6e51 M: 0 0     xxxx     0000
SIMLOG:: Cycle         299 PC:     zzzz I:     zzzz R: 0   x     xxxx M: 0 0     90a6     90a7
SIMLOG:: Cycle         300 PC:     zzzz I:     zzzz R: 1   1     90a6 M: 1 0     90b0     91b2
SIMLOG:: Cycle         301 PC:     zzzz I:     zzzz R: 1   7     0000 M: 0 0     0000     0000
SIMLOG:: Cycle         302 PC:     zzzz I:     zzzz R: 1   5     0000 M: 1 0     000c     0e06
SIMLOG:: Cycle         303 PC:     zzzz I:     zzzz R: 1   3     0000 M: 0 0     xxxx     6e51
SIMLOG:: Cycle         304 PC:     zzzz I:     zzzz R: 0   0     0000 M: 0 0     0000     6e51
SIMLOG:: Cycle         305 PC:     zzzz I:     zzzz R: 1   6     0000 M: 0 0     0000     0000
SIMLOG:: Cycle         306 PC:     zzzz I:     zzzz R: 1   3     0000 M: 0 0     0000     0000
SIMLOG:: Cycle         307 PC:     zzzz I:     zzzz R: 1   4     0000 M: 1 0     0000     0000
SIMLOG:: Cycle         308 PC:     zzzz I:     zzzz R: 1   7     c0a7 M: 0 0     0000     6e51
SIMLOG:: Cycle         309 PC:     zzzz I:     zzzz R: 1   3     0000 M: 0 0     0000     0000
SIMLOG:: Cycle         310 PC:     zzzz I:     zzzz R: 1   7     0001 M: 0 0     0000     6e51
SIMLOG:: Cycle         311 PC:     zzzz I:     zzzz R: 1   6     0000 M: 0 0     0000     0000
SIMLOG:: Cycle         312 PC:     zzzz I:     zzzz R: 1   6     0000 M: 0 0     xxxx     90a6
SIMLOG:: Cycle         313 PC:     zzzz I:     zzzz R: 0   x     xxxx M: 0 0     dca2     6e51
SIMLOG:: Cycle         314 PC:     zzzz I:     zzzz R: 0   0     0000 M: 0 0     xxxx     6e51
SIMLOG:: Cycle         315 PC:     zzzz I:     zzzz R: 0   x     xxxx M: 0 0     xxxx     6e51
SIMLOG:: Cycle         316 PC:     zzzz I:     zzzz R: 0   x     xxxx M: 0 0     dca2     6e51
SIMLOG:: Cycle         317 PC:     zzzz I:     zzzz R: 0   0     0000 M: 0 0     xxxx     6e51
SIMLOG:: Cycle         318 PC:     zzzz I:     zzzz R: 0   x     xxxx M: 0 0     xxxx     6e51
SIMLOG:: Cycle         319 PC:     zzzz I:     zzzz R: 0   x     xxxx M: 0 0     dca2     6e51
SIMLOG:: Cycle         320 PC:     zzzz I:     zzzz R: 0   0     0000 M: 0 0     xxxx     6e51
SIMLOG:: Cycle         321 PC:     zzzz I:     zzzz R: 0   x     xxxx M: 0 0     xxxx     6e51
SIMLOG:: Cycle         322 PC:     zzzz I:     zzzz R: 0   x     xxxx M: 0 0     dca2     6e51
SIMLOG:: Cycle         323 PC:     zzzz I:     zzzz R: 0   0     0000 M: 0 0     xxxx     6e51
SIMLOG:: Cycle         324 PC:     zzzz I:     zzzz R: 0   x     xxxx M: 0 0     0000     0000
SIMLOG:: Cycle         325 PC:     zzzz I:     zzzz R: 1   1     0001 M: 0 0     xxxx     6e51
SIMLOG:: Cycle         326 PC:     zzzz I:     zzzz R: 0   x     xxxx M: 0 0     dca2     6e51
SIMLOG:: Cycle         327 PC:     zzzz I:     zzzz R: 0   0     0000 M: 0 0     xxxx     6e51
SIMLOG:: Cycle         328 PC:     zzzz I:     zzzz R: 0   x     xxxx M: 0 0     xxxx     6e51
SIMLOG:: Cycle         329 PC:     zzzz I:     zzzz R: 1   1     0000 M: 0 0     xxxx     6e51
SIMLOG:: Cycle         330 PC:     zzzz I:     zzzz R: 1   1     0000 M: 0 0     0000     6e51
SIMLOG:: Cycle         331 PC:     zzzz I:     zzzz R: 0   x     xxxx M: 0 0     0000     0000
SIMLOG:: Cycle         332 PC:     zzzz I:     zzzz R: 1   4     0000 M: 0 0     0002     6e51
SIMLOG:: Cycle         333 PC:     zzzz I:     zzzz R: 1   2     0002 M: 0 0     6e50     6e51
SIMLOG:: Cycle         334 PC:     zzzz I:     zzzz R: 1   0     6e50 M: 0 1     6e50     0002
SIMLOG:: Cycle         335 PC:     zzzz I:     zzzz R: 0   x     xxxx M: 0 0     xxxx     6e51
SIMLOG:: Cycle         336 PC:     zzzz I:     zzzz R: 1   7     000f M: 0 0     xxxx     6e50
SIMLOG:: Cycle         337 PC:     zzzz I:     zzzz R: 0   x     xxxx M: 0 0     0000     0000
SIMLOG:: Cycle         338 PC:     zzzz I:     zzzz R: 1   6     0000 M: 0 1     000a     6e50
SIMLOG:: Cycle         339 PC:     zzzz I:     zzzz R: 0   x     xxxx M: 0 0     xxxx     6e50
SIMLOG:: Cycle         340 PC:     zzzz I:     zzzz R: 1   4     000d M: 0 0     91bf     0000
SIMLOG:: Cycle         341 PC:     zzzz I:     zzzz R: 1   4     91bf M: 0 0     0000     6e50
SIMLOG:: Cycle         342 PC:     zzzz I:     zzzz R: 1   0     0000 M: 0 0     0000     0000
SIMLOG:: Cycle         343 PC:     zzzz I:     zzzz R: 1   5     0000 M: 0 0     xxxx     6e50
SIMLOG:: Cycle         344 PC:     zzzz I:     zzzz R: 0   x     xxxx M: 0 0     0000     0000
SIMLOG:: Cycle         345 PC:     zzzz I:     zzzz R: 0   0     0000 M: 0 0     xxxx     0000
SIMLOG:: Cycle         346 PC:     zzzz I:     zzzz R: 0   x     xxxx M: 0 0     xxxx     0000
SIMLOG:: Cycle         347 PC:     zzzz I:     zzzz R: 1   7     0000 M: 0 0     xxxx     0000
SIMLOG:: Cycle         348 PC:     zzzz I:     zzzz R: 1   6     0000 M: 0 0     xxxx     0000
SIMLOG:: Cycle         349 PC:     zzzz I:     zzzz R: 0   x     xxxx M: 0 0     0000     0000
SIMLOG:: Cycle         350 PC:     zzzz I:     zzzz R: 0   x     xxxx M: 0 0     0000     0000
SIMLOG:: Cycle         351 PC:     zzzz I:     zzzz R: 0   0     0000 M: 0 0     xxxx     0000
SIMLOG:: Cycle         352 PC:     zzzz I:     zzzz R: 0   x     xxxx M: 0 0     0000     0000
SIMLOG:: Cycle         353 PC:     zzzz I:     zzzz R: 1   4     0000 M: 0 0     0000     0000
SIMLOG:: Cycle         354 PC:     zzzz I:     zzzz R: 1   0     0001 M: 0 0     0009     0000
SIMLOG:: Cycle         355 PC:     zzzz I:     zzzz R: 1   7     0009 M: 0 0     0001     0001
SIMLOG:: Cycle         356 PC:     zzzz I:     zzzz R: 1   1     0001 M: 0 0     0000     0000
SIMLOG:: Cycle         357 PC:     zzzz I:     zzzz R: 1   4     0000 M: 0 1     0002     0000
SIMLOG:: Cycle         358 PC:     zzzz I:     zzzz R: 0   x     xxxx M: 0 0     0001     0001
SIMLOG:: Cycle         359 PC:     zzzz I:     zzzz R: 1   1     0001 M: 0 0     0000     0000
SIMLOG:: Cycle         360 PC:     zzzz I:     zzzz R: 1   5     0000 M: 0 0     0001     0000
SIMLOG:: Cycle         361 PC:     zzzz I:     zzzz R: 1   7     0001 M: 0 0     0000     0001
SIMLOG:: Cycle         362 PC:     zzzz I:     zzzz R: 1   5     0001 M: 0 0     0000     0000
SIMLOG:: Cycle         363 PC:     zzzz I:     zzzz R: 1   6     0000 M: 0 1     0000     0000
SIMLOG:: Cycle         364 PC:     zzzz I:     zzzz R: 0   x     xxxx M: 0 0     xxxx     0001
SIMLOG:: Cycle         365 PC:     zzzz I:     zzzz R: 1   5     0000 M: 0 0     xxxx     0001
SIMLOG:: Cycle         366 PC:     zzzz I:     zzzz R: 1   5     0000 M: 0 0     xxxx     0001
SIMLOG:: Cycle         367 PC:     zzzz I:     zzzz R: 0   x     xxxx M: 0 0     0001     0001
SIMLOG:: Cycle         368 PC:     zzzz I:     zzzz R: 0   x     xxxx M: 0 0     8000     0001
SIMLOG:: Cycle         369 PC:     zzzz I:     zzzz R: 1   0     8000 M: 0 0     0006     0000
SIMLOG:: Cycle         370 PC:     zzzz I:     zzzz R: 1   4     0006 M: 0 0     0000     0002
SIMLOG:: Cycle         371 PC:     zzzz I:     zzzz R: 1   4     0000 M: 0 0     0001     0001
SIMLOG:: Cycle         372 PC:     zzzz I:     zzzz R: 1   1     0001 M: 0 0     0001     8000
SIMLOG:: Cycle         373 PC:     zzzz I:     zzzz R: 1   0     0001 M: 0 0     0001     0000
SIMLOG:: Cycle         374 PC:     zzzz I:     zzzz R: 1   2     0000 M: 0 0     0000     0001
SIMLOG:: Cycle         375 PC:     zzzz I:     zzzz R: 1   5     0000 M: 0 0     0000     0000
SIMLOG:: Cycle         376 PC:     zzzz I:     zzzz R: 1   5     0000 M: 0 0     0000     0001
SIMLOG:: Cycle         377 PC:     zzzz I:     zzzz R: 1   0     0000 M: 0 1     0008     0000
SIMLOG:: Cycle         378 PC:     zzzz I:     zzzz R: 1   0     0008 M: 0 0     0001     0000
SIMLOG:: Cycle         379 PC:     zzzz I:     zzzz R: 1   6     0001 M: 0 0     0000     0000
SIMLOG:: Cycle         380 PC:     zzzz I:     zzzz R: 1   4     0000 M: 0 0     0002     0001
SIMLOG:: Cycle         381 PC:     zzzz I:     zzzz R: 1   7     0002 M: 0 0     0001     0000
SIMLOG:: Cycle         382 PC:     zzzz I:     zzzz R: 1   5     0000 M: 0 0     0000     0001
SIMLOG:: Cycle         383 PC:     zzzz I:     zzzz R: 1   6     0000 M: 0 1     0002     0000
SIMLOG:: Cycle         384 PC:     zzzz I:     zzzz R: 0   x     xxxx M: 0 0     fff8     0008
SIMLOG:: Cycle         385 PC:     zzzz I:     zzzz R: 1   5     0001 M: 0 0     010a     0008
SIMLOG:: Cycle         386 PC:     zzzz I:     zzzz R: 1   5     010a M: 0 0     0009     0001
SIMLOG:: Cycle         387 PC:     zzzz I:     zzzz R: 1   1     0009 M: 0 0     0002     0002
SIMLOG:: Cycle         388 PC:     zzzz I:     zzzz R: 1   0     0002 M: 0 0     0008     0001
SIMLOG:: Cycle         389 PC:     zzzz I:     zzzz R: 1   1     0008 M: 0 1     0012     0002
SIMLOG:: Cycle         390 PC:     zzzz I:     zzzz R: 0   x     xxxx M: 0 0     0000     0000
SIMLOG:: Cycle         391 PC:     zzzz I:     zzzz R: 1   6     0000 M: 0 0     0008     0008
SIMLOG:: Cycle         392 PC:     zzzz I:     zzzz R: 1   1     0008 M: 0 0     010a     0000
SIMLOG:: Cycle         393 PC:     zzzz I:     zzzz R: 1   5     0000 M: 0 0     0009     010a
SIMLOG:: Cycle         394 PC:     zzzz I:     zzzz R: 1   5     0009 M: 0 0     0002     0000
SIMLOG:: Cycle         395 PC:     zzzz I:     zzzz R: 1   0     0000 M: 0 0     0002     0000
SIMLOG:: Cycle         396 PC:     zzzz I:     zzzz R: 1   6     0000 M: 0 0     0000     0000
SIMLOG:: Cycle         397 PC:     zzzz I:     zzzz R: 1   0     0000 M: 0 0     0000     0000
SIMLOG:: Cycle         398 PC:     zzzz I:     zzzz R: 1   5     0000 M: 0 0     0000     0008
SIMLOG:: Cycle         399 PC:     zzzz I:     zzzz R: 1   1     0000 M: 0 0     0000     0000
SIMLOG:: Cycle         400 PC:     zzzz I:     zzzz R: 1   4     0000 M: 0 0     0002     0000
SIMLOG:: Cycle         401 PC:     zzzz I:     zzzz R: 1   5     0000 M: 0 0     0000     0000
SIMLOG:: Cycle         402 PC:     zzzz I:     zzzz R: 1   7     0000 M: 0 0     0000     0000
SIMLOG:: Cycle         403 PC:     zzzz I:     zzzz R: 1   5     0000 M: 0 0     0000     0000
SIMLOG:: Cycle         404 PC:     zzzz I:     zzzz R: 1   6     0001 M: 0 0     0000     0000
SIMLOG:: Cycle         405 PC:     zzzz I:     zzzz R: 1   2     0000 M: 1 0     000a     0000
SIMLOG:: Cycle         406 PC:     zzzz I:     zzzz R: 1   5     6e50 M: 0 0     0000     0000
SIMLOG:: Cycle         407 PC:     zzzz I:     zzzz R: 1   1     0000 M: 0 0     0000     0000
SIMLOG:: Cycle         408 PC:     zzzz I:     zzzz R: 1   3     0000 M: 0 0     xxxx     0000
SIMLOG:: Cycle         409 PC:     zzzz I:     zzzz R: 0   x     xxxx M: 0 0     0000     0000
SIMLOG:: Cycle         410 PC:     zzzz I:     zzzz R: 0   0     0000 M: 0 0     xxxx     0000
SIMLOG:: Cycle         411 PC:     zzzz I:     zzzz R: 0   x     xxxx M: 0 0     xxxx     0000
SIMLOG:: Cycle         412 PC:     zzzz I:     zzzz R: 0   x     xxxx M: 0 0     0000     0000
SIMLOG:: Cycle         413 PC:     zzzz I:     zzzz R: 0   0     0000 M: 0 0     xxxx     0000
SIMLOG:: Cycle         414 PC:     zzzz I:     zzzz R: 0   x     xxxx M: 0 0     0000     0000
SIMLOG:: Cycle         415 PC:     zzzz I:     zzzz R: 1   0     0000 M: 0 0     0000     6e50
SIMLOG:: Cycle         416 PC:     zzzz I:     zzzz R: 1   5     0000 M: 0 0     0000     0000
SIMLOG:: Cycle         417 PC:     zzzz I:     zzzz R: 1   7     0000 M: 0 0     xxxx     0000
SIMLOG:: Cycle         418 PC:     zzzz I:     zzzz R: 1   4     0000 M: 0 0     xxxx     0000
SIMLOG:: Cycle         419 PC:     zzzz I:     zzzz R: 1   5     0000 M: 0 0     xxxx     0000
SIMLOG:: Cycle         420 PC:     zzzz I:     zzzz R: 0   x     xxxx M: 0 0     0000     0000
SIMLOG:: Cycle         421 PC:     zzzz I:     zzzz R: 0   x     xxxx M: 0 0     0000     0000
SIMLOG:: Cycle         422 PC:     zzzz I:     zzzz R: 0   0     0000 M: 0 0     xxxx     0000
SIMLOG:: Cycle         423 PC:     zzzz I:     zzzz R: 0   x     xxxx M: 0 0     0000     0000
SIMLOG:: Cycle         424 PC:     zzzz I:     zzzz R: 1   1     0000 M: 0 0     xxxx     0000
SIMLOG:: Cycle         425 PC:     zzzz I:     zzzz R: 1   6     000f M: 0 0     0006     0000
SIMLOG:: Cycle         426 PC:     zzzz I:     zzzz R: 1   1     0006 M: 0 0     000c     0006
SIMLOG:: Cycle         427 PC:     zzzz I:     zzzz R: 1   3     000c M: 0 0     000c     0000
SIMLOG:: Cycle         428 PC:     zzzz I:     zzzz R: 1   6     000c M: 0 0     xxxx     0000
SIMLOG:: Cycle         429 PC:     zzzz I:     zzzz R: 0   x     xxxx M: 0 0     000c     000f
SIMLOG:: Cycle         430 PC:     zzzz I:     zzzz R: 1   6     000c M: 1 0     000e     0000
SIMLOG:: Cycle         431 PC:     zzzz I:     zzzz R: 1   7     93da M: 0 0     0000     000c
SIMLOG:: Cycle         432 PC:     zzzz I:     zzzz R: 1   1     0000 M: 0 0     000c     0000
SIMLOG:: Cycle         433 PC:     zzzz I:     zzzz R: 1   1     000c M: 0 0     0000     000c
SIMLOG:: Cycle         434 PC:     zzzz I:     zzzz R: 1   5     0000 M: 0 0     0001     000c
SIMLOG:: Cycle         435 PC:     zzzz I:     zzzz R: 1   6     0001 M: 0 0     xxxx     0000
SIMLOG:: Cycle         436 PC:     zzzz I:     zzzz R: 1   5     000c M: 0 0     xxxx     0000
SIMLOG:: Cycle         437 PC:     zzzz I:     zzzz R: 0   x     xxxx M: 0 0     0000     0000
SIMLOG:: Cycle         438 PC:     zzzz I:     zzzz R: 0   0     0000 M: 0 0     xxxx     0000
SIMLOG:: Cycle         439 PC:     zzzz I:     zzzz R: 0   x     xxxx M: 0 0     0006     0001
SIMLOG:: Cycle         440 PC:     zzzz I:     zzzz R: 1   6     0006 M: 0 0     0006     0001
SIMLOG:: Cycle         441 PC:     zzzz I:     zzzz R: 1   6     0006 M: 0 1     0008     000c
SIMLOG:: Cycle         442 PC:     zzzz I:     zzzz R: 0   x     xxxx M: 0 0     xxxx     0000
SIMLOG:: Cycle         443 PC:     zzzz I:     zzzz R: 1   1     0000 M: 0 0     xxxx     0000
SIMLOG:: Cycle         444 PC:     zzzz I:     zzzz R: 1   6     0000 M: 0 0     xxxx     0000
SIMLOG:: Cycle         445 PC:     zzzz I:     zzzz R: 0   x     xxxx M: 0 0     0000     0000
SIMLOG:: Cycle         446 PC:     zzzz I:     zzzz R: 0   x     xxxx M: 0 0     0000     0000
SIMLOG:: Cycle         447 PC:     zzzz I:     zzzz R: 0   0     0000 M: 0 0     xxxx     0000
SIMLOG:: Cycle         448 PC:     zzzz I:     zzzz R: 0   x     xxxx M: 0 0     93da     0000
SIMLOG:: Cycle         449 PC:     zzzz I:     zzzz R: 1   2     0000 M: 0 0     c000     000c
SIMLOG:: Cycle         450 PC:     zzzz I:     zzzz R: 1   5     c000 M: 0 0     000c     000c
SIMLOG:: Cycle         451 PC:     zzzz I:     zzzz R: 1   3     000c M: 1 0     0014     0000
SIMLOG:: Cycle         452 PC:     zzzz I:     zzzz R: 1   2     c511 M: 0 0     53da     93da
SIMLOG:: Cycle         453 PC:     zzzz I:     zzzz R: 1   3     0001 M: 0 0     0000     0000
SIMLOG:: Cycle         454 PC:     zzzz I:     zzzz R: 1   5     0000 M: 0 0     93da     93da
SIMLOG:: Cycle         455 PC:     zzzz I:     zzzz R: 1   7     93da M: 1 0     93da     c511
SIMLOG:: Cycle         456 PC:     zzzz I:     zzzz R: 1   2     0000 M: 0 0     0000     0001
SIMLOG:: Cycle         457 PC:     zzzz I:     zzzz R: 1   5     0000 M: 0 0     0000     0000
SIMLOG:: Cycle         458 PC:     zzzz I:     zzzz R: 1   4     0000 M: 0 0     0000     0001
SIMLOG:: Cycle         459 PC:     zzzz I:     zzzz R: 1   3     0000 M: 0 0     0000     0000
SIMLOG:: Cycle         460 PC:     zzzz I:     zzzz R: 1   1     0001 M: 0 0     0000     0000
SIMLOG:: Cycle         461 PC:     zzzz I:     zzzz R: 1   0     0000 M: 0 0     0000     0000
SIMLOG:: Cycle         462 PC:     zzzz I:     zzzz R: 1   1     0001 M: 0 0     0000     0000
SIMLOG:: Cycle         463 PC:     zzzz I:     zzzz R: 1   3     0000 M: 0 1     000a     0000
SIMLOG:: Cycle         464 PC:     zzzz I:     zzzz R: 0   X     xxxx M: 0 0     0000     0000
SIMLOG:: Cycle         465 PC:     zzzz I:     zzzz R: 1   4     0000 M: 0 0     0000     0000
SIMLOG:: Cycle         466 PC:     zzzz I:     zzzz R: 1   1     0000 M: 0 0     0000     0000
SIMLOG:: Cycle         467 PC:     zzzz I:     zzzz R: 1   6     0000 M: 0 0     xxxx     0000
SIMLOG:: Cycle         468 PC:     zzzz I:     zzzz R: 0   x     xxxx M: 0 0     0000     0000
SIMLOG:: Cycle         469 PC:     zzzz I:     zzzz R: 1   3     0000 M: 0 1     000c     0000
SIMLOG:: Cycle         470 PC:     zzzz I:     zzzz R: 1   3     000c M: 0 0     0000     0000
SIMLOG:: Cycle         471 PC:     zzzz I:     zzzz R: 1   1     0000 M: 0 1     000c     0000
SIMLOG:: Cycle         472 PC:     zzzz I:     zzzz R: 0   x     xxxx M: 0 0     xxxx     0000
SIMLOG:: Cycle         473 PC:     zzzz I:     zzzz R: 1   5     0000 M: 0 0     xxxx     0000
SIMLOG:: Cycle         474 PC:     zzzz I:     zzzz R: 1   4     0000 M: 0 0     xxxx     0000
SIMLOG:: Cycle         475 PC:     zzzz I:     zzzz R: 0   x     xxxx M: 0 0     0000     0000
SIMLOG:: Cycle         476 PC:     zzzz I:     zzzz R: 0   x     xxxx M: 0 0     0000     0000
SIMLOG:: Cycle         477 PC:     zzzz I:     zzzz R: 0   0     0000 M: 0 0     xxxx     0000
SIMLOG:: Cycle         478 PC:     zzzz I:     zzzz R: 0   x     xxxx M: 0 0     0000     0000
SIMLOG:: Cycle         479 PC:     zzzz I:     zzzz R: 1   6     0000 M: 0 0     0000     0000
SIMLOG:: Cycle         480 PC:     zzzz I:     zzzz R: 1   3     0000 M: 0 0     0000     0000
SIMLOG:: Cycle         481 PC:     zzzz I:     zzzz R: 1   3     0000 M: 0 0     xxxx     0000
SIMLOG:: Cycle         482 PC:     zzzz I:     zzzz R: 0   x     xxxx M: 0 0     0000     0000
SIMLOG:: Cycle         483 PC:     zzzz I:     zzzz R: 1   3     0000 M: 0 1     000e     93da
SIMLOG:: Cycle         484 PC:     zzzz I:     zzzz R: 0   X     xxxx M: 0 0     0000     0000
SIMLOG:: Cycle         485 PC:     zzzz I:     zzzz R: 1   0     0000 M: 0 0     0000     0000
SIMLOG:: Cycle         486 PC:     zzzz I:     zzzz R: 1   3     0000 M: 0 0     0000     0000
SIMLOG:: Cycle         487 PC:     zzzz I:     zzzz R: 1   4     0000 M: 0 0     0000     0000
SIMLOG:: Cycle         488 PC:     zzzz I:     zzzz R: 1   6     0000 M: 0 0     0000     0000
SIMLOG:: Cycle         489 PC:     zzzz I:     zzzz R: 1   2     0000 M: 0 0     xxxx     0000
SIMLOG:: Cycle         490 PC:     zzzz I:     zzzz R: 0   x     xxxx M: 0 0     0000     0000
SIMLOG:: Cycle         491 PC:     zzzz I:     zzzz R: 1   5     0000 M: 0 1     000a     0000
SIMLOG:: Cycle         492 PC:     zzzz I:     zzzz R: 0   x     xxxx M: 0 0     xxxx     0000
SIMLOG:: Cycle         493 PC:     zzzz I:     zzzz R: 0   x     xxxx M: 0 0     0000     0000
SIMLOG:: Cycle         494 PC:     zzzz I:     zzzz R: 0   0     0000 M: 0 0     xxxx     0000
SIMLOG:: Cycle         495 PC:     zzzz I:     zzzz R: 0   x     xxxx M: 0 0     xxxx     0000
SIMLOG:: Cycle         496 PC:     zzzz I:     zzzz R: 1   3     0000 M: 0 0     xxxx     0000
SIMLOG:: Cycle         497 PC:     zzzz I:     zzzz R: 1   1     0000 M: 0 0     xxxx     0000
SIMLOG:: Cycle         498 PC:     zzzz I:     zzzz R: 0   x     xxxx M: 0 0     0000     0000
SIMLOG:: Cycle         499 PC:     zzzz I:     zzzz R: 0   x     xxxx M: 0 0     f6a4     93da
SIMLOG:: Cycle         500 PC:     zzzz I:     zzzz R: 1   7     f6a4 M: 0 0     0000     0000
SIMLOG:: Cycle         501 PC:     zzzz I:     zzzz R: 1   5     0000 M: 0 0     0000     0000
SIMLOG:: Cycle         502 PC:     zzzz I:     zzzz R: 1   6     0000 M: 0 0     0000     0000
SIMLOG:: Cycle         503 PC:     zzzz I:     zzzz R: 1   2     0000 M: 0 0     f6a4     0000
SIMLOG:: Cycle         504 PC:     zzzz I:     zzzz R: 1   6     f6a4 M: 0 0     0000     f6a4
SIMLOG:: Cycle         505 PC:     zzzz I:     zzzz R: 1   2     0000 M: 0 0     xxxx     0000
SIMLOG:: Cycle         506 PC:     zzzz I:     zzzz R: 1   4     0000 M: 0 0     xxxx     0000
SIMLOG:: Cycle         507 PC:     zzzz I:     zzzz R: 1   2     0000 M: 0 0     xxxx     0000
SIMLOG:: Cycle         508 PC:     zzzz I:     zzzz R: 0   x     xxxx M: 0 0     0000     0000
SIMLOG:: Cycle         509 PC:     zzzz I:     zzzz R: 0   x     xxxx M: 0 0     0002     f6a4
SIMLOG:: Cycle         510 PC:     zzzz I:     zzzz R: 1   6     0002 M: 0 0     xxxx     0000
SIMLOG:: Cycle         511 PC:     zzzz I:     zzzz R: 0   x     xxxx M: 0 0     0000     0000
SIMLOG:: Cycle         512 PC:     zzzz I:     zzzz R: 1   0     0000 M: 0 1     0000     f6a4
SIMLOG:: Cycle         513 PC:     zzzz I:     zzzz R: 0   x     xxxx M: 0 0     0000     f6a4
SIMLOG:: Cycle         514 PC:     zzzz I:     zzzz R: 1   6     0000 M: 0 0     01ed     0000
SIMLOG:: Cycle         515 PC:     zzzz I:     zzzz R: 1   0     01ed M: 0 0     xxxx     0000
SIMLOG:: Cycle         516 PC:     zzzz I:     zzzz R: 1   5     0004 M: 0 0     0004     0000
SIMLOG:: Cycle         517 PC:     zzzz I:     zzzz R: 1   3     0004 M: 0 0     0000     0000
SIMLOG:: Cycle         518 PC:     zzzz I:     zzzz R: 1   7     0000 M: 0 0     0000     0000
SIMLOG:: Cycle         519 PC:     zzzz I:     zzzz R: 1   0     0000 M: 0 0     0000     0000
SIMLOG:: Cycle         520 PC:     zzzz I:     zzzz R: 1   0     0000 M: 0 0     0000     0000
SIMLOG:: Cycle         521 PC:     zzzz I:     zzzz R: 1   3     0000 M: 0 0     0000     0000
SIMLOG:: Cycle         522 PC:     zzzz I:     zzzz R: 1   0     0000 M: 0 0     000f     0000
SIMLOG:: Cycle         523 PC:     zzzz I:     zzzz R: 1   1     000f M: 0 0     0000     0004
SIMLOG:: Cycle         524 PC:     zzzz I:     zzzz R: 1   5     0000 M: 0 0     000e     0000
SIMLOG:: Cycle         525 PC:     zzzz I:     zzzz R: 1   1     000e M: 0 0     0000     0000
SIMLOG:: Cycle         526 PC:     zzzz I:     zzzz R: 1   4     0000 M: 0 0     0000     0000
SIMLOG:: Cycle         527 PC:     zzzz I:     zzzz R: 1   1     0000 M: 0 0     0000     0000
SIMLOG:: Cycle         528 PC:     zzzz I:     zzzz R: 1   1     0000 M: 0 0     0000     0000
SIMLOG:: Cycle         529 PC:     zzzz I:     zzzz R: 1   0     0000 M: 0 0     0000     0000
SIMLOG:: Cycle         530 PC:     zzzz I:     zzzz R: 1   7     0000 M: 1 0     0002     0000
SIMLOG:: Cycle         531 PC:     zzzz I:     zzzz R: 1   6     0000 M: 0 0     0000     0000
SIMLOG:: Cycle         532 PC:     zzzz I:     zzzz R: 1   2     0000 M: 0 0     0000     0000
SIMLOG:: Cycle         533 PC:     zzzz I:     zzzz R: 1   2     0000 M: 0 0     0000     0000
SIMLOG:: Cycle         534 PC:     zzzz I:     zzzz R: 1   7     0000 M: 0 0     000e     0000
SIMLOG:: Cycle         535 PC:     zzzz I:     zzzz R: 1   0     000e M: 0 0     0000     0000
SIMLOG:: Cycle         536 PC:     zzzz I:     zzzz R: 1   0     0000 M: 0 0     0000     0000
SIMLOG:: Cycle         537 PC:     zzzz I:     zzzz R: 1   2     0001 M: 0 0     0000     0000
SIMLOG:: Cycle         538 PC:     zzzz I:     zzzz R: 1   1     0000 M: 0 0     0000     0001
SIMLOG:: Cycle         539 PC:     zzzz I:     zzzz R: 1   3     0000 M: 0 0     0000     0000
SIMLOG:: Cycle         540 PC:     zzzz I:     zzzz R: 1   4     0000 M: 1 0     0008     0000
SIMLOG:: Cycle         541 PC:     zzzz I:     zzzz R: 1   4     000c M: 0 0     xxxx     0000
SIMLOG:: Cycle         542 PC:     zzzz I:     zzzz R: 1   6     0000 M: 0 0     xxxx     0000
SIMLOG:: Cycle         543 PC:     zzzz I:     zzzz R: 1   0     0000 M: 0 0     xxxx     0000
SIMLOG:: Cycle         544 PC:     zzzz I:     zzzz R: 0   x     xxxx M: 0 0     0000     0000
SIMLOG:: Cycle         545 PC:     zzzz I:     zzzz R: 0   x     xxxx M: 0 0     0000     0000
SIMLOG:: Cycle         546 PC:     zzzz I:     zzzz R: 1   0     0000 M: 0 0     0000     0001
SIMLOG:: Cycle         547 PC:     zzzz I:     zzzz R: 1   4     0000 M: 0 0     0000     0001
SIMLOG:: Cycle         548 PC:     zzzz I:     zzzz R: 1   2     0000 M: 0 0     0000     0000
SIMLOG:: Cycle         549 PC:     zzzz I:     zzzz R: 1   3     0000 M: 0 0     0000     0000
SIMLOG:: Cycle         550 PC:     zzzz I:     zzzz R: 1   1     0000 M: 0 0     0003     0000
SIMLOG:: Cycle         551 PC:     zzzz I:     zzzz R: 1   3     0003 M: 0 0     0000     0000
SIMLOG:: Cycle         552 PC:     zzzz I:     zzzz R: 1   6     0000 M: 0 0     0000     0000
SIMLOG:: Cycle         553 PC:     zzzz I:     zzzz R: 1   1     0000 M: 0 0     xxxx     0000
SIMLOG:: Cycle         554 PC:     zzzz I:     zzzz R: 1   0     0000 M: 0 0     xxxx     0000
SIMLOG:: Cycle         555 PC:     zzzz I:     zzzz R: 1   0     0000 M: 0 0     xxxx     0000
SIMLOG:: Cycle         556 PC:     zzzz I:     zzzz R: 0   x     xxxx M: 0 0     0000     0000
SIMLOG:: Cycle         557 PC:     zzzz I:     zzzz R: 0   x     xxxx M: 0 0     0000     0000
SIMLOG:: Cycle         558 PC:     zzzz I:     zzzz R: 1   2     0000 M: 0 0     0000     0000
SIMLOG:: Cycle         559 PC:     zzzz I:     zzzz R: 1   2     0000 M: 0 0     0000     0000
SIMLOG:: Cycle         560 PC:     zzzz I:     zzzz R: 1   0     0001 M: 0 0     0000     0000
SIMLOG:: Cycle         561 PC:     zzzz I:     zzzz R: 1   7     0000 M: 0 0     0000     0000
SIMLOG:: Cycle         562 PC:     zzzz I:     zzzz R: 1   5     0000 M: 0 0     xxxx     0001
SIMLOG:: Cycle         563 PC:     zzzz I:     zzzz R: 0   x     xxxx M: 0 0     0000     0001
SIMLOG:: Cycle         564 PC:     zzzz I:     zzzz R: 1   0     0000 M: 0 1     0002     0000
SIMLOG:: Cycle         565 PC:     zzzz I:     zzzz R: 0   x     xxxx M: 0 0     0003     0000
SIMLOG:: Cycle         566 PC:     zzzz I:     zzzz R: 1   0     0000 M: 0 0     0000     0000
SIMLOG:: Cycle         567 PC:     zzzz I:     zzzz R: 1   7     0000 M: 0 0     0000     0000
SIMLOG:: Cycle         568 PC:     zzzz I:     zzzz R: 1   1     0000 M: 0 1     000a     0000
SIMLOG:: Cycle         569 PC:     zzzz I:     zzzz R: 1   1     000a M: 0 0     0000     000a
SIMLOG:: Cycle         570 PC:     zzzz I:     zzzz R: 1   3     0000 M: 0 0     xxxx     0000
SIMLOG:: Cycle         571 PC:     zzzz I:     zzzz R: 0   x     xxxx M: 0 0     0000     0000
SIMLOG:: Cycle         572 PC:     zzzz I:     zzzz R: 1   0     0000 M: 0 1     0002     0000
SIMLOG:: Cycle         573 PC:     zzzz I:     zzzz R: 0   x     xxxx M: 0 0     0000     0000
SIMLOG:: Cycle         574 PC:     zzzz I:     zzzz R: 1   3     0000 M: 0 1     0006     0000
SIMLOG:: Cycle         575 PC:     zzzz I:     zzzz R: 1   3     0006 M: 0 0     5000     0000
SIMLOG:: Cycle         576 PC:     zzzz I:     zzzz R: 1   6     5000 M: 0 0     5000     0000
SIMLOG:: Cycle         577 PC:     zzzz I:     zzzz R: 1   2     0000 M: 0 0     0000     0000
SIMLOG:: Cycle         578 PC:     zzzz I:     zzzz R: 1   0     0000 M: 0 0     0000     0006
SIMLOG:: Cycle         579 PC:     zzzz I:     zzzz R: 1   3     0000 M: 0 0     0000     0000
SIMLOG:: Cycle         580 PC:     zzzz I:     zzzz R: 1   2     0000 M: 0 0     0000     5000
SIMLOG:: Cycle         581 PC:     zzzz I:     zzzz R: 1   6     0000 M: 0 0     0000     0000
SIMLOG:: Cycle         582 PC:     zzzz I:     zzzz R: 1   6     0000 M: 0 0     0000     0000
SIMLOG:: Cycle         583 PC:     zzzz I:     zzzz R: 1   4     0000 M: 0 0     0005     0000
SIMLOG:: Cycle         584 PC:     zzzz I:     zzzz R: 1   0     0005 M: 0 0     fffb     0005
SIMLOG:: Cycle         585 PC:     zzzz I:     zzzz R: 1   3     0001 M: 0 0     0000     0001
SIMLOG:: Cycle         586 PC:     zzzz I:     zzzz R: 1   7     0000 M: 0 0     0001     0000
SIMLOG:: Cycle         587 PC:     zzzz I:     zzzz R: 1   7     0001 M: 0 0     000c     0005
SIMLOG:: Cycle         588 PC:     zzzz I:     zzzz R: 1   4     000c M: 0 0     000b     0005
SIMLOG:: Cycle         589 PC:     zzzz I:     zzzz R: 1   2     000b M: 0 0     0011     0005
SIMLOG:: Cycle         590 PC:     zzzz I:     zzzz R: 1   6     0011 M: 0 0     2800     000a
SIMLOG:: Cycle         591 PC:     zzzz I:     zzzz R: 1   1     2800 M: 0 0     xxxx     0005
SIMLOG:: Cycle         592 PC:     zzzz I:     zzzz R: 0   x     xxxx M: 0 0     00a0     0005
SIMLOG:: Cycle         593 PC:     zzzz I:     zzzz R: 0   0     0000 M: 0 0     xxxx     0005
SIMLOG:: Cycle         594 PC:     zzzz I:     zzzz R: 0   x     xxxx M: 0 0     xxxx     0005
SIMLOG:: Cycle         595 PC:     zzzz I:     zzzz R: 1   0     0000 M: 0 0     xxxx     0005
SIMLOG:: Cycle         596 PC:     zzzz I:     zzzz R: 1   1     0000 M: 0 0     0000     0005
SIMLOG:: Cycle         597 PC:     zzzz I:     zzzz R: 0   x     xxxx M: 0 0     0000     2800
SIMLOG:: Cycle         598 PC:     zzzz I:     zzzz R: 0   0     0000 M: 0 0     xxxx     0000
SIMLOG:: Cycle         599 PC:     zzzz I:     zzzz R: 0   x     xxxx M: 0 0     0001     0000
SIMLOG:: Cycle         600 PC:     zzzz I:     zzzz R: 1   7     0000 M: 0 0     000e     0000
SIMLOG:: Cycle         601 PC:     zzzz I:     zzzz R: 1   5     000e M: 0 0     0003     000b
SIMLOG:: Cycle         602 PC:     zzzz I:     zzzz R: 1   6     0000 M: 0 0     0002     000c
SIMLOG:: Cycle         603 PC:     zzzz I:     zzzz R: 1   2     0002 M: 0 0     0000     0000
SIMLOG:: Cycle         604 PC:     zzzz I:     zzzz R: 1   6     0000 M: 0 0     0000     0000
SIMLOG:: Cycle         605 PC:     zzzz I:     zzzz R: 1   0     0000 M: 0 0     0380     0000
SIMLOG:: Cycle         606 PC:     zzzz I:     zzzz R: 1   7     0380 M: 0 0     0001     0000
SIMLOG:: Cycle         607 PC:     zzzz I:     zzzz R: 1   3     0000 M: 0 0     0008     0000
SIMLOG:: Cycle         608 PC:     zzzz I:     zzzz R: 1   6     0008 M: 0 0     0000     0000
SIMLOG:: Cycle         609 PC:     zzzz I:     zzzz R: 1   6     0000 M: 0 0     xxxx     0000
SIMLOG:: Cycle         610 PC:     zzzz I:     zzzz R: 0   x     xxxx M: 0 0     0000     0000
SIMLOG:: Cycle         611 PC:     zzzz I:     zzzz R: 0   0     0000 M: 0 0     xxxx     0000
SIMLOG:: Cycle         612 PC:     zzzz I:     zzzz R: 0   x     xxxx M: 0 0     fffe     000c
SIMLOG:: Cycle         613 PC:     zzzz I:     zzzz R: 1   3     fffe M: 0 0     fffe     0000
SIMLOG:: Cycle         614 PC:     zzzz I:     zzzz R: 1   7     fffe M: 0 0     0004     000c
SIMLOG:: Cycle         615 PC:     zzzz I:     zzzz R: 1   4     0004 M: 0 0     xxxx     0000
SIMLOG:: Cycle         616 PC:     zzzz I:     zzzz R: 1   7     0000 M: 0 0     xxxx     0000
SIMLOG:: Cycle         617 PC:     zzzz I:     zzzz R: 1   7     0000 M: 0 0     xxxx     0000
SIMLOG:: Cycle         618 PC:     zzzz I:     zzzz R: 0   x     xxxx M: 0 0     0000     0000
SIMLOG:: Cycle         619 PC:     zzzz I:     zzzz R: 0   x     xxxx M: 0 0     0000     0000
SIMLOG:: Cycle         620 PC:     zzzz I:     zzzz R: 0   0     0000 M: 0 0     xxxx     0000
SIMLOG:: Cycle         621 PC:     zzzz I:     zzzz R: 0   x     xxxx M: 0 0     xxxx     0000
SIMLOG:: Cycle         622 PC:     zzzz I:     zzzz R: 1   0     0000 M: 0 0     xxxx     0000
SIMLOG:: Cycle         623 PC:     zzzz I:     zzzz R: 1   1     0000 M: 0 0     xxxx     0000
SIMLOG:: Cycle         624 PC:     zzzz I:     zzzz R: 0   x     xxxx M: 0 0     000e     0000
SIMLOG:: Cycle         625 PC:     zzzz I:     zzzz R: 0   x     xxxx M: 0 0     0000     000e
SIMLOG:: Cycle         626 PC:     zzzz I:     zzzz R: 0   0     0000 M: 0 0     xxxx     0000
SIMLOG:: Cycle         627 PC:     zzzz I:     zzzz R: 0   x     xxxx M: 0 0     0000     0000
SIMLOG:: Cycle         628 PC:     zzzz I:     zzzz R: 1   2     0001 M: 0 0     0000     0004
SIMLOG:: Cycle         629 PC:     zzzz I:     zzzz R: 1   6     0000 M: 0 0     0001     0000
SIMLOG:: Cycle         630 PC:     zzzz I:     zzzz R: 1   2     0001 M: 0 0     0000     fffe
SIMLOG:: Cycle         631 PC:     zzzz I:     zzzz R: 1   3     0000 M: 0 0     0000     000e
SIMLOG:: Cycle         632 PC:     zzzz I:     zzzz R: 1   5     0000 M: 0 0     0000     0001
SIMLOG:: Cycle         633 PC:     zzzz I:     zzzz R: 1   7     0000 M: 0 0     0001     0000
SIMLOG:: Cycle         634 PC:     zzzz I:     zzzz R: 1   6     0001 M: 0 0     fffe     0000
SIMLOG:: Cycle         635 PC:     zzzz I:     zzzz R: 1   0     fffe M: 0 0     fffc     0004
SIMLOG:: Cycle         636 PC:     zzzz I:     zzzz R: 1   0     0001 M: 0 0     xxxx     0000
SIMLOG:: Cycle         637 PC:     zzzz I:     zzzz R: 0   x     xxxx M: 0 0     4000     fffe
SIMLOG:: Cycle         638 PC:     zzzz I:     zzzz R: 0   0     0000 M: 0 0     xxxx     0001
SIMLOG:: Cycle         639 PC:     zzzz I:     zzzz R: 0   x     xxxx M: 0 0     xxxx     0001
SIMLOG:: Cycle         640 PC:     zzzz I:     zzzz R: 0   x     xxxx M: 0 0     0002     0001
SIMLOG:: Cycle         641 PC:     zzzz I:     zzzz R: 0   0     0000 M: 0 0     xxxx     0001
SIMLOG:: Cycle         642 PC:     zzzz I:     zzzz R: 0   x     xxxx M: 0 0     0000     0000
SIMLOG:: Cycle         643 PC:     zzzz I:     zzzz R: 1   0     0000 M: 0 0     xxxx     0001
SIMLOG:: Cycle         644 PC:     zzzz I:     zzzz R: 0   x     xxxx M: 0 0     0000     0001
SIMLOG:: Cycle         645 PC:     zzzz I:     zzzz R: 0   0     0000 M: 0 0     xxxx     0000
SIMLOG:: Cycle         646 PC:     zzzz I:     zzzz R: 0   x     xxxx M: 0 0     xxxx     0000
SIMLOG:: Cycle         647 PC:     zzzz I:     zzzz R: 0   x     xxxx M: 0 0     0000     0001
SIMLOG:: Cycle         648 PC:     zzzz I:     zzzz R: 1   6     0000 M: 0 1     0008     0004
SIMLOG:: Cycle         649 PC:     zzzz I:     zzzz R: 0   x     xxxx M: 0 0     xxxx     0000
SIMLOG:: Cycle         650 PC:     zzzz I:     zzzz R: 1   0     0000 M: 0 0     xxxx     0000
SIMLOG:: Cycle         651 PC:     zzzz I:     zzzz R: 1   0     0000 M: 0 0     xxxx     0000
SIMLOG:: Cycle         652 PC:     zzzz I:     zzzz R: 0   x     xxxx M: 0 0     0000     0000
SIMLOG:: Cycle         653 PC:     zzzz I:     zzzz R: 0   x     xxxx M: 0 0     0000     0001
SIMLOG:: Cycle         654 PC:     zzzz I:     zzzz R: 0   0     0000 M: 0 0     xxxx     0000
SIMLOG:: Cycle         655 PC:     zzzz I:     zzzz R: 0   x     xxxx M: 0 0     0000     0004
SIMLOG:: Cycle         656 PC:     zzzz I:     zzzz R: 1   4     0000 M: 0 0     0000     0000
SIMLOG:: Cycle         657 PC:     zzzz I:     zzzz R: 1   5     0000 M: 0 0     0000     0000
SIMLOG:: Cycle         658 PC:     zzzz I:     zzzz R: 1   6     0000 M: 0 1     000e     0000
SIMLOG:: Cycle         659 PC:     zzzz I:     zzzz R: 0   x     xxxx M: 0 0     0000     0000
SIMLOG:: Cycle         660 PC:     zzzz I:     zzzz R: 1   0     0000 M: 0 0     0000     0000
SIMLOG:: Cycle         661 PC:     zzzz I:     zzzz R: 1   5     0001 M: 0 0     0000     0000
SIMLOG:: Cycle         662 PC:     zzzz I:     zzzz R: 1   5     0000 M: 0 0     0000     0000
SIMLOG:: Cycle         663 PC:     zzzz I:     zzzz R: 1   3     0000 M: 0 0     0004     0000
SIMLOG:: Cycle         664 PC:     zzzz I:     zzzz R: 1   7     0004 M: 0 0     0007     0000
SIMLOG:: Cycle         665 PC:     zzzz I:     zzzz R: 1   1     0007 M: 0 0     xxxx     0000
SIMLOG:: Cycle         666 PC:     zzzz I:     zzzz R: 0   x     xxxx M: 0 0     0000     0000
SIMLOG:: Cycle         667 PC:     zzzz I:     zzzz R: 0   0     0000 M: 0 0     xxxx     0000
SIMLOG:: Cycle         668 PC:     zzzz I:     zzzz R: 0   x     xxxx M: 0 0     xxxx     0000
SIMLOG:: Cycle         669 PC:     zzzz I:     zzzz R: 0   x     xxxx M: 0 0     0000     0000
SIMLOG:: Cycle         670 PC:     zzzz I:     zzzz R: 0   0     0000 M: 0 0     xxxx     0000
SIMLOG:: Cycle         671 PC:     zzzz I:     zzzz R: 0   x     xxxx M: 0 0     xxxx     0000
SIMLOG:: Cycle         672 PC:     zzzz I:     zzzz R: 1   6     0000 M: 0 0     xxxx     0000
SIMLOG:: Cycle         673 PC:     zzzz I:     zzzz R: 1   6     0000 M: 0 0     xxxx     0000
SIMLOG:: Cycle         674 PC:     zzzz I:     zzzz R: 0   x     xxxx M: 0 0     0001     0000
SIMLOG:: Cycle         675 PC:     zzzz I:     zzzz R: 0   x     xxxx M: 0 0     0007     0000
SIMLOG:: Cycle         676 PC:     zzzz I:     zzzz R: 1   1     0007 M: 0 0     0000     0000
SIMLOG:: Cycle         677 PC:     zzzz I:     zzzz R: 1   2     0000 M: 0 0     0007     0000
SIMLOG:: Cycle         678 PC:     zzzz I:     zzzz R: 1   4     0007 M: 0 0     fffc     0004
SIMLOG:: Cycle         679 PC:     zzzz I:     zzzz R: 1   0     0001 M: 0 0     0000     0004
SIMLOG:: Cycle         680 PC:     zzzz I:     zzzz R: 1   0     0001 M: 0 0     0004     0000
SIMLOG:: Cycle         681 PC:     zzzz I:     zzzz R: 1   2     0004 M: 0 0     0007     0007
SIMLOG:: Cycle         682 PC:     zzzz I:     zzzz R: 1   5     0007 M: 0 0     1000     0000
SIMLOG:: Cycle         683 PC:     zzzz I:     zzzz R: 1   6     1000 M: 0 0     xxxx     0001
SIMLOG:: Cycle         684 PC:     zzzz I:     zzzz R: 1   5     0000 M: 0 0     xxxx     0001
SIMLOG:: Cycle         685 PC:     zzzz I:     zzzz R: 1   7     0000 M: 0 0     xxxx     0001
SIMLOG:: Cycle         686 PC:     zzzz I:     zzzz R: 0   x     xxxx M: 0 0     1000     0001
SIMLOG:: Cycle         687 PC:     zzzz I:     zzzz R: 0   x     xxxx M: 0 0     0000     0001
SIMLOG:: Cycle         688 PC:     zzzz I:     zzzz R: 0   0     0000 M: 0 0     xxxx     0001
SIMLOG:: Cycle         689 PC:     zzzz I:     zzzz R: 0   x     xxxx M: 0 0     1000     1000
SIMLOG:: Cycle         690 PC:     zzzz I:     zzzz R: 1   7     1000 M: 0 0     000e     0004
SIMLOG:: Cycle         691 PC:     zzzz I:     zzzz R: 1   2     000e M: 0 0     0040     1000
SIMLOG:: Cycle         692 PC:     zzzz I:     zzzz R: 1   6     0040 M: 0 0     000e     0000
SIMLOG:: Cycle         693 PC:     zzzz I:     zzzz R: 1   0     000e M: 0 0     0000     000e
SIMLOG:: Cycle         694 PC:     zzzz I:     zzzz R: 1   4     0000 M: 0 0     f000     1000
SIMLOG:: Cycle         695 PC:     zzzz I:     zzzz R: 1   1     0001 M: 0 0     000e     0001
SIMLOG:: Cycle         696 PC:     zzzz I:     zzzz R: 1   4     000e M: 0 0     0007     0000
SIMLOG:: Cycle         697 PC:     zzzz I:     zzzz R: 1   4     0007 M: 0 0     0009     000e
SIMLOG:: Cycle         698 PC:     zzzz I:     zzzz R: 1   5     0009 M: 0 0     0000     000e
SIMLOG:: Cycle         699 PC:     zzzz I:     zzzz R: 1   0     0000 M: 0 0     0000     0007
SIMLOG:: Cycle         700 PC:     zzzz I:     zzzz R: 1   7     0000 M: 0 0     0000     000e
SIMLOG:: Cycle         701 PC:     zzzz I:     zzzz R: 1   7     0000 M: 0 0     0000     000e
SIMLOG:: Cycle         702 PC:     zzzz I:     zzzz R: 1   3     0001 M: 0 0     xxxx     0000
SIMLOG:: Cycle         703 PC:     zzzz I:     zzzz R: 0   x     xxxx M: 0 0     0008     0009
SIMLOG:: Cycle         704 PC:     zzzz I:     zzzz R: 1   5     0008 M: 1 0     0010     0000
SIMLOG:: Cycle         705 PC:     zzzz I:     zzzz R: 1   7     0000 M: 0 0     0000     xxxx
SIMLOG:: Cycle         706 PC:     zzzz I:     zzzz R: 0   0     0000 M: 0 0     0000     0000
SIMLOG:: Cycle         707 PC:     zzzz I:     zzzz R: 1   4     0000 M: 0 0     xxxx     0000
SIMLOG:: Cycle         708 PC:     zzzz I:     zzzz R: 0   x     xxxx M: 0 0     0000     0001
SIMLOG:: Cycle         709 PC:     zzzz I:     zzzz R: 1   1     0000 M: 0 1     0000     0000
SIMLOG:: Cycle         710 PC:     zzzz I:     zzzz R: 1   1     0000 M: 0 0     xxxx     0000
SIMLOG:: Cycle         711 PC:     zzzz I:     zzzz R: 1   4     0000 M: 0 0     xxxx     0000
SIMLOG:: Cycle         712 PC:     zzzz I:     zzzz R: 1   0     0000 M: 0 0     xxxx     0000
SIMLOG:: Cycle         713 PC:     zzzz I:     zzzz R: 0   x     xxxx M: 0 0     0001     0000
SIMLOG:: Cycle         714 PC:     zzzz I:     zzzz R: 0   x     xxxx M: 0 0     0040     0040
SIMLOG:: Cycle         715 PC:     zzzz I:     zzzz R: 1   6     0040 M: 0 1     0044     0040
SIMLOG:: Cycle         716 PC:     zzzz I:     zzzz R: 0   x     xxxx M: 0 0     xxxx     0000
SIMLOG:: Cycle         717 PC:     zzzz I:     zzzz R: 1   6     0006 M: 0 0     0000     000e
SIMLOG:: Cycle         718 PC:     zzzz I:     zzzz R: 1   2     0000 M: 0 0     0000     0000
SIMLOG:: Cycle         719 PC:     zzzz I:     zzzz R: 1   7     0000 M: 0 0     0008     0006
SIMLOG:: Cycle         720 PC:     zzzz I:     zzzz R: 1   6     0008 M: 0 0     xxxx     0000
SIMLOG:: Cycle         721 PC:     zzzz I:     zzzz R: 1   3     0000 M: 0 0     xxxx     0000
SIMLOG:: Cycle         722 PC:     zzzz I:     zzzz R: 1   3     0000 M: 0 0     xxxx     0000
SIMLOG:: Cycle         723 PC:     zzzz I:     zzzz R: 0   x     xxxx M: 0 0     0000     0000
SIMLOG:: Cycle         724 PC:     zzzz I:     zzzz R: 0   x     xxxx M: 0 0     0008     0000
SIMLOG:: Cycle         725 PC:     zzzz I:     zzzz R: 0   0     0000 M: 0 0     xxxx     0000
SIMLOG:: Cycle         726 PC:     zzzz I:     zzzz R: 0   x     xxxx M: 0 0     0000     0000
SIMLOG:: Cycle         727 PC:     zzzz I:     zzzz R: 1   1     0000 M: 0 0     0005     0000
SIMLOG:: Cycle         728 PC:     zzzz I:     zzzz R: 1   7     0005 M: 0 0     0000     0008
SIMLOG:: Cycle         729 PC:     zzzz I:     zzzz R: 1   1     0001 M: 0 0     0000     0008
SIMLOG:: Cycle         730 PC:     zzzz I:     zzzz R: 1   3     0001 M: 0 0     0000     0000
SIMLOG:: Cycle         731 PC:     zzzz I:     zzzz R: 1   1     0000 M: 0 0     xxxx     0000
SIMLOG:: Cycle         732 PC:     zzzz I:     zzzz R: 1   6     000c M: 0 0     0004     0001
SIMLOG:: Cycle         733 PC:     zzzz I:     zzzz R: 1   4     0000 M: 0 0     0000     0000
SIMLOG:: Cycle         734 PC:     zzzz I:     zzzz R: 1   1     0000 M: 0 0     xxxx     0000
SIMLOG:: Cycle         735 PC:     zzzz I:     zzzz R: 1   1     0009 M: 0 0     0006     0000
SIMLOG:: Cycle         736 PC:     zzzz I:     zzzz R: 1   2     0006 M: 0 0     0008     0000
SIMLOG:: Cycle         737 PC:     zzzz I:     zzzz R: 1   1     0008 M: 0 1     0014     0006
SIMLOG:: Cycle         738 PC:     zzzz I:     zzzz R: 0   x     xxxx M: 0 0     fff8     0000
SIMLOG:: Cycle         739 PC:     zzzz I:     zzzz R: 1   3     fff8 M: 0 0     0000     0008
SIMLOG:: Cycle         740 PC:     zzzz I:     zzzz R: 1   7     0000 M: 0 0     0008     0008
SIMLOG:: Cycle         741 PC:     zzzz I:     zzzz R: 1   5     0008 M: 0 0     xxxx     0000
SIMLOG:: Cycle         742 PC:     zzzz I:     zzzz R: 0   x     xxxx M: 0 0     0008     0008
SIMLOG:: Cycle         743 PC:     zzzz I:     zzzz R: 1   5     0008 M: 0 1     0014     0006
SIMLOG:: Cycle         744 PC:     zzzz I:     zzzz R: 1   5     0014 M: 0 0     xxxx     0000
SIMLOG:: Processor halted

SIMLOG:: sim_cycles         744

SIMLOG:: inst_count         537

SIMLOG:: dcachehit_count           0

SIMLOG:: icachehit_count           0

SIMLOG:: dcachereq_count           0

SIMLOG:: icachereq_count           0

