
                        DC Professional (TM)
                           DC Expert (TM)
                            DC Ultra (TM)
                       FloorPlan Manager (TM)
                          HDL Compiler (TM)
                         VHDL Compiler (TM)
                        Library Compiler (TM)
                      DesignWare Developer (TM)
                          DFT Compiler (TM)
                            BSD Compiler
                         Power Compiler (TM)

           Version B-2008.09-SP3 for amd64 -- Jan 19, 2009
              Copyright (c) 1988-2008 by Synopsys, Inc.
                         ALL RIGHTS RESERVED

This software and the associated documentation are confidential and 
proprietary to Synopsys, Inc. Your use or disclosure of this software 
is subject to the terms and conditions of a written license agreement 
between you, or your company, and Synopsys, Inc.

The above trademark notice does not imply that you are licensed to use 
all of the listed products. You are licensed to use only those products 
for which you have lawfully obtained a valid license key.

Initializing...
echo "********** CS552 Reading files begin ********************"
********** CS552 Reading files begin ********************
set my_verilog_files [list and2.v and3.v decoder3_8.v dff_16bit.v dff.v mux2_1_16bit.v mux2_1.v mux4_1_16bit.v mux4_1.v mux8_1_16bit.v nand2.v nor2.v not1.v or3.v rf_bypass.v rf.v xor2_3bit.v xor2.v  ]
and2.v and3.v decoder3_8.v dff_16bit.v dff.v mux2_1_16bit.v mux2_1.v mux4_1_16bit.v mux4_1.v mux8_1_16bit.v nand2.v nor2.v not1.v or3.v rf_bypass.v rf.v xor2_3bit.v xor2.v
set my_toplevel rf_bypass
rf_bypass
define_design_lib WORK -path ./WORK
1
analyze -f verilog $my_verilog_files
Running PRESTO HDLC
Searching for ./and2.v
Searching for ./and3.v
Searching for ./decoder3_8.v
Searching for ./dff_16bit.v
Searching for ./dff.v
Searching for ./mux2_1_16bit.v
Searching for ./mux2_1.v
Searching for ./mux4_1_16bit.v
Searching for ./mux4_1.v
Searching for ./mux8_1_16bit.v
Searching for ./nand2.v
Searching for ./nor2.v
Searching for ./not1.v
Searching for ./or3.v
Searching for ./rf_bypass.v
Searching for ./rf.v
Searching for ./xor2_3bit.v
Searching for ./xor2.v
Compiling source file ./and2.v
Compiling source file ./and3.v
Compiling source file ./decoder3_8.v
Compiling source file ./dff_16bit.v
Compiling source file ./dff.v
Warning:  ./dff.v:15: delays for continuous assignment are ignored. (VER-173)
Compiling source file ./mux2_1_16bit.v
Compiling source file ./mux2_1.v
Compiling source file ./mux4_1_16bit.v
Compiling source file ./mux4_1.v
Compiling source file ./mux8_1_16bit.v
Compiling source file ./nand2.v
Compiling source file ./nor2.v
Compiling source file ./not1.v
Compiling source file ./or3.v
Compiling source file ./rf_bypass.v
Compiling source file ./rf.v
Compiling source file ./xor2_3bit.v
Compiling source file ./xor2.v
Presto compilation completed successfully.
Loading db file '/u/k/a/karu/courses/cs552/cad/Synopsys_Libraries/libs/gscl45nm.db'
1
elaborate $my_toplevel -architecture verilog
Loading db file '/s/synopsys-2009_03_09/@sys/B-2008.09-SP3/libraries/syn/gtech.db'
Loading db file '/s/synopsys-2009_03_09/@sys/B-2008.09-SP3/libraries/syn/standard.sldb'
  Loading link library 'gscl45nm'
  Loading link library 'gtech'
Running PRESTO HDLC
Presto compilation completed successfully.
Elaborated 1 design.
Current design is now 'rf_bypass'.
Information: Building the design 'rf'. (HDL-193)
Presto compilation completed successfully.
Information: Building the design 'mux2_1_16bit'. (HDL-193)
Presto compilation completed successfully.
Information: Building the design 'xor2_3bit'. (HDL-193)
Presto compilation completed successfully.
Information: Building the design 'or3'. (HDL-193)
Presto compilation completed successfully.
Information: Building the design 'not1'. (HDL-193)
Presto compilation completed successfully.
Information: Building the design 'and2'. (HDL-193)
Presto compilation completed successfully.
Information: Building the design 'decoder3_8'. (HDL-193)
Presto compilation completed successfully.
Information: Building the design 'dff_16bit'. (HDL-193)
Presto compilation completed successfully.
Information: Building the design 'mux8_1_16bit'. (HDL-193)
Presto compilation completed successfully.
Information: Building the design 'mux2_1'. (HDL-193)
Presto compilation completed successfully.
Information: Building the design 'xor2'. (HDL-193)
Presto compilation completed successfully.
Information: Building the design 'and3'. (HDL-193)
Presto compilation completed successfully.
Information: Building the design 'dff'. (HDL-193)

Inferred memory devices in process
	in routine dff line 17 in file
		'./dff.v'.
===============================================================================
|    Register Name    |   Type    | Width | Bus | MB | AR | AS | SR | SS | ST |
===============================================================================
|      state_reg      | Flip-flop |   1   |  N  | N  | N  | N  | N  | N  | N  |
===============================================================================
Presto compilation completed successfully.
Information: Building the design 'mux4_1_16bit'. (HDL-193)
Presto compilation completed successfully.
Information: Building the design 'nand2'. (HDL-193)
Presto compilation completed successfully.
Information: Building the design 'nor2'. (HDL-193)
Presto compilation completed successfully.
Information: Building the design 'mux4_1'. (HDL-193)
Presto compilation completed successfully.
1
echo "********** CS552 Reading files end ********************"
********** CS552 Reading files end ********************
current_design $my_toplevel
Current design is 'rf_bypass'.
{rf_bypass}
#/* The name of the clock pin. If no clock-pin     */
#/* exists, pick anything                          */
set my_clock_pin clk
clk
#/* Target frequency in MHz for optimization       */
set my_clk_freq_MHz 1000
1000
#/* Delay of input signals (Clock-to-Q, Package etc.)  */
set my_input_delay_ns 0.1
0.1
#/* Reserved time for output signals (Holdtime etc.)   */
set my_output_delay_ns 0.1
0.1
#/**************************************************/
#/* No modifications needed below                  */
#/**************************************************/
set verilogout_show_unconnected_pins "true"
true
# analyze -f verilog $my_verilog_files
# elaborate $my_toplevel -architecture verilog
# current_design $my_toplevel
report_hierarchy 
 
****************************************
Report : hierarchy
Design : rf_bypass
Version: B-2008.09-SP3
Date   : Fri Mar 11 12:16:35 2016
****************************************

Information: This design contains unmapped logic. (RPT-7)

rf_bypass
    and2
        GTECH_AND2                             gtech
    mux2_1_16bit
        mux2_1
            nand2
                GTECH_AND2                     gtech
                GTECH_NOT                      gtech
            nor2
                GTECH_NOT                      gtech
                GTECH_OR2                      gtech
            not1
                GTECH_NOT                      gtech
    not1
        ...
    or3
        GTECH_OR2                              gtech
    rf
        and2
            ...
        decoder3_8
            GTECH_NOT                          gtech
            and3
                GTECH_AND2                     gtech
        dff_16bit
            dff
                GTECH_BUF                      gtech
                GTECH_NOT                      gtech
            mux2_1_16bit
                ...
        mux8_1_16bit
            mux2_1_16bit
                ...
            mux4_1_16bit
                mux4_1
                    mux2_1
                        ...
    xor2_3bit
        xor2
            GTECH_XOR2                         gtech
1
link

  Linking design 'rf_bypass'
  Using the following designs and libraries:
  --------------------------------------------------------------------------
  gscl45nm (library)          /u/k/a/karu/courses/cs552/cad/Synopsys_Libraries/libs/gscl45nm.db

1
uniquify
Removing uniquified design 'mux2_1_16bit'.
Removing uniquified design 'xor2_3bit'.
Removing uniquified design 'or3'.
Removing uniquified design 'not1'.
Removing uniquified design 'and2'.
Removing uniquified design 'dff_16bit'.
Removing uniquified design 'mux8_1_16bit'.
Removing uniquified design 'mux2_1'.
Removing uniquified design 'xor2'.
Removing uniquified design 'and3'.
Removing uniquified design 'dff'.
Removing uniquified design 'mux4_1_16bit'.
Removing uniquified design 'nand2'.
Removing uniquified design 'nor2'.
Removing uniquified design 'mux4_1'.
  Uniquified 12 instances of design 'mux2_1_16bit'.
  Uniquified 2 instances of design 'xor2_3bit'.
  Uniquified 2 instances of design 'or3'.
  Uniquified 1538 instances of design 'not1'.
  Uniquified 10 instances of design 'and2'.
  Uniquified 8 instances of design 'dff_16bit'.
  Uniquified 2 instances of design 'mux8_1_16bit'.
  Uniquified 384 instances of design 'mux2_1'.
  Uniquified 6 instances of design 'xor2'.
  Uniquified 8 instances of design 'and3'.
  Uniquified 128 instances of design 'dff'.
  Uniquified 4 instances of design 'mux4_1_16bit'.
  Uniquified 768 instances of design 'nand2'.
  Uniquified 384 instances of design 'nor2'.
  Uniquified 64 instances of design 'mux4_1'.
1
set my_period [expr 1000 / $my_clk_freq_MHz]
1
set find_clock [ find port [list $my_clock_pin] ]
{clk}
if {  $find_clock != [list] } {
   set clk_name $my_clock_pin
   create_clock -period $my_period $clk_name
} else {
   set clk_name vclk
   create_clock -period $my_period -name $clk_name
} 
1
set_driving_cell  -lib_cell INVX1  [all_inputs]
Warning: Design rule attributes from the driving cell will be
	set on the port. (UID-401)
Warning: Design rule attributes from the driving cell will be
	set on the port. (UID-401)
Warning: Design rule attributes from the driving cell will be
	set on the port. (UID-401)
Warning: Design rule attributes from the driving cell will be
	set on the port. (UID-401)
Warning: Design rule attributes from the driving cell will be
	set on the port. (UID-401)
Warning: Design rule attributes from the driving cell will be
	set on the port. (UID-401)
Warning: Design rule attributes from the driving cell will be
	set on the port. (UID-401)
Warning: Design rule attributes from the driving cell will be
	set on the port. (UID-401)
Warning: Design rule attributes from the driving cell will be
	set on the port. (UID-401)
Warning: Design rule attributes from the driving cell will be
	set on the port. (UID-401)
Warning: Design rule attributes from the driving cell will be
	set on the port. (UID-401)
Warning: Design rule attributes from the driving cell will be
	set on the port. (UID-401)
Warning: Design rule attributes from the driving cell will be
	set on the port. (UID-401)
Warning: Design rule attributes from the driving cell will be
	set on the port. (UID-401)
Warning: Design rule attributes from the driving cell will be
	set on the port. (UID-401)
Warning: Design rule attributes from the driving cell will be
	set on the port. (UID-401)
Warning: Design rule attributes from the driving cell will be
	set on the port. (UID-401)
Warning: Design rule attributes from the driving cell will be
	set on the port. (UID-401)
Warning: Design rule attributes from the driving cell will be
	set on the port. (UID-401)
Warning: Design rule attributes from the driving cell will be
	set on the port. (UID-401)
Warning: Design rule attributes from the driving cell will be
	set on the port. (UID-401)
Warning: Design rule attributes from the driving cell will be
	set on the port. (UID-401)
Warning: Design rule attributes from the driving cell will be
	set on the port. (UID-401)
Warning: Design rule attributes from the driving cell will be
	set on the port. (UID-401)
Warning: Design rule attributes from the driving cell will be
	set on the port. (UID-401)
Warning: Design rule attributes from the driving cell will be
	set on the port. (UID-401)
Warning: Design rule attributes from the driving cell will be
	set on the port. (UID-401)
Warning: Design rule attributes from the driving cell will be
	set on the port. (UID-401)
1
set_input_delay $my_input_delay_ns -clock $clk_name [remove_from_collection [all_inputs] $my_clock_pin]
1
set_output_delay $my_output_delay_ns -clock $clk_name [all_outputs]
1
compile -map_effort low  -area_effort low
Warning: The compile -map_effort low is obsolete. Setting this variable now defaults to compile -map_effort medium. Please update your script accordingly. (OPT-1303)
Warning: Setting attribute 'fix_multiple_port_nets' on design 'rf_bypass'. (UIO-59)
Information: Evaluating DesignWare library utilization. (UISN-27)

============================================================================
| DesignWare Building Block Library       |      Version       | Available |
============================================================================
| Basic DW Building Blocks                | B-2008.09-DWBB_0901
                                                               |     *     |
| Licensed DW Building Blocks             |                    |           |
============================================================================


Information: There are 1 potential problems in your design. Please run 'check_design' for more information. (LINT-99)



  Beginning Pass 1 Mapping
  ------------------------
  Processing 'and2_8'
  Processing 'not1_1536'
  Processing 'or3_0'
  Processing 'xor2_0'
  Processing 'xor2_3bit_0'
  Processing 'nor2_352'
  Processing 'nand2_704'
  Processing 'mux2_1_352'
  Processing 'mux2_1_16bit_10'
  Processing 'mux4_1_0'
  Processing 'mux4_1_16bit_0'
  Processing 'mux8_1_16bit_0'
  Processing 'dff_0'
  Processing 'dff_16bit_0'
  Processing 'and3_0'
  Processing 'decoder3_8'
  Processing 'rf'
  Processing 'rf_bypass'

  Updating timing information
Information: Updating design information... (UID-85)

  Beginning Mapping Optimizations  (Medium effort)
  -------------------------------

  Beginning Delay Optimization Phase
  ----------------------------------

   ELAPSED            WORST NEG TOTAL NEG  DESIGN                            
    TIME      AREA      SLACK     SLACK   RULE COST         ENDPOINT         
  --------- --------- --------- --------- --------- -------------------------
    0:00:04    7782.9      0.00       0.0       3.3                          


  Beginning Design Rule Fixing  (max_capacitance)
  ----------------------------

   ELAPSED            WORST NEG TOTAL NEG  DESIGN                            
    TIME      AREA      SLACK     SLACK   RULE COST         ENDPOINT         
  --------- --------- --------- --------- --------- -------------------------
    0:00:04    7782.9      0.00       0.0       3.3                          
    0:00:05    8304.7      0.00       0.0       2.2 rf0/mux8_1_1/mux4_1_1/mux14/mod1/mod6/out
    0:00:05    8826.6      0.00       0.0       1.1 rf0/dff_16bit_3/mod16/mux5/mod6/out
    0:00:06    9716.4      0.00       0.0       0.1 rf0/dff_16bit_7/mod7/N3  
    0:00:06    9793.4      0.00       0.0       0.0                          


  Beginning Area-Recovery Phase  (cleanup)
  -----------------------------

   ELAPSED            WORST NEG TOTAL NEG  DESIGN                            
    TIME      AREA      SLACK     SLACK   RULE COST         ENDPOINT         
  --------- --------- --------- --------- --------- -------------------------
    0:00:06    9793.4      0.00       0.0       0.0                          
    0:00:06    9793.4      0.00       0.0       0.0                          
    0:00:06    9330.6      0.00       0.0       0.0                          
    0:00:06    9300.6      0.00       0.0       0.0                          
    0:00:06    9300.6      0.00       0.0       0.0                          
    0:00:06    9300.6      0.00       0.0       0.0                          
    0:00:06    9300.6      0.00       0.0       0.0                          
    0:00:06    9300.6      0.00       0.0       0.0                          
    0:00:07    8476.0      0.00       0.0       0.0                          
    0:00:07    8419.7      0.00       0.0       0.0                          
    0:00:07    8415.0      0.00       0.0       0.0                          
    0:00:07    8414.5      0.00       0.0       0.0                          
    0:00:07    8414.5      0.00       0.0       0.0                          
    0:00:07    8414.5      0.00       0.0       0.0                          
    0:00:07    8414.5      0.00       0.0       0.0                          
    0:00:07    8414.5      0.00       0.0       0.0                          
    0:00:07    8414.5      0.00       0.0       0.0                          
Loading db file '/u/k/a/karu/courses/cs552/cad/Synopsys_Libraries/libs/gscl45nm.db'

  Optimization Complete
  ---------------------
1
check_design -summary
Warning: In design 'rf_bypass', there is 1 net with no loads. (LINT-30)
Warning: In design 'rf_bypass', there is 1 output port connected directly to power or ground. (LINT-30)
Warning: In design 'rf', there is 1 output port connected directly to power or ground. (LINT-30)

Information: Use the 'check_design' command for 
	 more information about warnings. (LINT-98)

1
report_constraint -all_violators
Information: Updating design information... (UID-85)
 
****************************************
Report : constraint
        -all_violators
Design : rf_bypass
Version: B-2008.09-SP3
Date   : Fri Mar 11 12:16:46 2016
****************************************


   max_capacitance

                             Required        Actual
   Net                      Capacitance    Capacitance       Slack
   -----------------------------------------------------------------
   rf0/decoder_0/mod0/n2        0.00           0.00           0.00  (VIOLATED: increase signficant digits)
   rf0/decoder_0/mod1/n3        0.00           0.00           0.00  (VIOLATED: increase signficant digits)
   rf0/decoder_0/mod2/n3        0.00           0.00           0.00  (VIOLATED: increase signficant digits)
   rf0/decoder_0/mod3/n3        0.00           0.00           0.00  (VIOLATED: increase signficant digits)
   rf0/decoder_0/mod4/n3        0.00           0.00           0.00  (VIOLATED: increase signficant digits)
   rf0/decoder_0/mod5/n3        0.00           0.00           0.00  (VIOLATED: increase signficant digits)
   rf0/decoder_0/mod6/n3        0.00           0.00           0.00  (VIOLATED: increase signficant digits)
   rf0/decoder_0/mod7/n3        0.00           0.00           0.00  (VIOLATED: increase signficant digits)


1
set filename [format "%s%s"  $my_toplevel ".syn.v"]
rf_bypass.syn.v
write -hierarchy -f verilog $my_toplevel -output synth/$filename
Writing verilog file '/afs/cs.wisc.edu/u/x/u/xuyi/private/cs552/hw4/hw4_1/synth/rf_bypass.syn.v'.
Warning: Bus naming style currently specified as %s<%d>, verilog syntax requires bus naming style to be "[]".  (VO-13)
Warning: Verilog 'assign' or 'tran' statements are written out. (VO-4)
1
set filename [format "%s%s"  $my_toplevel ".ddc"]
rf_bypass.ddc
write -hierarchy -format ddc -output synth/$filename
Writing ddc file 'synth/rf_bypass.ddc'.
1
report_reference > synth/reference_report.txt
report_area > synth/area_report.txt
report_cell > synth/cell_report.txt
report_timing -max_paths 20 > synth/timing_report.txt
report_power > synth/power_report.txt
quit
Information: Defining new variable 'filename'. (CMD-041)
Information: Defining new variable 'my_clk_freq_MHz'. (CMD-041)
Information: Defining new variable 'my_toplevel'. (CMD-041)
Information: Defining new variable 'clk_name'. (CMD-041)
Information: Defining new variable 'find_clock'. (CMD-041)
Information: Defining new variable 'my_output_delay_ns'. (CMD-041)
Information: Defining new variable 'my_period'. (CMD-041)
Information: Defining new variable 'my_verilog_files'. (CMD-041)
Information: Defining new variable 'my_clock_pin'. (CMD-041)
Information: Defining new variable 'my_input_delay_ns'. (CMD-041)

Thank you...
