/u/k/a/karu/courses/cs552/spring2013/handouts/testprograms/public/rand_final/ldld_rand_large.asm SUCCESS CPI:4.4 CYCLES:4507 ICOUNT:1035 IHITRATE: 91.2 DHITRATE: 96.8
/u/k/a/karu/courses/cs552/spring2013/handouts/testprograms/public/rand_final/ldld_rand_small.asm SUCCESS CPI:4.4 CYCLES:4507 ICOUNT:1035 IHITRATE: 91.2 DHITRATE: 96.8
/u/k/a/karu/courses/cs552/spring2013/handouts/testprograms/public/rand_final/ldst_rand_large.asm SUCCESS CPI:3.2 CYCLES:4471 ICOUNT:1417 IHITRATE: 99.6 DHITRATE: 91.4
/u/k/a/karu/courses/cs552/spring2013/handouts/testprograms/public/rand_final/ldst_rand_small.asm SUCCESS CPI:3.0 CYCLES:4241 ICOUNT:1417 IHITRATE: 99.6 DHITRATE: 95.0
/u/k/a/karu/courses/cs552/spring2013/handouts/testprograms/public/rand_final/t_100_all.asm SUCCESS CPI:5.3 CYCLES:1773 ICOUNT:334 IHITRATE: 72.0 DHITRATE: 70.4
/u/k/a/karu/courses/cs552/spring2013/handouts/testprograms/public/rand_final/t_100_ctrl.asm SUCCESS CPI:5.3 CYCLES:3458 ICOUNT:647 IHITRATE: 71.6 DHITRATE: 78.0
/u/k/a/karu/courses/cs552/spring2013/handouts/testprograms/public/rand_final/t_100_icache.asm SUCCESS CPI:72.4 CYCLES:4127 ICOUNT:57 IHITRATE: 46.1 DHITRATE: 0
/u/k/a/karu/courses/cs552/spring2013/handouts/testprograms/public/rand_final/t_100_idcache.asm SUCCESS CPI:9.6 CYCLES:3858 ICOUNT:401 IHITRATE: 84.9 DHITRATE: 35.2
/u/k/a/karu/courses/cs552/spring2013/handouts/testprograms/public/rand_final/t_100_mem.asm SUCCESS CPI:5.9 CYCLES:8385 ICOUNT:1427 IHITRATE: 76.4 DHITRATE: 94.4
/u/k/a/karu/courses/cs552/spring2013/handouts/testprograms/public/rand_final/t_101_all.asm SUCCESS CPI:5.2 CYCLES:2343 ICOUNT:449 IHITRATE: 73.1 DHITRATE: 71.4
/u/k/a/karu/courses/cs552/spring2013/handouts/testprograms/public/rand_final/t_101_ctrl.asm SUCCESS CPI:5.0 CYCLES:4261 ICOUNT:850 IHITRATE: 72.7 DHITRATE: 81.7
/u/k/a/karu/courses/cs552/spring2013/handouts/testprograms/public/rand_final/t_101_icache.asm SUCCESS CPI:77.2 CYCLES:4090 ICOUNT:53 IHITRATE: 45.9 DHITRATE: 0
/u/k/a/karu/courses/cs552/spring2013/handouts/testprograms/public/rand_final/t_101_idcache.asm SUCCESS CPI:9.2 CYCLES:3808 ICOUNT:413 IHITRATE: 86.1 DHITRATE: 35.1
/u/k/a/karu/courses/cs552/spring2013/handouts/testprograms/public/rand_final/t_101_mem.asm SUCCESS CPI:5.9 CYCLES:8415 ICOUNT:1422 IHITRATE: 76.3 DHITRATE: 94.7
/u/k/a/karu/courses/cs552/spring2013/handouts/testprograms/public/rand_final/t_102_all.asm SUCCESS CPI:5.3 CYCLES:1942 ICOUNT:365 IHITRATE: 73.2 DHITRATE: 61.3
/u/k/a/karu/courses/cs552/spring2013/handouts/testprograms/public/rand_final/t_102_ctrl.asm SUCCESS CPI:5.0 CYCLES:4289 ICOUNT:856 IHITRATE: 72.7 DHITRATE: 74.0
/u/k/a/karu/courses/cs552/spring2013/handouts/testprograms/public/rand_final/t_102_icache.asm SUCCESS CPI:84.0 CYCLES:4115 ICOUNT:49 IHITRATE: 46.4 DHITRATE: 0
/u/k/a/karu/courses/cs552/spring2013/handouts/testprograms/public/rand_final/t_102_idcache.asm SUCCESS CPI:10.4 CYCLES:3500 ICOUNT:335 IHITRATE: 85.0 DHITRATE: 31.1
/u/k/a/karu/courses/cs552/spring2013/handouts/testprograms/public/rand_final/t_102_mem.asm SUCCESS CPI:5.6 CYCLES:8626 ICOUNT:1528 IHITRATE: 75.8 DHITRATE: 96.5
/u/k/a/karu/courses/cs552/spring2013/handouts/testprograms/public/rand_final/t_103_all.asm SUCCESS CPI:4.9 CYCLES:2205 ICOUNT:453 IHITRATE: 72.9 DHITRATE: 57.7
/u/k/a/karu/courses/cs552/spring2013/handouts/testprograms/public/rand_final/t_103_ctrl.asm SUCCESS CPI:5.1 CYCLES:4195 ICOUNT:815 IHITRATE: 73.0 DHITRATE: 76.5
/u/k/a/karu/courses/cs552/spring2013/handouts/testprograms/public/rand_final/t_103_icache.asm SUCCESS CPI:72.9 CYCLES:4081 ICOUNT:56 IHITRATE: 45.1 DHITRATE: 0
/u/k/a/karu/courses/cs552/spring2013/handouts/testprograms/public/rand_final/t_103_idcache.asm SUCCESS CPI:9.5 CYCLES:3566 ICOUNT:374 IHITRATE: 85.9 DHITRATE: 36.7
/u/k/a/karu/courses/cs552/spring2013/handouts/testprograms/public/rand_final/t_103_mem.asm SUCCESS CPI:5.8 CYCLES:8443 ICOUNT:1468 IHITRATE: 75.6 DHITRATE: 97.3
/u/k/a/karu/courses/cs552/spring2013/handouts/testprograms/public/rand_final/t_104_all.asm SUCCESS CPI:5.1 CYCLES:2307 ICOUNT:456 IHITRATE: 72.6 DHITRATE: 63.0
/u/k/a/karu/courses/cs552/spring2013/handouts/testprograms/public/rand_final/t_104_ctrl.asm SUCCESS CPI:5.2 CYCLES:3957 ICOUNT:766 IHITRATE: 72.5 DHITRATE: 72.1
/u/k/a/karu/courses/cs552/spring2013/handouts/testprograms/public/rand_final/t_104_icache.asm SUCCESS CPI:69.1 CYCLES:4075 ICOUNT:59 IHITRATE: 45.6 DHITRATE: 0
/u/k/a/karu/courses/cs552/spring2013/handouts/testprograms/public/rand_final/t_104_idcache.asm SUCCESS CPI:11.0 CYCLES:3435 ICOUNT:311 IHITRATE: 86.0 DHITRATE: 21.1
/u/k/a/karu/courses/cs552/spring2013/handouts/testprograms/public/rand_final/t_104_mem.asm SUCCESS CPI:5.7 CYCLES:8780 ICOUNT:1550 IHITRATE: 76.2 DHITRATE: 96.1
/u/k/a/karu/courses/cs552/spring2013/handouts/testprograms/public/rand_final/t_105_all.asm SUCCESS CPI:5.1 CYCLES:2313 ICOUNT:453 IHITRATE: 73.4 DHITRATE: 60.7
/u/k/a/karu/courses/cs552/spring2013/handouts/testprograms/public/rand_final/t_105_ctrl.asm SUCCESS CPI:5.2 CYCLES:4136 ICOUNT:798 IHITRATE: 72.8 DHITRATE: 72.4
/u/k/a/karu/courses/cs552/spring2013/handouts/testprograms/public/rand_final/t_105_icache.asm SUCCESS CPI:83.3 CYCLES:4084 ICOUNT:49 IHITRATE: 46.5 DHITRATE: 0
/u/k/a/karu/courses/cs552/spring2013/handouts/testprograms/public/rand_final/t_105_idcache.asm SUCCESS CPI:10.5 CYCLES:3525 ICOUNT:335 IHITRATE: 85.0 DHITRATE: 22.5
/u/k/a/karu/courses/cs552/spring2013/handouts/testprograms/public/rand_final/t_105_mem.asm SUCCESS CPI:5.8 CYCLES:8313 ICOUNT:1440 IHITRATE: 76.0 DHITRATE: 95.7
/u/k/a/karu/courses/cs552/spring2013/handouts/testprograms/public/rand_final/t_106_all.asm SUCCESS CPI:5.0 CYCLES:2383 ICOUNT:472 IHITRATE: 72.4 DHITRATE: 70.7
/u/k/a/karu/courses/cs552/spring2013/handouts/testprograms/public/rand_final/t_106_ctrl.asm SUCCESS CPI:5.0 CYCLES:4074 ICOUNT:812 IHITRATE: 73.5 DHITRATE: 73.2
/u/k/a/karu/courses/cs552/spring2013/handouts/testprograms/public/rand_final/t_106_icache.asm SUCCESS CPI:72.6 CYCLES:4069 ICOUNT:56 IHITRATE: 45.4 DHITRATE: 0
/u/k/a/karu/courses/cs552/spring2013/handouts/testprograms/public/rand_final/t_106_idcache.asm SUCCESS CPI:10.9 CYCLES:3565 ICOUNT:326 IHITRATE: 85.0 DHITRATE: 26.7
/u/k/a/karu/courses/cs552/spring2013/handouts/testprograms/public/rand_final/t_106_mem.asm SUCCESS CPI:5.9 CYCLES:8382 ICOUNT:1427 IHITRATE: 76.4 DHITRATE: 94.8
/u/k/a/karu/courses/cs552/spring2013/handouts/testprograms/public/rand_final/t_107_all.asm SUCCESS CPI:5.1 CYCLES:2170 ICOUNT:428 IHITRATE: 72.4 DHITRATE: 65.6
/u/k/a/karu/courses/cs552/spring2013/handouts/testprograms/public/rand_final/t_107_ctrl.asm SUCCESS CPI:5.1 CYCLES:4025 ICOUNT:792 IHITRATE: 72.6 DHITRATE: 76.9
/u/k/a/karu/courses/cs552/spring2013/handouts/testprograms/public/rand_final/t_107_icache.asm SUCCESS CPI:77.3 CYCLES:4019 ICOUNT:52 IHITRATE: 45.1 DHITRATE: 0
/u/k/a/karu/courses/cs552/spring2013/handouts/testprograms/public/rand_final/t_107_idcache.asm SUCCESS CPI:11.3 CYCLES:3670 ICOUNT:326 IHITRATE: 84.3 DHITRATE: 25.9
/u/k/a/karu/courses/cs552/spring2013/handouts/testprograms/public/rand_final/t_107_mem.asm SUCCESS CPI:5.8 CYCLES:8244 ICOUNT:1417 IHITRATE: 75.9 DHITRATE: 95.2
/u/k/a/karu/courses/cs552/spring2013/handouts/testprograms/public/rand_final/t_108_all.asm SUCCESS CPI:4.8 CYCLES:2241 ICOUNT:464 IHITRATE: 73.8 DHITRATE: 64.9
/u/k/a/karu/courses/cs552/spring2013/handouts/testprograms/public/rand_final/t_108_ctrl.asm SUCCESS CPI:5.0 CYCLES:4168 ICOUNT:836 IHITRATE: 72.5 DHITRATE: 78.9
/u/k/a/karu/courses/cs552/spring2013/handouts/testprograms/public/rand_final/t_108_icache.asm SUCCESS CPI:66.6 CYCLES:4062 ICOUNT:61 IHITRATE: 45.6 DHITRATE: 0
/u/k/a/karu/courses/cs552/spring2013/handouts/testprograms/public/rand_final/t_108_idcache.asm SUCCESS CPI:10.7 CYCLES:3643 ICOUNT:341 IHITRATE: 85.0 DHITRATE: 31.2
/u/k/a/karu/courses/cs552/spring2013/handouts/testprograms/public/rand_final/t_108_mem.asm SUCCESS CPI:5.6 CYCLES:8745 ICOUNT:1562 IHITRATE: 76.3 DHITRATE: 94.8
/u/k/a/karu/courses/cs552/spring2013/handouts/testprograms/public/rand_final/t_109_all.asm SUCCESS CPI:5.2 CYCLES:1759 ICOUNT:339 IHITRATE: 72.4 DHITRATE: 83.3
/u/k/a/karu/courses/cs552/spring2013/handouts/testprograms/public/rand_final/t_109_ctrl.asm SUCCESS CPI:5.0 CYCLES:4242 ICOUNT:840 IHITRATE: 72.3 DHITRATE: 86.4
/u/k/a/karu/courses/cs552/spring2013/handouts/testprograms/public/rand_final/t_109_icache.asm SUCCESS CPI:81.1 CYCLES:4055 ICOUNT:50 IHITRATE: 45.8 DHITRATE: 0
/u/k/a/karu/courses/cs552/spring2013/handouts/testprograms/public/rand_final/t_109_idcache.asm SUCCESS CPI:10.5 CYCLES:3654 ICOUNT:347 IHITRATE: 86.2 DHITRATE: 17.4
/u/k/a/karu/courses/cs552/spring2013/handouts/testprograms/public/rand_final/t_109_mem.asm SUCCESS CPI:5.9 CYCLES:8206 ICOUNT:1385 IHITRATE: 76.1 DHITRATE: 95.5
/u/k/a/karu/courses/cs552/spring2013/handouts/testprograms/public/rand_final/t_10_mem.asm SUCCESS CPI:5.6 CYCLES:8868 ICOUNT:1576 IHITRATE: 76.0 DHITRATE: 96.4
/u/k/a/karu/courses/cs552/spring2013/handouts/testprograms/public/rand_final/t_110_all.asm SUCCESS CPI:4.9 CYCLES:2230 ICOUNT:457 IHITRATE: 72.5 DHITRATE: 84.6
/u/k/a/karu/courses/cs552/spring2013/handouts/testprograms/public/rand_final/t_110_ctrl.asm SUCCESS CPI:4.9 CYCLES:4449 ICOUNT:915 IHITRATE: 73.3 DHITRATE: 80.0
/u/k/a/karu/courses/cs552/spring2013/handouts/testprograms/public/rand_final/t_110_icache.asm SUCCESS CPI:83.1 CYCLES:4071 ICOUNT:49 IHITRATE: 46.3 DHITRATE: 0
/u/k/a/karu/courses/cs552/spring2013/handouts/testprograms/public/rand_final/t_110_idcache.asm SUCCESS CPI:10.1 CYCLES:3918 ICOUNT:386 IHITRATE: 85.5 DHITRATE: 27.2
/u/k/a/karu/courses/cs552/spring2013/handouts/testprograms/public/rand_final/t_110_mem.asm SUCCESS CPI:5.7 CYCLES:8492 ICOUNT:1502 IHITRATE: 76.1 DHITRATE: 95.4
/u/k/a/karu/courses/cs552/spring2013/handouts/testprograms/public/rand_final/t_111_all.asm SUCCESS CPI:5.4 CYCLES:2150 ICOUNT:396 IHITRATE: 71.9 DHITRATE: 73.7
/u/k/a/karu/courses/cs552/spring2013/handouts/testprograms/public/rand_final/t_111_ctrl.asm SUCCESS CPI:5.0 CYCLES:4533 ICOUNT:912 IHITRATE: 72.6 DHITRATE: 74.1
/u/k/a/karu/courses/cs552/spring2013/handouts/testprograms/public/rand_final/t_111_icache.asm SUCCESS CPI:71.8 CYCLES:4095 ICOUNT:57 IHITRATE: 45.7 DHITRATE: 0
/u/k/a/karu/courses/cs552/spring2013/handouts/testprograms/public/rand_final/t_111_idcache.asm SUCCESS CPI:10.3 CYCLES:4035 ICOUNT:392 IHITRATE: 86.9 DHITRATE: 17.9
/u/k/a/karu/courses/cs552/spring2013/handouts/testprograms/public/rand_final/t_111_mem.asm SUCCESS CPI:5.9 CYCLES:8252 ICOUNT:1405 IHITRATE: 76.6 DHITRATE: 93.7
/u/k/a/karu/courses/cs552/spring2013/handouts/testprograms/public/rand_final/t_112_all.asm SUCCESS CPI:5.2 CYCLES:1966 ICOUNT:375 IHITRATE: 72.3 DHITRATE: 62.1
/u/k/a/karu/courses/cs552/spring2013/handouts/testprograms/public/rand_final/t_112_ctrl.asm SUCCESS CPI:5.1 CYCLES:3845 ICOUNT:750 IHITRATE: 72.5 DHITRATE: 69.8
/u/k/a/karu/courses/cs552/spring2013/handouts/testprograms/public/rand_final/t_112_icache.asm SUCCESS CPI:69.6 CYCLES:4107 ICOUNT:59 IHITRATE: 46.1 DHITRATE: 0
/u/k/a/karu/courses/cs552/spring2013/handouts/testprograms/public/rand_final/t_112_idcache.asm SUCCESS CPI:9.9 CYCLES:4029 ICOUNT:407 IHITRATE: 86.9 DHITRATE: 24.1
/u/k/a/karu/courses/cs552/spring2013/handouts/testprograms/public/rand_final/t_112_mem.asm SUCCESS CPI:5.9 CYCLES:7791 ICOUNT:1310 IHITRATE: 75.9 DHITRATE: 97.5
/u/k/a/karu/courses/cs552/spring2013/handouts/testprograms/public/rand_final/t_113_all.asm SUCCESS CPI:5.2 CYCLES:1788 ICOUNT:347 IHITRATE: 72.9 DHITRATE: 77.1
/u/k/a/karu/courses/cs552/spring2013/handouts/testprograms/public/rand_final/t_113_ctrl.asm SUCCESS CPI:5.3 CYCLES:4011 ICOUNT:762 IHITRATE: 73.2 DHITRATE: 73.0
/u/k/a/karu/courses/cs552/spring2013/handouts/testprograms/public/rand_final/t_113_icache.asm SUCCESS CPI:81.0 CYCLES:4052 ICOUNT:50 IHITRATE: 44.3 DHITRATE: 0
/u/k/a/karu/courses/cs552/spring2013/handouts/testprograms/public/rand_final/t_113_idcache.asm SUCCESS CPI:9.2 CYCLES:3729 ICOUNT:404 IHITRATE: 85.8 DHITRATE: 30.1
/u/k/a/karu/courses/cs552/spring2013/handouts/testprograms/public/rand_final/t_113_mem.asm SUCCESS CPI:5.7 CYCLES:8547 ICOUNT:1495 IHITRATE: 76.1 DHITRATE: 96.2
/u/k/a/karu/courses/cs552/spring2013/handouts/testprograms/public/rand_final/t_114_all.asm SUCCESS CPI:4.6 CYCLES:2769 ICOUNT:605 IHITRATE: 73.5 DHITRATE: 72.5
/u/k/a/karu/courses/cs552/spring2013/handouts/testprograms/public/rand_final/t_114_ctrl.asm SUCCESS CPI:4.9 CYCLES:4362 ICOUNT:887 IHITRATE: 72.7 DHITRATE: 88.5
/u/k/a/karu/courses/cs552/spring2013/handouts/testprograms/public/rand_final/t_114_icache.asm SUCCESS CPI:67.1 CYCLES:4091 ICOUNT:61 IHITRATE: 47.1 DHITRATE: 0
/u/k/a/karu/courses/cs552/spring2013/handouts/testprograms/public/rand_final/t_114_idcache.asm SUCCESS CPI:10.1 CYCLES:3592 ICOUNT:356 IHITRATE: 84.3 DHITRATE: 30.4
/u/k/a/karu/courses/cs552/spring2013/handouts/testprograms/public/rand_final/t_114_mem.asm SUCCESS CPI:5.7 CYCLES:8241 ICOUNT:1449 IHITRATE: 75.9 DHITRATE: 96.2
/u/k/a/karu/courses/cs552/spring2013/handouts/testprograms/public/rand_final/t_115_all.asm SUCCESS CPI:5.0 CYCLES:2258 ICOUNT:455 IHITRATE: 72.4 DHITRATE: 77.8
/u/k/a/karu/courses/cs552/spring2013/handouts/testprograms/public/rand_final/t_115_ctrl.asm SUCCESS CPI:5.0 CYCLES:4437 ICOUNT:881 IHITRATE: 73.5 DHITRATE: 74.7
/u/k/a/karu/courses/cs552/spring2013/handouts/testprograms/public/rand_final/t_115_icache.asm SUCCESS CPI:82.8 CYCLES:4056 ICOUNT:49 IHITRATE: 46.2 DHITRATE: 0
/u/k/a/karu/courses/cs552/spring2013/handouts/testprograms/public/rand_final/t_115_idcache.asm SUCCESS CPI:9.0 CYCLES:3857 ICOUNT:428 IHITRATE: 86.7 DHITRATE: 37.2
/u/k/a/karu/courses/cs552/spring2013/handouts/testprograms/public/rand_final/t_115_mem.asm SUCCESS CPI:5.8 CYCLES:8193 ICOUNT:1413 IHITRATE: 75.8 DHITRATE: 97.4
/u/k/a/karu/courses/cs552/spring2013/handouts/testprograms/public/rand_final/t_116_all.asm SUCCESS CPI:4.7 CYCLES:2751 ICOUNT:587 IHITRATE: 74.0 DHITRATE: 75.0
/u/k/a/karu/courses/cs552/spring2013/handouts/testprograms/public/rand_final/t_116_ctrl.asm SUCCESS CPI:4.6 CYCLES:5120 ICOUNT:1102 IHITRATE: 73.4 DHITRATE: 81.4
/u/k/a/karu/courses/cs552/spring2013/handouts/testprograms/public/rand_final/t_116_icache.asm SUCCESS CPI:88.0 CYCLES:4139 ICOUNT:47 IHITRATE: 44.9 DHITRATE: 0
/u/k/a/karu/courses/cs552/spring2013/handouts/testprograms/public/rand_final/t_116_idcache.asm SUCCESS CPI:10.6 CYCLES:3695 ICOUNT:350 IHITRATE: 84.3 DHITRATE: 32.0
/u/k/a/karu/courses/cs552/spring2013/handouts/testprograms/public/rand_final/t_116_mem.asm SUCCESS CPI:5.8 CYCLES:8668 ICOUNT:1492 IHITRATE: 76.7 DHITRATE: 93.9
/u/k/a/karu/courses/cs552/spring2013/handouts/testprograms/public/rand_final/t_117_all.asm SUCCESS CPI:5.0 CYCLES:2391 ICOUNT:475 IHITRATE: 74.4 DHITRATE: 63.8
/u/k/a/karu/courses/cs552/spring2013/handouts/testprograms/public/rand_final/t_117_ctrl.asm SUCCESS CPI:5.1 CYCLES:4539 ICOUNT:898 IHITRATE: 73.6 DHITRATE: 69.6
/u/k/a/karu/courses/cs552/spring2013/handouts/testprograms/public/rand_final/t_117_icache.asm SUCCESS CPI:72.1 CYCLES:4111 ICOUNT:57 IHITRATE: 47.0 DHITRATE: 0
/u/k/a/karu/courses/cs552/spring2013/handouts/testprograms/public/rand_final/t_117_idcache.asm SUCCESS CPI:9.5 CYCLES:3951 ICOUNT:416 IHITRATE: 84.2 DHITRATE: 33.9
/u/k/a/karu/courses/cs552/spring2013/handouts/testprograms/public/rand_final/t_117_mem.asm SUCCESS CPI:5.7 CYCLES:8883 ICOUNT:1571 IHITRATE: 75.9 DHITRATE: 95.8
/u/k/a/karu/courses/cs552/spring2013/handouts/testprograms/public/rand_final/t_118_all.asm SUCCESS CPI:4.9 CYCLES:2610 ICOUNT:531 IHITRATE: 73.3 DHITRATE: 70.2
/u/k/a/karu/courses/cs552/spring2013/handouts/testprograms/public/rand_final/t_118_ctrl.asm SUCCESS CPI:5.1 CYCLES:4024 ICOUNT:793 IHITRATE: 73.2 DHITRATE: 70.5
/u/k/a/karu/courses/cs552/spring2013/handouts/testprograms/public/rand_final/t_118_icache.asm SUCCESS CPI:74.7 CYCLES:4111 ICOUNT:55 IHITRATE: 46.3 DHITRATE: 0
/u/k/a/karu/courses/cs552/spring2013/handouts/testprograms/public/rand_final/t_118_idcache.asm SUCCESS CPI:10.6 CYCLES:3425 ICOUNT:323 IHITRATE: 85.4 DHITRATE: 22.5
/u/k/a/karu/courses/cs552/spring2013/handouts/testprograms/public/rand_final/t_118_mem.asm SUCCESS CPI:5.9 CYCLES:8064 ICOUNT:1359 IHITRATE: 76.0 DHITRATE: 96.8
/u/k/a/karu/courses/cs552/spring2013/handouts/testprograms/public/rand_final/t_119_all.asm SUCCESS CPI:5.0 CYCLES:2149 ICOUNT:427 IHITRATE: 73.0 DHITRATE: 69.4
/u/k/a/karu/courses/cs552/spring2013/handouts/testprograms/public/rand_final/t_119_ctrl.asm SUCCESS CPI:5.1 CYCLES:3876 ICOUNT:760 IHITRATE: 72.8 DHITRATE: 72.5
/u/k/a/karu/courses/cs552/spring2013/handouts/testprograms/public/rand_final/t_119_icache.asm SUCCESS CPI:66.1 CYCLES:4096 ICOUNT:62 IHITRATE: 46.1 DHITRATE: 0
/u/k/a/karu/courses/cs552/spring2013/handouts/testprograms/public/rand_final/t_119_idcache.asm SUCCESS CPI:10.0 CYCLES:3665 ICOUNT:368 IHITRATE: 86.4 DHITRATE: 23.1
/u/k/a/karu/courses/cs552/spring2013/handouts/testprograms/public/rand_final/t_119_mem.asm SUCCESS CPI:5.6 CYCLES:8841 ICOUNT:1567 IHITRATE: 76.6 DHITRATE: 93.9
/u/k/a/karu/courses/cs552/spring2013/handouts/testprograms/public/rand_final/t_11_mem.asm SUCCESS CPI:5.7 CYCLES:8989 ICOUNT:1571 IHITRATE: 76.5 DHITRATE: 93.2
/u/k/a/karu/courses/cs552/spring2013/handouts/testprograms/public/rand_final/t_120_all.asm SUCCESS CPI:5.3 CYCLES:2111 ICOUNT:395 IHITRATE: 71.2 DHITRATE: 80.8
/u/k/a/karu/courses/cs552/spring2013/handouts/testprograms/public/rand_final/t_120_ctrl.asm SUCCESS CPI:4.9 CYCLES:4428 ICOUNT:903 IHITRATE: 72.8 DHITRATE: 77.5
/u/k/a/karu/courses/cs552/spring2013/handouts/testprograms/public/rand_final/t_120_icache.asm SUCCESS CPI:72.3 CYCLES:4051 ICOUNT:56 IHITRATE: 45.5 DHITRATE: 0
/u/k/a/karu/courses/cs552/spring2013/handouts/testprograms/public/rand_final/t_120_idcache.asm SUCCESS CPI:10.0 CYCLES:3689 ICOUNT:368 IHITRATE: 84.8 DHITRATE: 32.7
/u/k/a/karu/courses/cs552/spring2013/handouts/testprograms/public/rand_final/t_120_mem.asm SUCCESS CPI:5.8 CYCLES:8486 ICOUNT:1474 IHITRATE: 75.9 DHITRATE: 96.4
/u/k/a/karu/courses/cs552/spring2013/handouts/testprograms/public/rand_final/t_121_all.asm SUCCESS CPI:5.4 CYCLES:1774 ICOUNT:327 IHITRATE: 72.5 DHITRATE: 65.2
/u/k/a/karu/courses/cs552/spring2013/handouts/testprograms/public/rand_final/t_122_all.asm SUCCESS CPI:5.2 CYCLES:1744 ICOUNT:335 IHITRATE: 72.5 DHITRATE: 69.2
/u/k/a/karu/courses/cs552/spring2013/handouts/testprograms/public/rand_final/t_123_all.asm SUCCESS CPI:4.9 CYCLES:2537 ICOUNT:515 IHITRATE: 73.2 DHITRATE: 63.2
/u/k/a/karu/courses/cs552/spring2013/handouts/testprograms/public/rand_final/t_124_all.asm SUCCESS CPI:4.9 CYCLES:1803 ICOUNT:371 IHITRATE: 73.8 DHITRATE: 65.4
/u/k/a/karu/courses/cs552/spring2013/handouts/testprograms/public/rand_final/t_125_all.asm SUCCESS CPI:5.2 CYCLES:2662 ICOUNT:514 IHITRATE: 74.2 DHITRATE: 55.2
/u/k/a/karu/courses/cs552/spring2013/handouts/testprograms/public/rand_final/t_126_all.asm SUCCESS CPI:4.8 CYCLES:3017 ICOUNT:623 IHITRATE: 74.9 DHITRATE: 55.8
/u/k/a/karu/courses/cs552/spring2013/handouts/testprograms/public/rand_final/t_127_all.asm SUCCESS CPI:4.8 CYCLES:2271 ICOUNT:473 IHITRATE: 73.1 DHITRATE: 72.7
/u/k/a/karu/courses/cs552/spring2013/handouts/testprograms/public/rand_final/t_128_all.asm SUCCESS CPI:5.3 CYCLES:2316 ICOUNT:440 IHITRATE: 71.8 DHITRATE: 64.5
/u/k/a/karu/courses/cs552/spring2013/handouts/testprograms/public/rand_final/t_129_all.asm SUCCESS CPI:5.0 CYCLES:2269 ICOUNT:450 IHITRATE: 73.7 DHITRATE: 70.8
/u/k/a/karu/courses/cs552/spring2013/handouts/testprograms/public/rand_final/t_12_mem.asm SUCCESS CPI:5.9 CYCLES:8396 ICOUNT:1426 IHITRATE: 75.9 DHITRATE: 96.5
/u/k/a/karu/courses/cs552/spring2013/handouts/testprograms/public/rand_final/t_130_all.asm SUCCESS CPI:4.6 CYCLES:3094 ICOUNT:667 IHITRATE: 75.0 DHITRATE: 70.9
/u/k/a/karu/courses/cs552/spring2013/handouts/testprograms/public/rand_final/t_131_all.asm SUCCESS CPI:4.7 CYCLES:2673 ICOUNT:570 IHITRATE: 73.6 DHITRATE: 83.3
/u/k/a/karu/courses/cs552/spring2013/handouts/testprograms/public/rand_final/t_132_all.asm SUCCESS CPI:4.8 CYCLES:2370 ICOUNT:489 IHITRATE: 73.7 DHITRATE: 63.9
/u/k/a/karu/courses/cs552/spring2013/handouts/testprograms/public/rand_final/t_133_all.asm SUCCESS CPI:4.8 CYCLES:2238 ICOUNT:462 IHITRATE: 74.7 DHITRATE: 64.1
/u/k/a/karu/courses/cs552/spring2013/handouts/testprograms/public/rand_final/t_134_all.asm SUCCESS CPI:4.8 CYCLES:2378 ICOUNT:495 IHITRATE: 75.1 DHITRATE: 68.2
/u/k/a/karu/courses/cs552/spring2013/handouts/testprograms/public/rand_final/t_135_all.asm SUCCESS CPI:4.7 CYCLES:2949 ICOUNT:625 IHITRATE: 74.8 DHITRATE: 65.4
/u/k/a/karu/courses/cs552/spring2013/handouts/testprograms/public/rand_final/t_136_all.asm SUCCESS CPI:5.0 CYCLES:2170 ICOUNT:433 IHITRATE: 73.1 DHITRATE: 69.2
/u/k/a/karu/courses/cs552/spring2013/handouts/testprograms/public/rand_final/t_137_all.asm SUCCESS CPI:4.8 CYCLES:2640 ICOUNT:555 IHITRATE: 74.4 DHITRATE: 65.8
/u/k/a/karu/courses/cs552/spring2013/handouts/testprograms/public/rand_final/t_138_all.asm SUCCESS CPI:4.8 CYCLES:3051 ICOUNT:637 IHITRATE: 74.1 DHITRATE: 73.7
/u/k/a/karu/courses/cs552/spring2013/handouts/testprograms/public/rand_final/t_139_all.asm SUCCESS CPI:5.3 CYCLES:2012 ICOUNT:379 IHITRATE: 72.0 DHITRATE: 52.2
/u/k/a/karu/courses/cs552/spring2013/handouts/testprograms/public/rand_final/t_13_mem.asm SUCCESS CPI:5.7 CYCLES:8354 ICOUNT:1455 IHITRATE: 75.9 DHITRATE: 95.8
/u/k/a/karu/courses/cs552/spring2013/handouts/testprograms/public/rand_final/t_140_all.asm SUCCESS CPI:4.8 CYCLES:2027 ICOUNT:418 IHITRATE: 73.5 DHITRATE: 64.5
/u/k/a/karu/courses/cs552/spring2013/handouts/testprograms/public/rand_final/t_141_all.asm SUCCESS CPI:4.6 CYCLES:2342 ICOUNT:511 IHITRATE: 73.7 DHITRATE: 84.4
/u/k/a/karu/courses/cs552/spring2013/handouts/testprograms/public/rand_final/t_142_all.asm SUCCESS CPI:5.0 CYCLES:2001 ICOUNT:404 IHITRATE: 73.6 DHITRATE: 73.3
/u/k/a/karu/courses/cs552/spring2013/handouts/testprograms/public/rand_final/t_143_all.asm SUCCESS CPI:4.6 CYCLES:2424 ICOUNT:526 IHITRATE: 74.2 DHITRATE: 70.6
/u/k/a/karu/courses/cs552/spring2013/handouts/testprograms/public/rand_final/t_144_all.asm SUCCESS CPI:5.1 CYCLES:2273 ICOUNT:442 IHITRATE: 72.4 DHITRATE: 60.0
/u/k/a/karu/courses/cs552/spring2013/handouts/testprograms/public/rand_final/t_145_all.asm SUCCESS CPI:4.8 CYCLES:2211 ICOUNT:456 IHITRATE: 73.7 DHITRATE: 63.9
/u/k/a/karu/courses/cs552/spring2013/handouts/testprograms/public/rand_final/t_146_all.asm SUCCESS CPI:4.8 CYCLES:3006 ICOUNT:630 IHITRATE: 74.3 DHITRATE: 73.7
/u/k/a/karu/courses/cs552/spring2013/handouts/testprograms/public/rand_final/t_147_all.asm SUCCESS CPI:4.8 CYCLES:2189 ICOUNT:458 IHITRATE: 73.2 DHITRATE: 73.3
/u/k/a/karu/courses/cs552/spring2013/handouts/testprograms/public/rand_final/t_148_all.asm SUCCESS CPI:4.9 CYCLES:2322 ICOUNT:471 IHITRATE: 73.9 DHITRATE: 70.7
/u/k/a/karu/courses/cs552/spring2013/handouts/testprograms/public/rand_final/t_149_all.asm SUCCESS CPI:4.8 CYCLES:2216 ICOUNT:465 IHITRATE: 73.9 DHITRATE: 67.9
/u/k/a/karu/courses/cs552/spring2013/handouts/testprograms/public/rand_final/t_14_mem.asm SUCCESS CPI:6.0 CYCLES:8247 ICOUNT:1385 IHITRATE: 76.4 DHITRATE: 94.2
/u/k/a/karu/courses/cs552/spring2013/handouts/testprograms/public/rand_final/t_150_all.asm SUCCESS CPI:4.9 CYCLES:2590 ICOUNT:524 IHITRATE: 72.9 DHITRATE: 75.0
/u/k/a/karu/courses/cs552/spring2013/handouts/testprograms/public/rand_final/t_15_mem.asm SUCCESS CPI:5.8 CYCLES:8448 ICOUNT:1459 IHITRATE: 75.7 DHITRATE: 97.0
/u/k/a/karu/courses/cs552/spring2013/handouts/testprograms/public/rand_final/t_16_mem.asm SUCCESS CPI:5.8 CYCLES:8469 ICOUNT:1466 IHITRATE: 75.9 DHITRATE: 96.9
/u/k/a/karu/courses/cs552/spring2013/handouts/testprograms/public/rand_final/t_17_mem.asm SUCCESS CPI:5.7 CYCLES:8607 ICOUNT:1514 IHITRATE: 76.1 DHITRATE: 95.7
/u/k/a/karu/courses/cs552/spring2013/handouts/testprograms/public/rand_final/t_18_mem.asm SUCCESS CPI:5.8 CYCLES:8219 ICOUNT:1423 IHITRATE: 76.1 DHITRATE: 95.1
/u/k/a/karu/courses/cs552/spring2013/handouts/testprograms/public/rand_final/t_19_mem.asm SUCCESS CPI:5.8 CYCLES:8146 ICOUNT:1400 IHITRATE: 75.8 DHITRATE: 96.0
