SIMLOG:: Cycle           4 PC:     zzzz I:     zzzz R: 0   0     0000 M: 0 0     0000     0000
SIMLOG:: Cycle           5 PC:     zzzz I:     zzzz R: 0   0     0000 M: 0 0     0000     0000
SIMLOG:: Cycle           6 PC:     zzzz I:     zzzz R: 0   0     0000 M: 0 0     xxxx     0000
SIMLOG:: Cycle           7 PC:     zzzz I:     zzzz R: 0   x     xxxx M: 0 0     xxxx     0000
SIMLOG:: Cycle           8 PC:     zzzz I:     zzzz R: 0   x     xxxx M: 0 0     0000     0000
SIMLOG:: Cycle           9 PC:     zzzz I:     zzzz R: 0   0     0000 M: 0 0     xxxx     0000
SIMLOG:: Cycle          10 PC:     zzzz I:     zzzz R: 0   x     xxxx M: 0 0     xxxx     0000
SIMLOG:: Cycle          11 PC:     zzzz I:     zzzz R: 1   0     0003 M: 0 0     xxxx     0000
SIMLOG:: Cycle          12 PC:     zzzz I:     zzzz R: 0   x     xxxx M: 0 0     xxxx     0000
SIMLOG:: Cycle          13 PC:     zzzz I:     zzzz R: 0   x     xxxx M: 0 0     xxxx     0003
SIMLOG:: Cycle          14 PC:     zzzz I:     zzzz R: 0   x     xxxx M: 0 0     xxxx     0003
SIMLOG:: Cycle          15 PC:     zzzz I:     zzzz R: 0   x     xxxx M: 0 0     xxxx     0003
SIMLOG:: Cycle          16 PC:     zzzz I:     zzzz R: 0   x     xxxx M: 0 0     0004     0003
SIMLOG:: Cycle          17 PC:     zzzz I:     zzzz R: 1   0     0004 M: 0 0     xxxx     0003
SIMLOG:: Cycle          18 PC:     zzzz I:     zzzz R: 1   1     0006 M: 0 0     xxxx     0003
SIMLOG:: Cycle          19 PC:     zzzz I:     zzzz R: 0   x     xxxx M: 0 0     xxxx     0004
SIMLOG:: Cycle          20 PC:     zzzz I:     zzzz R: 0   x     xxxx M: 0 0     xxxx     0004
SIMLOG:: Cycle          21 PC:     zzzz I:     zzzz R: 0   x     xxxx M: 0 0     xxxx     0004
SIMLOG:: Cycle          22 PC:     zzzz I:     zzzz R: 0   x     xxxx M: 0 0     0007     0006
SIMLOG:: Cycle          23 PC:     zzzz I:     zzzz R: 1   1     0007 M: 0 0     xxxx     0004
SIMLOG:: Cycle          24 PC:     zzzz I:     zzzz R: 1   2     0005 M: 0 0     xxxx     0004
SIMLOG:: Cycle          25 PC:     zzzz I:     zzzz R: 0   x     xxxx M: 0 0     xxxx     0004
SIMLOG:: Cycle          26 PC:     zzzz I:     zzzz R: 0   x     xxxx M: 0 0     xxxx     0004
SIMLOG:: Cycle          27 PC:     zzzz I:     zzzz R: 0   x     xxxx M: 0 0     0006     0005
SIMLOG:: Cycle          28 PC:     zzzz I:     zzzz R: 1   2     0006 M: 0 0     xxxx     0004
SIMLOG:: Cycle          29 PC:     zzzz I:     zzzz R: 1   3     0007 M: 0 0     xxxx     0004
SIMLOG:: Cycle          30 PC:     zzzz I:     zzzz R: 0   x     xxxx M: 0 0     xxxx     0004
SIMLOG:: Cycle          31 PC:     zzzz I:     zzzz R: 0   x     xxxx M: 0 0     0008     0007
SIMLOG:: Cycle          32 PC:     zzzz I:     zzzz R: 1   3     0008 M: 0 0     xxxx     0004
SIMLOG:: Cycle          33 PC:     zzzz I:     zzzz R: 1   4     0009 M: 0 0     xxxx     0004
SIMLOG:: Cycle          34 PC:     zzzz I:     zzzz R: 0   x     xxxx M: 0 0     000a     0000
SIMLOG:: Cycle          35 PC:     zzzz I:     zzzz R: 1   4     000a M: 0 0     xxxx     0004
SIMLOG:: Cycle          36 PC:     zzzz I:     zzzz R: 1   5     000b M: 0 0     000c     0000
SIMLOG:: Cycle          37 PC:     zzzz I:     zzzz R: 1   5     000c M: 0 0     000b     0007
SIMLOG:: Cycle          38 PC:     zzzz I:     zzzz R: 1   0     000b M: 0 0     000e     0006
SIMLOG:: Cycle          39 PC:     zzzz I:     zzzz R: 1   2     000e M: 0 0     0016     000c
SIMLOG:: Cycle          40 PC:     zzzz I:     zzzz R: 1   4     0016 M: 0 0     0019     000e
SIMLOG:: Cycle          41 PC:     zzzz I:     zzzz R: 1   0     0019 M: 0 0     002f     0016
SIMLOG:: Cycle          42 PC:     zzzz I:     zzzz R: 1   7     002f M: 0 0     xxxx     000b
SIMLOG:: Cycle          43 PC:     zzzz I:     zzzz R: 1   6     0001 M: 0 0     xxxx     0019
SIMLOG:: Cycle          44 PC:     zzzz I:     zzzz R: 1   0     0003 M: 0 0     xxxx     0019
SIMLOG:: Cycle          45 PC:     zzzz I:     zzzz R: 0   x     xxxx M: 0 0     xxxx     0019
SIMLOG:: Cycle          46 PC:     zzzz I:     zzzz R: 0   x     xxxx M: 0 0     xxxx     0003
SIMLOG:: Cycle          47 PC:     zzzz I:     zzzz R: 0   x     xxxx M: 0 0     xxxx     0003
SIMLOG:: Cycle          48 PC:     zzzz I:     zzzz R: 0   x     xxxx M: 0 0     xxxx     0003
SIMLOG:: Cycle          49 PC:     zzzz I:     zzzz R: 0   x     xxxx M: 0 0     0004     0003
SIMLOG:: Cycle          50 PC:     zzzz I:     zzzz R: 1   0     0004 M: 0 0     xxxx     0003
SIMLOG:: Cycle          51 PC:     zzzz I:     zzzz R: 1   1     0006 M: 0 0     xxxx     0003
SIMLOG:: Cycle          52 PC:     zzzz I:     zzzz R: 0   x     xxxx M: 0 0     xxxx     0004
SIMLOG:: Cycle          53 PC:     zzzz I:     zzzz R: 0   x     xxxx M: 0 0     xxxx     0004
SIMLOG:: Cycle          54 PC:     zzzz I:     zzzz R: 0   x     xxxx M: 0 0     xxxx     0004
SIMLOG:: Cycle          55 PC:     zzzz I:     zzzz R: 0   x     xxxx M: 0 0     0007     0006
SIMLOG:: Cycle          56 PC:     zzzz I:     zzzz R: 1   1     0007 M: 0 0     xxxx     0004
SIMLOG:: Cycle          57 PC:     zzzz I:     zzzz R: 1   2     0005 M: 0 0     xxxx     0004
SIMLOG:: Cycle          58 PC:     zzzz I:     zzzz R: 0   x     xxxx M: 0 0     xxxx     0004
SIMLOG:: Cycle          59 PC:     zzzz I:     zzzz R: 0   x     xxxx M: 0 0     xxxx     0004
SIMLOG:: Cycle          60 PC:     zzzz I:     zzzz R: 0   x     xxxx M: 0 0     0006     0005
SIMLOG:: Cycle          61 PC:     zzzz I:     zzzz R: 1   2     0006 M: 0 0     xxxx     0004
SIMLOG:: Cycle          62 PC:     zzzz I:     zzzz R: 1   3     0007 M: 0 0     xxxx     0004
SIMLOG:: Cycle          63 PC:     zzzz I:     zzzz R: 0   x     xxxx M: 0 0     xxxx     0004
SIMLOG:: Cycle          64 PC:     zzzz I:     zzzz R: 0   x     xxxx M: 0 0     0008     0007
SIMLOG:: Cycle          65 PC:     zzzz I:     zzzz R: 1   3     0008 M: 0 0     xxxx     0004
SIMLOG:: Cycle          66 PC:     zzzz I:     zzzz R: 1   4     0009 M: 0 0     xxxx     0004
SIMLOG:: Cycle          67 PC:     zzzz I:     zzzz R: 0   x     xxxx M: 0 0     000a     0009
SIMLOG:: Cycle          68 PC:     zzzz I:     zzzz R: 1   4     000a M: 0 0     xxxx     0004
SIMLOG:: Cycle          69 PC:     zzzz I:     zzzz R: 1   5     000b M: 0 0     000c     000b
SIMLOG:: Cycle          70 PC:     zzzz I:     zzzz R: 1   5     000c M: 0 0     000b     0004
SIMLOG:: Cycle          71 PC:     zzzz I:     zzzz R: 1   0     000b M: 0 0     000e     0008
SIMLOG:: Cycle          72 PC:     zzzz I:     zzzz R: 1   2     000e M: 0 0     0016     000a
SIMLOG:: Cycle          73 PC:     zzzz I:     zzzz R: 1   4     0016 M: 0 0     0019     000b
SIMLOG:: Cycle          74 PC:     zzzz I:     zzzz R: 1   0     0019 M: 0 0     002f     0019
SIMLOG:: Cycle          75 PC:     zzzz I:     zzzz R: 1   6     002f M: 0 0     005e     002f
SIMLOG:: Cycle          76 PC:     zzzz I:     zzzz R: 1   7     005e M: 0 0     xxxx     0019
SIMLOG:: Cycle          77 PC:     zzzz I:     zzzz R: 1   0     000c M: 0 0     xxxx     0019
SIMLOG:: Cycle          78 PC:     zzzz I:     zzzz R: 0   x     xxxx M: 0 0     xxxx     0019
SIMLOG:: Cycle          79 PC:     zzzz I:     zzzz R: 0   x     xxxx M: 0 0     xxxx     000c
SIMLOG:: Cycle          80 PC:     zzzz I:     zzzz R: 0   x     xxxx M: 0 0     xxxx     000c
SIMLOG:: Cycle          81 PC:     zzzz I:     zzzz R: 0   x     xxxx M: 0 1     000c     005e
SIMLOG:: Cycle          82 PC:     zzzz I:     zzzz R: 0   x     xxxx M: 0 0     xxxx     000c
SIMLOG:: Cycle          83 PC:     zzzz I:     zzzz R: 1   0     0010 M: 0 0     xxxx     000c
SIMLOG:: Cycle          84 PC:     zzzz I:     zzzz R: 0   x     xxxx M: 0 0     xxxx     000c
SIMLOG:: Cycle          85 PC:     zzzz I:     zzzz R: 0   x     xxxx M: 0 0     xxxx     0010
SIMLOG:: Cycle          86 PC:     zzzz I:     zzzz R: 0   x     xxxx M: 0 1     0010     005e
SIMLOG:: Cycle          87 PC:     zzzz I:     zzzz R: 0   x     xxxx M: 0 0     xxxx     0010
SIMLOG:: Cycle          88 PC:     zzzz I:     zzzz R: 1   0     0014 M: 0 0     xxxx     0010
SIMLOG:: Cycle          89 PC:     zzzz I:     zzzz R: 0   x     xxxx M: 0 0     xxxx     0010
SIMLOG:: Cycle          90 PC:     zzzz I:     zzzz R: 0   x     xxxx M: 0 1     0014     005e
SIMLOG:: Cycle          91 PC:     zzzz I:     zzzz R: 0   x     xxxx M: 0 0     xxxx     0014
SIMLOG:: Cycle          92 PC:     zzzz I:     zzzz R: 1   0     0018 M: 0 0     xxxx     0014
SIMLOG:: Cycle          93 PC:     zzzz I:     zzzz R: 0   x     xxxx M: 0 1     0018     005e
SIMLOG:: Cycle          94 PC:     zzzz I:     zzzz R: 0   x     xxxx M: 0 0     xxxx     0018
SIMLOG:: Cycle          95 PC:     zzzz I:     zzzz R: 1   0     001a M: 0 1     001c     002f
SIMLOG:: Cycle          96 PC:     zzzz I:     zzzz R: 1   0     001c M: 0 0     xxxx     0018
SIMLOG:: Cycle          97 PC:     zzzz I:     zzzz R: 0   x     xxxx M: 0 0     xxxx     001a
SIMLOG:: Cycle          98 PC:     zzzz I:     zzzz R: 0   x     xxxx M: 0 0     xxxx     001c
SIMLOG:: Cycle          99 PC:     zzzz I:     zzzz R: 0   x     xxxx M: 0 0     xxxx     001c
SIMLOG:: Cycle         100 PC:     zzzz I:     zzzz R: 0   x     xxxx M: 0 1     001e     002f
SIMLOG:: Cycle         101 PC:     zzzz I:     zzzz R: 1   0     001e M: 0 0     xxxx     001c
SIMLOG:: Cycle         102 PC:     zzzz I:     zzzz R: 0   x     xxxx M: 0 0     xxxx     001c
SIMLOG:: Cycle         103 PC:     zzzz I:     zzzz R: 0   x     xxxx M: 0 0     xxxx     001e
SIMLOG:: Cycle         104 PC:     zzzz I:     zzzz R: 0   x     xxxx M: 0 1     0020     002f
SIMLOG:: Cycle         105 PC:     zzzz I:     zzzz R: 1   0     0020 M: 0 0     xxxx     001e
SIMLOG:: Cycle         106 PC:     zzzz I:     zzzz R: 0   x     xxxx M: 0 0     xxxx     001e
SIMLOG:: Cycle         107 PC:     zzzz I:     zzzz R: 0   x     xxxx M: 0 1     0022     002f
SIMLOG:: Cycle         108 PC:     zzzz I:     zzzz R: 1   0     0022 M: 0 0     xxxx     0020
SIMLOG:: Cycle         109 PC:     zzzz I:     zzzz R: 0   x     xxxx M: 0 1     0024     002f
SIMLOG:: Cycle         110 PC:     zzzz I:     zzzz R: 1   0     0024 M: 0 1     0026     005e
SIMLOG:: Cycle         111 PC:     zzzz I:     zzzz R: 1   0     0026 M: 0 0     xxxx     0022
SIMLOG:: Cycle         112 PC:     zzzz I:     zzzz R: 1   0     000c M: 0 0     xxxx     0024
SIMLOG:: Cycle         113 PC:     zzzz I:     zzzz R: 0   x     xxxx M: 0 0     xxxx     0026
SIMLOG:: Cycle         114 PC:     zzzz I:     zzzz R: 0   x     xxxx M: 0 0     xxxx     000c
SIMLOG:: Cycle         115 PC:     zzzz I:     zzzz R: 0   x     xxxx M: 1 0     000c     0007
SIMLOG:: Cycle         116 PC:     zzzz I:     zzzz R: 1   1     005e M: 0 0     xxxx     000c
SIMLOG:: Cycle         117 PC:     zzzz I:     zzzz R: 0   x     xxxx M: 0 0     xxxx     000c
SIMLOG:: Cycle         118 PC:     zzzz I:     zzzz R: 0   x     xxxx M: 0 0     xxxx     000c
SIMLOG:: Cycle         119 PC:     zzzz I:     zzzz R: 0   x     xxxx M: 0 0     005e     002f
SIMLOG:: Cycle         120 PC:     zzzz I:     zzzz R: 1   6     005e M: 0 0     xxxx     000c
SIMLOG:: Cycle         121 PC:     zzzz I:     zzzz R: 1   1     000c M: 0 0     xxxx     000c
SIMLOG:: Cycle         122 PC:     zzzz I:     zzzz R: 0   x     xxxx M: 0 0     xxxx     000c
SIMLOG:: Cycle         123 PC:     zzzz I:     zzzz R: 0   x     xxxx M: 1 0     000c     000e
SIMLOG:: Cycle         124 PC:     zzzz I:     zzzz R: 1   2     005e M: 0 0     xxxx     000c
SIMLOG:: Cycle         125 PC:     zzzz I:     zzzz R: 0   x     xxxx M: 0 0     xxxx     000c
SIMLOG:: Cycle         126 PC:     zzzz I:     zzzz R: 0   x     xxxx M: 0 0     00bc     005e
SIMLOG:: Cycle         127 PC:     zzzz I:     zzzz R: 1   6     00bc M: 0 0     xxxx     000c
SIMLOG:: Cycle         128 PC:     zzzz I:     zzzz R: 1   2     000c M: 0 0     xxxx     000c
SIMLOG:: Cycle         129 PC:     zzzz I:     zzzz R: 0   x     xxxx M: 1 0     000c     0008
SIMLOG:: Cycle         130 PC:     zzzz I:     zzzz R: 1   3     005e M: 0 0     xxxx     000c
SIMLOG:: Cycle         131 PC:     zzzz I:     zzzz R: 0   x     xxxx M: 0 0     011a     005e
SIMLOG:: Cycle         132 PC:     zzzz I:     zzzz R: 1   6     011a M: 0 0     xxxx     000c
SIMLOG:: Cycle         133 PC:     zzzz I:     zzzz R: 1   3     000c M: 1 0     000c     0016
SIMLOG:: Cycle         134 PC:     zzzz I:     zzzz R: 1   4     005e M: 0 0     xxxx     xxxx
SIMLOG:: Cycle         135 PC:     zzzz I:     zzzz R: 0   0     0000 M: 0 0     0178     005e
SIMLOG:: Cycle         136 PC:     zzzz I:     zzzz R: 1   6     0178 M: 0 1     000a     0178
SIMLOG:: Cycle         137 PC:     zzzz I:     zzzz R: 0   X     xxxx M: 0 0     xxxx     000c
SIMLOG:: Cycle         138 PC:     zzzz I:     zzzz R: 1   3     0000 M: 0 0     0000     000c
SIMLOG:: Cycle         139 PC:     zzzz I:     zzzz R: 0   x     xxxx M: 0 0     c000     000c
SIMLOG:: Cycle         140 PC:     zzzz I:     zzzz R: 0   0     0000 M: 0 0     xxxx     000c
SIMLOG:: Cycle         141 PC:     zzzz I:     zzzz R: 0   x     xxxx M: 1 0     000c     0000
SIMLOG:: Cycle         142 PC:     zzzz I:     zzzz R: 1   3     005e M: 0 0     xxxx     000c
SIMLOG:: Cycle         143 PC:     zzzz I:     zzzz R: 0   0     0000 M: 0 0     005e     000c
SIMLOG:: Cycle         144 PC:     zzzz I:     zzzz R: 0   x     xxxx M: 0 0     c000     000c
SIMLOG:: Cycle         145 PC:     zzzz I:     zzzz R: 0   0     0000 M: 0 0     xxxx     000c
SIMLOG:: Cycle         146 PC:     zzzz I:     zzzz R: 0   x     xxxx M: 0 0     xxxx     000c
SIMLOG:: Cycle         147 PC:     zzzz I:     zzzz R: 1   0     0001 M: 0 0     0150     000c
SIMLOG:: Cycle         148 PC:     zzzz I:     zzzz R: 1   0     0150 M: 0 0     xxxx     000c
SIMLOG:: Cycle         149 PC:     zzzz I:     zzzz R: 1   7     0148 M: 0 0     02a0     0001
SIMLOG:: Cycle         150 PC:     zzzz I:     zzzz R: 0   0     0000 M: 0 0     xxxx     0150
SIMLOG:: Cycle         151 PC:     zzzz I:     zzzz R: 0   x     xxxx M: 0 1     000a     0148
SIMLOG:: Cycle         152 PC:     zzzz I:     zzzz R: 0   X     xxxx M: 0 0     xxxx     0150
SIMLOG:: Processor halted

SIMLOG:: sim_cycles         152

SIMLOG:: inst_count          74

SIMLOG:: dcachehit_count           0

SIMLOG:: icachehit_count           0

SIMLOG:: dcachereq_count           0

SIMLOG:: icachereq_count           0

