
WISCalculator v1.0
Author Derek Hower (drh5@cs.wisc.edu)
Type "help" for more information

Loading program...
Executing...
lbi r0, 0
INUM:        0 PC: 0x0000 REG: 0 VALUE: 0x0000
slbi r0, 28
INUM:        1 PC: 0x0002 REG: 0 VALUE: 0x001c
lbi r1, 5
INUM:        2 PC: 0x0004 REG: 1 VALUE: 0x0005
st r1, r0, 2
INUM:        3 PC: 0x0006 ADDR: 0x001e VALUE: 0x0005
addi r0, r0, 2
INUM:        4 PC: 0x0008 REG: 0 VALUE: 0x001e
ld r2, r0, 0
INUM:        5 PC: 0x000a REG: 2 VALUE: 0x0005 ADDR: 0x001e
halt
program halted
INUM:        6 PC: 0x000c
Program Finished
