INST:    1100 0000 0000 0000 lbi r0, U.Here  
ARCH:    INUM:        0 PC: 0x0000 REG: 0 VALUE: 0x0000
VERILOG: INUM:        0 PC: 0x0000 REG: 0 VALUE: 0x0000
INST:    1001 0000 0001 1100 slbi r0, L.Here  
ARCH:    INUM:        1 PC: 0x0002 REG: 0 VALUE: 0x001c
VERILOG: INUM:        1 PC: 0x0002 REG: 0 VALUE: 0x001c
INST:    1100 0001 0000 0101 lbi r1, 5  
ARCH:    INUM:        2 PC: 0x0004 REG: 1 VALUE: 0x0005
VERILOG: INUM:        2 PC: 0x0004 REG: 1 VALUE: 0x0005
INST:    1000 0000 0010 0010 st r1, r0, 2  
ARCH:    INUM:        3 PC: 0x0006 ADDR: 0x001e VALUE: 0x0005
VERILOG: INUM:        3 PC: 0x0006 ADDR: 0x001e VALUE: 0x0005
INST:    0100 0000 0000 0010 addi r0, r0, 2  
ARCH:    INUM:        4 PC: 0x0008 REG: 0 VALUE: 0x001e
VERILOG: INUM:        4 PC: 0x0008 REG: 0 VALUE: 0x001e
INST:    1000 1000 0100 0000 ld r2, r0, 0  
ARCH:    INUM:        5 PC: 0x000a REG: 2 VALUE: 0x0005 ADDR: 0x001e
VERILOG: INUM:        5 PC: 0x000a REG: 2 VALUE: 0x0005 ADDR: 0x001e
INST:    0000 0000 0000 0000 halt  
ARCH:    INUM:        6 PC: 0x000c
VERILOG: INUM:        6 PC: 0x000c
